2020-10-24 07:22:20 info: SIA SERVER IS RUNNING!!!, on   port :8080
2020-10-24 07:22:20 info: Created optimizedImages directory
2020-10-24 07:22:20 info: Created optimizedImages directory
2020-10-24 07:22:20 info: Created originalImages directory
2020-10-24 08:00:00 info: Starting DB back Up
2020-10-24 08:00:04 info: SIA SERVER IS RUNNING!!!, on   port :8080
2020-10-24 08:00:04 info: Created optimizedImages directory
2020-10-24 08:00:04 info: Created originalImages directory
2020-10-24 08:00:04 info: Created optimizedImages directory
2020-10-24 08:01:00 info: Starting dumps upload to cloud 
2020-10-24 08:01:00 info: Done zipping:
2020-10-24 15:53:21 info: SIA SERVER IS RUNNING!!!, on   port :8080
2020-10-24 15:53:21 info: Created optimizedImages directory
2020-10-24 15:53:21 info: Created optimizedImages directory
2020-10-24 15:53:21 info: Created originalImages directory
2020-10-24 15:54:13 info: SIA SERVER IS RUNNING!!!, on   port :8080
2020-10-24 15:54:13 info: Created originalImages directory
2020-10-24 15:54:13 info: Created optimizedImages directory
2020-10-24 15:54:13 info: Created optimizedImages directory
2020-10-24 15:55:39 info: SIA SERVER IS RUNNING!!!, on   port :8080
2020-10-24 15:55:39 info: Created optimizedImages directory
2020-10-24 15:55:39 info: Created optimizedImages directory
2020-10-24 15:55:39 info: Created originalImages directory
2020-10-24 15:56:41 info: SIA SERVER IS RUNNING!!!, on   port :8080
2020-10-24 15:56:41 info: Created optimizedImages directory
2020-10-24 15:56:41 info: Created originalImages directory
2020-10-24 15:56:41 info: Created optimizedImages directory
2020-10-24 15:57:02 info: SIA SERVER IS RUNNING!!!, on   port :8080
2020-10-24 15:57:03 info: Created optimizedImages directory
2020-10-24 15:57:03 info: Created originalImages directory
2020-10-24 15:57:03 info: Created optimizedImages directory
2020-10-24 15:57:13 info: SIA SERVER IS RUNNING!!!, on   port :8080
2020-10-24 15:57:13 info: Created optimizedImages directory
2020-10-24 15:57:13 info: Created optimizedImages directory
2020-10-24 15:57:13 info: Created originalImages directory
2020-10-24 16:00:00 info: Starting DB back Up
2020-10-24 16:00:03 info: SIA SERVER IS RUNNING!!!, on   port :8080
2020-10-24 16:00:03 info: Created optimizedImages directory
2020-10-24 16:00:03 info: Created optimizedImages directory
2020-10-24 16:00:03 info: Created originalImages directory
2020-10-24 16:01:00 info: Starting dumps upload to cloud 
2020-10-24 16:01:00 info: Done zipping:
2020-10-24 16:20:43 info: SIA SERVER IS RUNNING!!!, on   port :8080
2020-10-24 16:20:43 info: Created optimizedImages directory
2020-10-24 16:20:43 info: Created optimizedImages directory
2020-10-24 16:20:43 info: Created originalImages directory
2020-10-24 16:20:54 info: SIA SERVER IS RUNNING!!!, on   port :8080
2020-10-24 16:20:54 info: Created optimizedImages directory
2020-10-24 16:20:54 info: Created optimizedImages directory
2020-10-24 16:20:54 info: Created originalImages directory
2020-10-24 16:22:48 info: SIA SERVER IS RUNNING!!!, on   port :8080
2020-10-24 16:22:48 info: Created optimizedImages directory
2020-10-24 16:22:48 info: Created optimizedImages directory
2020-10-24 16:22:48 info: Created originalImages directory
2020-10-24 16:23:19 info: SIA SERVER IS RUNNING!!!, on   port :8080
2020-10-24 16:23:19 info: Created optimizedImages directory
2020-10-24 16:23:19 info: Created originalImages directory
2020-10-24 16:23:19 info: Created optimizedImages directory
2020-10-24 16:23:23 info: SIA SERVER IS RUNNING!!!, on   port :8080
2020-10-24 16:23:23 info: Created optimizedImages directory
2020-10-24 16:23:23 info: Created optimizedImages directory
2020-10-24 16:23:23 info: Created originalImages directory
2020-10-24 16:24:24 info: SIA SERVER IS RUNNING!!!, on   port :8080
2020-10-24 16:24:24 info: Created optimizedImages directory
2020-10-24 16:24:24 info: Created optimizedImages directory
2020-10-24 16:24:24 info: Created originalImages directory
2020-10-24 16:40:07 info: SIA SERVER IS RUNNING!!!, on   port :8080
2020-10-24 16:40:07 info: Created optimizedImages directory
2020-10-24 16:40:07 info: Created optimizedImages directory
2020-10-24 16:40:07 info: Created originalImages directory
2020-10-24 16:44:52 info: SIA SERVER IS RUNNING!!!, on   port :8080
2020-10-24 16:44:52 info: Created optimizedImages directory
2020-10-24 16:44:52 info: Created originalImages directory
2020-10-24 16:44:52 info: Created optimizedImages directory
2020-10-24 16:48:33 info: SIA SERVER IS RUNNING!!!, on   port :8080
2020-10-24 16:48:33 info: Created optimizedImages directory
2020-10-24 16:48:33 info: Created originalImages directory
2020-10-24 16:48:33 info: Created optimizedImages directory
2020-10-24 17:00:00 info: Starting DB back Up
2020-10-24 17:00:03 info: SIA SERVER IS RUNNING!!!, on   port :8080
2020-10-24 17:00:03 info: Created optimizedImages directory
2020-10-24 17:00:03 info: Created originalImages directory
2020-10-24 17:00:03 info: Created optimizedImages directory
2020-10-24 17:00:37 info: SIA SERVER IS RUNNING!!!, on   port :8080
2020-10-24 17:00:37 info: Created optimizedImages directory
2020-10-24 17:00:37 info: Created optimizedImages directory
2020-10-24 17:00:37 info: Created originalImages directory
2020-10-24 17:00:58 info: SIA SERVER IS RUNNING!!!, on   port :8080
2020-10-24 17:00:58 info: Created optimizedImages directory
2020-10-24 17:00:58 info: Created optimizedImages directory
2020-10-24 17:00:58 info: Created originalImages directory
2020-10-24 17:01:00 info: Starting dumps upload to cloud 
2020-10-24 17:01:00 info: Done zipping:
2020-10-24 17:05:17 info: SIA SERVER IS RUNNING!!!, on   port :8080
2020-10-24 17:05:17 info: Created optimizedImages directory
2020-10-24 17:05:17 info: Created optimizedImages directory
2020-10-24 17:05:17 info: Created originalImages directory
