2020-09-19 13:27:43 info: Created optimizedImages directory
2020-09-19 13:27:43 info: Created optimizedImages directory
2020-09-19 13:27:43 info: Created originalImages directory
2020-09-19 13:31:44 info: Created optimizedImages directory
2020-09-19 13:31:44 info: Created originalImages directory
2020-09-19 13:31:44 info: Created optimizedImages directory
2020-09-19 14:02:00 info: Starting DB back Up
2020-09-19 14:02:01 info: 
To be optimized: 1 
To be uploaded 0 
To be moved: 0
2020-09-19 14:02:02 info: Image optimization finished: 1 optimized
2020-09-19 14:02:04 info: Moving  finished: 1 files moved to optimized
2020-09-19 14:02:06 info: Upload to cloud finished: 1 files uploaded
2020-09-19 14:02:06 info: 
To be optimized: 0 
To be uploaded 0 
To be moved: 0
2020-09-19 14:02:30 info: Starting dumps upload to cloud 
2020-09-19 14:02:30 info: Done zipping:
2020-09-19 14:03:01 info: 
To be optimized: 0 
To be uploaded 0 
To be moved: 0
2020-09-19 14:04:01 info: 
To be optimized: 0 
To be uploaded 0 
To be moved: 0
2020-09-19 14:05:01 info: 
To be optimized: 0 
To be uploaded 0 
To be moved: 0
2020-09-19 14:06:01 info: 
To be optimized: 0 
To be uploaded 0 
To be moved: 0
2020-09-19 14:07:01 info: 
To be optimized: 0 
To be uploaded 0 
To be moved: 0
2020-09-19 14:08:01 info: 
To be optimized: 0 
To be uploaded 0 
To be moved: 0
2020-09-19 14:09:01 info: 
To be optimized: 0 
To be uploaded 0 
To be moved: 0
2020-09-19 14:10:01 info: 
To be optimized: 0 
To be uploaded 0 
To be moved: 0
2020-09-19 14:11:01 info: 
To be optimized: 0 
To be uploaded 0 
To be moved: 0
2020-09-19 14:12:01 info: 
To be optimized: 0 
To be uploaded 0 
To be moved: 0
2020-09-19 14:13:01 info: 
To be optimized: 0 
To be uploaded 0 
To be moved: 0
2020-09-19 14:14:01 info: 
To be optimized: 0 
To be uploaded 0 
To be moved: 0
2020-09-19 14:15:01 info: 
To be optimized: 0 
To be uploaded 0 
To be moved: 0
2020-09-19 14:16:01 info: 
To be optimized: 0 
To be uploaded 0 
To be moved: 0
2020-09-19 14:17:01 info: 
To be optimized: 0 
To be uploaded 0 
To be moved: 0
2020-09-19 14:18:01 info: 
To be optimized: 0 
To be uploaded 0 
To be moved: 0
2020-09-19 14:19:01 info: 
To be optimized: 0 
To be uploaded 0 
To be moved: 0
2020-09-19 14:20:01 info: 
To be optimized: 0 
To be uploaded 0 
To be moved: 0
2020-09-19 14:21:01 info: 
To be optimized: 0 
To be uploaded 0 
To be moved: 0
2020-09-19 14:22:01 info: 
To be optimized: 0 
To be uploaded 0 
To be moved: 0
2020-09-19 14:23:01 info: 
To be optimized: 0 
To be uploaded 0 
To be moved: 0
2020-09-19 14:24:01 info: 
To be optimized: 0 
To be uploaded 0 
To be moved: 0
2020-09-19 14:25:01 info: 
To be optimized: 0 
To be uploaded 0 
To be moved: 0
2020-09-19 14:26:01 info: 
To be optimized: 0 
To be uploaded 0 
To be moved: 0
2020-09-19 14:27:01 info: 
To be optimized: 0 
To be uploaded 0 
To be moved: 0
2020-09-19 14:28:01 info: 
To be optimized: 0 
To be uploaded 0 
To be moved: 0
2020-09-19 14:29:01 info: 
To be optimized: 0 
To be uploaded 0 
To be moved: 0
2020-09-19 14:30:01 info: 
To be optimized: 0 
To be uploaded 0 
To be moved: 0
2020-09-19 14:31:01 info: 
To be optimized: 0 
To be uploaded 0 
To be moved: 0
2020-09-19 14:32:01 info: 
To be optimized: 0 
To be uploaded 0 
To be moved: 0
2020-09-19 14:33:01 info: 
To be optimized: 0 
To be uploaded 0 
To be moved: 0
2020-09-19 14:34:01 info: 
To be optimized: 0 
To be uploaded 0 
To be moved: 0
2020-09-19 14:35:01 info: 
To be optimized: 0 
To be uploaded 0 
To be moved: 0
2020-09-19 14:36:01 info: 
To be optimized: 0 
To be uploaded 0 
To be moved: 0
2020-09-19 14:37:01 info: 
To be optimized: 0 
To be uploaded 0 
To be moved: 0
2020-09-19 14:38:01 info: 
To be optimized: 0 
To be uploaded 0 
To be moved: 0
2020-09-19 14:39:01 info: 
To be optimized: 0 
To be uploaded 0 
To be moved: 0
2020-09-19 14:40:01 info: 
To be optimized: 0 
To be uploaded 0 
To be moved: 0
2020-09-19 14:41:01 info: 
To be optimized: 0 
To be uploaded 0 
To be moved: 0
2020-09-19 14:42:01 info: 
To be optimized: 0 
To be uploaded 0 
To be moved: 0
2020-09-19 14:43:01 info: 
To be optimized: 0 
To be uploaded 0 
To be moved: 0
2020-09-19 14:44:01 info: 
To be optimized: 0 
To be uploaded 0 
To be moved: 0
2020-09-19 14:45:01 info: 
To be optimized: 0 
To be uploaded 0 
To be moved: 0
2020-09-19 14:46:01 info: 
To be optimized: 0 
To be uploaded 0 
To be moved: 0
2020-09-19 14:47:01 info: 
To be optimized: 0 
To be uploaded 0 
To be moved: 0
2020-09-19 14:48:01 info: 
To be optimized: 0 
To be uploaded 0 
To be moved: 0
2020-09-19 14:49:01 info: 
To be optimized: 0 
To be uploaded 0 
To be moved: 0
2020-09-19 14:50:01 info: 
To be optimized: 0 
To be uploaded 0 
To be moved: 0
2020-09-19 14:51:01 info: 
To be optimized: 0 
To be uploaded 0 
To be moved: 0
2020-09-19 14:52:01 info: 
To be optimized: 0 
To be uploaded 0 
To be moved: 0
2020-09-19 14:53:01 info: 
To be optimized: 0 
To be uploaded 0 
To be moved: 0
2020-09-19 14:54:01 info: 
To be optimized: 0 
To be uploaded 0 
To be moved: 0
2020-09-19 14:55:01 info: 
To be optimized: 0 
To be uploaded 0 
To be moved: 0
2020-09-19 14:56:01 info: 
To be optimized: 0 
To be uploaded 0 
To be moved: 0
2020-09-19 14:57:01 info: 
To be optimized: 0 
To be uploaded 0 
To be moved: 0
2020-09-19 14:58:01 info: 
To be optimized: 0 
To be uploaded 0 
To be moved: 0
2020-09-19 14:59:01 info: 
To be optimized: 0 
To be uploaded 0 
To be moved: 0
