2020-11-06 08:14:47 info: SIA SERVER IS RUNNING!!!, on   port :8080
2020-11-06 08:14:47 info: Created optimizedImages directory
2020-11-06 08:14:47 info: Created optimizedImages directory
2020-11-06 08:14:47 info: Created originalImages directory
2020-11-06 08:15:01 info: Starting DB back Up
2020-11-06 08:15:04 info: SIA SERVER IS RUNNING!!!, on   port :8080
2020-11-06 08:15:04 info: Created optimizedImages directory
2020-11-06 08:15:04 info: Created originalImages directory
2020-11-06 08:15:04 info: Created optimizedImages directory
2020-11-06 08:15:10 info: Image jobs started!!!
2020-11-06 08:15:10 info: 
To be optimized: 0 
To be uploaded 0 
To be moved: 0
2020-11-06 08:15:17 info: SIA SERVER IS RUNNING!!!, on   port :8080
2020-11-06 08:15:17 info: Created optimizedImages directory
2020-11-06 08:15:17 info: Created optimizedImages directory
2020-11-06 08:15:17 info: Created originalImages directory
2020-11-06 08:15:39 info: SIA SERVER IS RUNNING!!!, on   port :8080
2020-11-06 08:15:39 info: Created optimizedImages directory
2020-11-06 08:15:39 info: Created originalImages directory
2020-11-06 08:15:39 info: Created optimizedImages directory
2020-11-06 08:16:01 info: Starting DB back Up
2020-11-06 08:16:04 info: SIA SERVER IS RUNNING!!!, on   port :8080
2020-11-06 08:16:04 info: Created optimizedImages directory
2020-11-06 08:16:04 info: Created originalImages directory
2020-11-06 08:16:04 info: Created optimizedImages directory
2020-11-06 08:16:10 info: Image jobs started!!!
2020-11-06 08:16:10 info: 
To be optimized: 0 
To be uploaded 0 
To be moved: 0
2020-11-06 08:16:23 info: SIA SERVER IS RUNNING!!!, on   port :8080
2020-11-06 08:16:23 info: Created optimizedImages directory
2020-11-06 08:16:23 info: Created optimizedImages directory
2020-11-06 08:16:23 info: Created originalImages directory
2020-11-06 08:29:33 info: SIA SERVER IS RUNNING!!!, on   port :8080
2020-11-06 08:29:33 info: Created optimizedImages directory
2020-11-06 08:29:33 info: Created originalImages directory
2020-11-06 08:29:33 info: Created optimizedImages directory
2020-11-06 08:30:01 info: Starting DB back Up
2020-11-06 08:30:01 info: command:
2020-11-06 08:30:05 info: SIA SERVER IS RUNNING!!!, on   port :8080
2020-11-06 08:30:05 info: Created optimizedImages directory
2020-11-06 08:30:05 info: Created originalImages directory
2020-11-06 08:30:05 info: Created optimizedImages directory
2020-11-06 08:30:10 info: Image jobs started!!!
2020-11-06 08:30:10 info: 
To be optimized: 0 
To be uploaded 0 
To be moved: 0
2020-11-06 08:30:54 info: SIA SERVER IS RUNNING!!!, on   port :8080
2020-11-06 08:30:54 info: Created optimizedImages directory
2020-11-06 08:30:54 info: Created originalImages directory
2020-11-06 08:30:54 info: Created optimizedImages directory
2020-11-06 08:31:01 info: Starting DB back Up
2020-11-06 08:31:01 info: command:
2020-11-06 08:31:04 info: SIA SERVER IS RUNNING!!!, on   port :8080
2020-11-06 08:31:04 info: Created optimizedImages directory
2020-11-06 08:31:04 info: Created originalImages directory
2020-11-06 08:31:04 info: Created optimizedImages directory
2020-11-06 08:31:10 info: Image jobs started!!!
2020-11-06 08:31:10 info: 
To be optimized: 0 
To be uploaded 0 
To be moved: 0
2020-11-06 08:32:01 info: Starting DB back Up
2020-11-06 08:32:01 info: command:
2020-11-06 08:32:05 info: SIA SERVER IS RUNNING!!!, on   port :8080
2020-11-06 08:32:05 info: Created optimizedImages directory
2020-11-06 08:32:05 info: Created optimizedImages directory
2020-11-06 08:32:05 info: Created originalImages directory
2020-11-06 08:32:10 info: Image jobs started!!!
2020-11-06 08:32:10 info: 
To be optimized: 0 
To be uploaded 0 
To be moved: 0
2020-11-06 08:32:41 info: SIA SERVER IS RUNNING!!!, on   port :8080
2020-11-06 08:32:41 info: Created optimizedImages directory
2020-11-06 08:32:41 info: Created optimizedImages directory
2020-11-06 08:32:41 info: Created originalImages directory
2020-11-06 08:33:01 info: Starting DB back Up
2020-11-06 08:33:01 info: command:
2020-11-06 08:33:05 info: SIA SERVER IS RUNNING!!!, on   port :8080
2020-11-06 08:33:05 info: Created optimizedImages directory
2020-11-06 08:33:05 info: Created originalImages directory
2020-11-06 08:33:05 info: Created optimizedImages directory
2020-11-06 08:33:10 info: Image jobs started!!!
2020-11-06 08:33:10 info: 
To be optimized: 0 
To be uploaded 0 
To be moved: 0
2020-11-06 08:33:19 info: SIA SERVER IS RUNNING!!!, on   port :8080
2020-11-06 08:33:19 info: Created optimizedImages directory
2020-11-06 08:33:19 info: Created optimizedImages directory
2020-11-06 08:33:19 info: Created originalImages directory
2020-11-06 08:34:01 info: Starting DB back Up
2020-11-06 08:34:01 info: command:
2020-11-06 08:34:05 info: SIA SERVER IS RUNNING!!!, on   port :8080
2020-11-06 08:34:05 info: Created optimizedImages directory
2020-11-06 08:34:05 info: Created originalImages directory
2020-11-06 08:34:05 info: Created optimizedImages directory
2020-11-06 08:34:10 info: Image jobs started!!!
2020-11-06 08:34:10 info: 
To be optimized: 0 
To be uploaded 0 
To be moved: 0
2020-11-06 08:34:35 info: SIA SERVER IS RUNNING!!!, on   port :8080
2020-11-06 08:34:35 info: Created optimizedImages directory
2020-11-06 08:34:35 info: Created originalImages directory
2020-11-06 08:34:35 info: Created optimizedImages directory
2020-11-06 08:35:01 info: Starting DB back Up
2020-11-06 08:35:01 info: command:
2020-11-06 08:35:05 info: SIA SERVER IS RUNNING!!!, on   port :8080
2020-11-06 08:35:05 info: Created optimizedImages directory
2020-11-06 08:35:05 info: Created optimizedImages directory
2020-11-06 08:35:05 info: Created originalImages directory
2020-11-06 08:35:10 info: Image jobs started!!!
2020-11-06 08:35:10 info: 
To be optimized: 0 
To be uploaded 0 
To be moved: 0
2020-11-06 08:36:01 info: Starting DB back Up
2020-11-06 08:36:01 info: command:
2020-11-06 08:36:04 info: SIA SERVER IS RUNNING!!!, on   port :8080
2020-11-06 08:36:05 info: Created optimizedImages directory
2020-11-06 08:36:05 info: Created optimizedImages directory
2020-11-06 08:36:05 info: Created originalImages directory
2020-11-06 08:36:10 info: Image jobs started!!!
2020-11-06 08:36:10 info: 
To be optimized: 0 
To be uploaded 0 
To be moved: 0
2020-11-06 08:37:01 info: Starting DB back Up
2020-11-06 08:37:01 info: command:
2020-11-06 08:37:04 info: SIA SERVER IS RUNNING!!!, on   port :8080
2020-11-06 08:37:05 info: Created optimizedImages directory
2020-11-06 08:37:05 info: Created optimizedImages directory
2020-11-06 08:37:05 info: Created originalImages directory
2020-11-06 08:37:10 info: Image jobs started!!!
2020-11-06 08:37:10 info: 
To be optimized: 0 
To be uploaded 0 
To be moved: 0
2020-11-06 08:37:25 info: SIA SERVER IS RUNNING!!!, on   port :8080
2020-11-06 08:37:25 info: Created optimizedImages directory
2020-11-06 08:37:25 info: Created optimizedImages directory
2020-11-06 08:37:25 info: Created originalImages directory
2020-11-06 08:48:11 info: SIA SERVER IS RUNNING!!!, on   port :8080
2020-11-06 08:48:11 info: Created optimizedImages directory
2020-11-06 08:48:11 info: Created originalImages directory
2020-11-06 08:48:11 info: Created optimizedImages directory
2020-11-06 08:48:50 info: SIA SERVER IS RUNNING!!!, on   port :8080
2020-11-06 08:48:50 info: Created optimizedImages directory
2020-11-06 08:48:50 info: Created optimizedImages directory
2020-11-06 08:48:50 info: Created originalImages directory
2020-11-06 08:49:10 info: Image jobs started!!!
2020-11-06 08:49:10 info: 
To be optimized: 0 
To be uploaded 0 
To be moved: 0
2020-11-06 08:49:49 info: SIA SERVER IS RUNNING!!!, on   port :8080
2020-11-06 08:49:49 info: Created optimizedImages directory
2020-11-06 08:49:49 info: Created originalImages directory
2020-11-06 08:49:49 info: Created optimizedImages directory
2020-11-06 08:50:10 info: Image jobs started!!!
2020-11-06 08:50:10 info: 
To be optimized: 0 
To be uploaded 0 
To be moved: 0
2020-11-06 08:51:10 info: Image jobs started!!!
2020-11-06 08:51:10 info: 
To be optimized: 0 
To be uploaded 0 
To be moved: 0
2020-11-06 08:51:16 info: SIA SERVER IS RUNNING!!!, on   port :8080
2020-11-06 08:51:16 info: Created optimizedImages directory
2020-11-06 08:51:16 info: Created originalImages directory
2020-11-06 08:51:16 info: Created optimizedImages directory
2020-11-06 08:52:10 info: Image jobs started!!!
2020-11-06 08:52:10 info: 
To be optimized: 0 
To be uploaded 0 
To be moved: 0
2020-11-06 08:52:31 info: SIA SERVER IS RUNNING!!!, on   port :8080
2020-11-06 08:52:31 info: Created originalImages directory
2020-11-06 08:52:31 info: Created optimizedImages directory
2020-11-06 08:52:31 info: Created optimizedImages directory
2020-11-06 08:53:10 info: Image jobs started!!!
2020-11-06 08:53:10 info: 
To be optimized: 0 
To be uploaded 0 
To be moved: 0
2020-11-06 08:54:04 info: SIA SERVER IS RUNNING!!!, on   port :8080
2020-11-06 08:54:04 info: Created optimizedImages directory
2020-11-06 08:54:04 info: Created optimizedImages directory
2020-11-06 08:54:04 info: Created originalImages directory
2020-11-06 08:54:10 info: Image jobs started!!!
2020-11-06 08:54:10 info: 
To be optimized: 0 
To be uploaded 0 
To be moved: 0
2020-11-06 08:55:10 info: Image jobs started!!!
2020-11-06 08:55:10 info: 
To be optimized: 0 
To be uploaded 0 
To be moved: 0
2020-11-06 08:56:10 info: Image jobs started!!!
2020-11-06 08:56:10 info: 
To be optimized: 0 
To be uploaded 0 
To be moved: 0
2020-11-06 08:57:10 info: Image jobs started!!!
2020-11-06 08:57:10 info: 
To be optimized: 0 
To be uploaded 0 
To be moved: 0
2020-11-06 08:58:10 info: Image jobs started!!!
2020-11-06 08:58:10 info: 
To be optimized: 0 
To be uploaded 0 
To be moved: 0
2020-11-06 08:59:10 info: Image jobs started!!!
2020-11-06 08:59:10 info: 
To be optimized: 0 
To be uploaded 0 
To be moved: 0
2020-11-06 08:59:53 info: SIA SERVER IS RUNNING!!!, on   port :8080
2020-11-06 08:59:53 info: Created optimizedImages directory
2020-11-06 08:59:53 info: Created originalImages directory
2020-11-06 08:59:53 info: Created optimizedImages directory
2020-11-06 16:38:37 info: SIA SERVER IS RUNNING!!!, on   port :8080
2020-11-06 16:38:37 info: Created optimizedImages directory
2020-11-06 16:38:37 info: Created originalImages directory
2020-11-06 16:38:37 info: Created optimizedImages directory
2020-11-06 16:39:10 info: Image jobs started on instance 1 !
2020-11-06 17:58:15 info: SIA SERVER IS RUNNING!!!, on   port :8080
2020-11-06 17:58:15 info: Created optimizedImages directory
2020-11-06 17:58:15 info: Created optimizedImages directory
2020-11-06 17:58:15 info: Created originalImages directory
