2020-10-26 08:10:23 info: SIA SERVER IS RUNNING!!!, on   port :8080
2020-10-26 08:10:23 info: Created optimizedImages directory
2020-10-26 08:10:24 info: Created originalImages directory
2020-10-26 08:10:24 info: Created optimizedImages directory
2020-10-26 08:21:58 info: SIA SERVER IS RUNNING!!!, on   port :8080
2020-10-26 08:21:58 info: Created optimizedImages directory
2020-10-26 08:21:58 info: Created originalImages directory
2020-10-26 08:21:58 info: Created optimizedImages directory
2020-10-26 08:29:42 info: SIA SERVER IS RUNNING!!!, on   port :8080
2020-10-26 08:29:42 info: Created optimizedImages directory
2020-10-26 08:29:42 info: Created optimizedImages directory
2020-10-26 08:29:42 info: Created originalImages directory
2020-10-26 09:00:00 info: Starting DB back Up
2020-10-26 09:00:04 info: SIA SERVER IS RUNNING!!!, on   port :8080
2020-10-26 09:00:04 info: Created optimizedImages directory
2020-10-26 09:00:04 info: Created originalImages directory
2020-10-26 09:00:04 info: Created optimizedImages directory
2020-10-26 09:18:19 info: SIA SERVER IS RUNNING!!!, on   port :8080
2020-10-26 09:18:19 info: Created optimizedImages directory
2020-10-26 09:18:19 info: Created optimizedImages directory
2020-10-26 09:18:19 info: Created originalImages directory
2020-10-26 10:00:00 info: Starting DB back Up
2020-10-26 10:00:03 info: SIA SERVER IS RUNNING!!!, on   port :8080
2020-10-26 10:00:03 info: Created optimizedImages directory
2020-10-26 10:00:03 info: Created optimizedImages directory
2020-10-26 10:00:03 info: Created originalImages directory
2020-10-26 10:01:00 info: Starting dumps upload to cloud 
2020-10-26 10:01:00 info: Done zipping:
2020-10-26 10:12:34 info: SIA SERVER IS RUNNING!!!, on   port :8080
2020-10-26 10:12:34 info: Created optimizedImages directory
2020-10-26 10:12:34 info: Created optimizedImages directory
2020-10-26 10:12:34 info: Created originalImages directory
2020-10-26 10:32:06 info: SIA SERVER IS RUNNING!!!, on   port :8080
2020-10-26 10:32:06 info: Created optimizedImages directory
2020-10-26 10:32:06 info: Created originalImages directory
2020-10-26 10:32:06 info: Created optimizedImages directory
2020-10-26 10:33:48 info: SIA SERVER IS RUNNING!!!, on   port :8080
2020-10-26 10:33:48 info: Created optimizedImages directory
2020-10-26 10:33:48 info: Created originalImages directory
2020-10-26 10:33:48 info: Created optimizedImages directory
2020-10-26 10:37:23 info: SIA SERVER IS RUNNING!!!, on   port :8080
2020-10-26 10:37:23 info: Created optimizedImages directory
2020-10-26 10:37:23 info: Created originalImages directory
2020-10-26 10:37:23 info: Created optimizedImages directory
2020-10-26 10:55:39 info: SIA SERVER IS RUNNING!!!, on   port :8080
2020-10-26 10:55:39 info: Created optimizedImages directory
2020-10-26 10:55:39 info: Created originalImages directory
2020-10-26 10:55:39 info: Created optimizedImages directory
2020-10-26 10:57:35 info: SIA SERVER IS RUNNING!!!, on   port :8080
2020-10-26 10:57:35 info: Created optimizedImages directory
2020-10-26 10:57:35 info: Created originalImages directory
2020-10-26 10:57:35 info: Created optimizedImages directory
2020-10-26 11:00:00 info: Starting DB back Up
2020-10-26 11:00:03 info: SIA SERVER IS RUNNING!!!, on   port :8080
2020-10-26 11:00:03 info: Created optimizedImages directory
2020-10-26 11:00:03 info: Created optimizedImages directory
2020-10-26 11:00:03 info: Created originalImages directory
2020-10-26 11:00:23 info: SIA SERVER IS RUNNING!!!, on   port :8080
2020-10-26 11:00:23 info: Created optimizedImages directory
2020-10-26 11:00:23 info: Created originalImages directory
2020-10-26 11:00:23 info: Created optimizedImages directory
2020-10-26 11:01:00 info: Starting dumps upload to cloud 
2020-10-26 11:01:00 info: Done zipping:
2020-10-26 11:03:54 info: SIA SERVER IS RUNNING!!!, on   port :8080
2020-10-26 11:03:54 info: Created optimizedImages directory
2020-10-26 11:03:54 info: Created optimizedImages directory
2020-10-26 11:03:54 info: Created originalImages directory
2020-10-26 11:10:10 info: SIA SERVER IS RUNNING!!!, on   port :8080
2020-10-26 11:10:10 info: Created optimizedImages directory
2020-10-26 11:10:10 info: Created optimizedImages directory
2020-10-26 11:10:10 info: Created originalImages directory
2020-10-26 12:00:00 info: Starting DB back Up
2020-10-26 12:00:04 info: SIA SERVER IS RUNNING!!!, on   port :8080
2020-10-26 12:00:04 info: Created optimizedImages directory
2020-10-26 12:00:04 info: Created optimizedImages directory
2020-10-26 12:00:04 info: Created originalImages directory
2020-10-26 12:01:00 info: Starting dumps upload to cloud 
2020-10-26 12:01:00 info: Done zipping:
2020-10-26 12:04:34 info: SIA SERVER IS RUNNING!!!, on   port :8080
2020-10-26 12:04:34 info: Created optimizedImages directory
2020-10-26 12:04:34 info: Created optimizedImages directory
2020-10-26 12:04:34 info: Created originalImages directory
2020-10-26 12:05:04 info: SIA SERVER IS RUNNING!!!, on   port :8080
2020-10-26 12:05:04 info: Created optimizedImages directory
2020-10-26 12:05:04 info: Created originalImages directory
2020-10-26 12:05:04 info: Created optimizedImages directory
2020-10-26 12:05:12 info: SIA SERVER IS RUNNING!!!, on   port :8080
2020-10-26 12:05:12 info: Created optimizedImages directory
2020-10-26 12:05:12 info: Created originalImages directory
2020-10-26 12:05:12 info: Created optimizedImages directory
2020-10-26 12:06:22 info: SIA SERVER IS RUNNING!!!, on   port :8080
2020-10-26 12:06:22 info: Created originalImages directory
2020-10-26 12:06:22 info: Created optimizedImages directory
2020-10-26 12:06:22 info: Created optimizedImages directory
2020-10-26 12:06:27 info: SIA SERVER IS RUNNING!!!, on   port :8080
2020-10-26 12:06:27 info: Created optimizedImages directory
2020-10-26 12:06:27 info: Created optimizedImages directory
2020-10-26 12:06:27 info: Created originalImages directory
2020-10-26 12:09:40 info: SIA SERVER IS RUNNING!!!, on   port :8080
2020-10-26 12:09:40 info: Created optimizedImages directory
2020-10-26 12:09:40 info: Created optimizedImages directory
2020-10-26 12:09:40 info: Created originalImages directory
2020-10-26 12:10:21 info: SIA SERVER IS RUNNING!!!, on   port :8080
2020-10-26 12:10:21 info: Created optimizedImages directory
2020-10-26 12:10:21 info: Created optimizedImages directory
2020-10-26 12:10:21 info: Created originalImages directory
2020-10-26 12:10:29 info: SIA SERVER IS RUNNING!!!, on   port :8080
2020-10-26 12:10:29 info: Created optimizedImages directory
2020-10-26 12:10:29 info: Created optimizedImages directory
2020-10-26 12:10:29 info: Created originalImages directory
2020-10-26 12:11:15 info: SIA SERVER IS RUNNING!!!, on   port :8080
2020-10-26 12:11:15 info: Created optimizedImages directory
2020-10-26 12:11:15 info: Created optimizedImages directory
2020-10-26 12:11:15 info: Created originalImages directory
2020-10-26 13:00:00 info: Starting DB back Up
2020-10-26 13:00:03 info: SIA SERVER IS RUNNING!!!, on   port :8080
2020-10-26 13:00:03 info: Created optimizedImages directory
2020-10-26 13:00:03 info: Created optimizedImages directory
2020-10-26 13:00:03 info: Created originalImages directory
2020-10-26 13:01:00 info: Starting dumps upload to cloud 
2020-10-26 13:01:00 info: Done zipping:
2020-10-26 16:55:46 info: SIA SERVER IS RUNNING!!!, on   port :8080
2020-10-26 16:55:46 info: Created optimizedImages directory
2020-10-26 16:55:46 info: Created optimizedImages directory
2020-10-26 16:55:46 info: Created originalImages directory
2020-10-26 17:00:00 info: Starting DB back Up
2020-10-26 17:00:03 info: SIA SERVER IS RUNNING!!!, on   port :8080
2020-10-26 17:00:03 info: Created optimizedImages directory
2020-10-26 17:00:03 info: Created optimizedImages directory
2020-10-26 17:00:03 info: Created originalImages directory
2020-10-26 17:01:00 info: Starting dumps upload to cloud 
2020-10-26 17:01:00 info: Done zipping:
2020-10-26 17:47:44 info: SIA SERVER IS RUNNING!!!, on   port :8080
2020-10-26 17:47:44 info: Created optimizedImages directory
2020-10-26 17:47:44 info: Created optimizedImages directory
2020-10-26 17:47:44 info: Created originalImages directory
2020-10-26 18:00:00 info: Starting DB back Up
2020-10-26 18:00:04 info: SIA SERVER IS RUNNING!!!, on   port :8080
2020-10-26 18:00:04 info: Created optimizedImages directory
2020-10-26 18:00:04 info: Created originalImages directory
2020-10-26 18:00:04 info: Created optimizedImages directory
2020-10-26 18:01:00 info: Starting dumps upload to cloud 
2020-10-26 18:01:00 info: Done zipping:
2020-10-26 19:00:00 info: Starting DB back Up
2020-10-26 19:00:03 info: SIA SERVER IS RUNNING!!!, on   port :8080
2020-10-26 19:00:03 info: Created originalImages directory
2020-10-26 19:00:03 info: Created optimizedImages directory
2020-10-26 19:00:03 info: Created optimizedImages directory
2020-10-26 19:01:00 info: Starting dumps upload to cloud 
2020-10-26 19:01:00 info: Done zipping:
