2020-10-27 05:10:05 info: SIA SERVER IS RUNNING!!!, on   port :8080
2020-10-27 05:10:05 info: Created optimizedImages directory
2020-10-27 05:10:05 info: Created originalImages directory
2020-10-27 05:10:05 info: Created optimizedImages directory
2020-10-27 05:10:35 info: SIA SERVER IS RUNNING!!!, on   port :8080
2020-10-27 05:10:35 info: Created optimizedImages directory
2020-10-27 05:10:35 info: Created originalImages directory
2020-10-27 05:10:35 info: Created optimizedImages directory
2020-10-27 05:15:36 info: SIA SERVER IS RUNNING!!!, on   port :8080
2020-10-27 05:15:36 info: Created optimizedImages directory
2020-10-27 05:15:36 info: Created originalImages directory
2020-10-27 05:15:36 info: Created optimizedImages directory
2020-10-27 05:16:39 info: SIA SERVER IS RUNNING!!!, on   port :8080
2020-10-27 05:16:39 info: Created optimizedImages directory
2020-10-27 05:16:39 info: Created optimizedImages directory
2020-10-27 05:16:39 info: Created originalImages directory
2020-10-27 05:24:02 info: SIA SERVER IS RUNNING!!!, on   port :8080
2020-10-27 05:24:02 info: Created optimizedImages directory
2020-10-27 05:24:02 info: Created originalImages directory
2020-10-27 05:24:02 info: Created optimizedImages directory
2020-10-27 05:24:10 info: SIA SERVER IS RUNNING!!!, on   port :8080
2020-10-27 05:24:10 info: Created optimizedImages directory
2020-10-27 05:24:10 info: Created originalImages directory
2020-10-27 05:24:10 info: Created optimizedImages directory
2020-10-27 05:25:23 info: SIA SERVER IS RUNNING!!!, on   port :8080
2020-10-27 05:25:23 info: Created optimizedImages directory
2020-10-27 05:25:23 info: Created optimizedImages directory
2020-10-27 05:25:23 info: Created originalImages directory
2020-10-27 05:26:11 info: SIA SERVER IS RUNNING!!!, on   port :8080
2020-10-27 05:26:11 info: Created optimizedImages directory
2020-10-27 05:26:11 info: Created originalImages directory
2020-10-27 05:26:11 info: Created optimizedImages directory
2020-10-27 05:26:23 info: SIA SERVER IS RUNNING!!!, on   port :8080
2020-10-27 05:26:23 info: Created optimizedImages directory
2020-10-27 05:26:23 info: Created originalImages directory
2020-10-27 05:26:23 info: Created optimizedImages directory
2020-10-27 05:26:39 info: SIA SERVER IS RUNNING!!!, on   port :8080
2020-10-27 05:26:39 info: Created optimizedImages directory
2020-10-27 05:26:39 info: Created originalImages directory
2020-10-27 05:26:39 info: Created optimizedImages directory
2020-10-27 05:27:40 info: SIA SERVER IS RUNNING!!!, on   port :8080
2020-10-27 05:27:40 info: Created optimizedImages directory
2020-10-27 05:27:40 info: Created optimizedImages directory
2020-10-27 05:27:40 info: Created originalImages directory
2020-10-27 05:47:58 info: SIA SERVER IS RUNNING!!!, on   port :8080
2020-10-27 05:47:58 info: Created optimizedImages directory
2020-10-27 05:47:58 info: Created originalImages directory
2020-10-27 05:47:58 info: Created optimizedImages directory
2020-10-27 06:00:00 info: Starting DB back Up
2020-10-27 06:00:03 info: SIA SERVER IS RUNNING!!!, on   port :8080
2020-10-27 06:00:03 info: Created optimizedImages directory
2020-10-27 06:00:03 info: Created optimizedImages directory
2020-10-27 06:00:03 info: Created originalImages directory
2020-10-27 06:01:00 info: Starting dumps upload to cloud 
2020-10-27 06:01:00 info: Done zipping:
2020-10-27 07:00:00 info: Starting DB back Up
2020-10-27 07:00:04 info: SIA SERVER IS RUNNING!!!, on   port :8080
2020-10-27 07:00:04 info: Created optimizedImages directory
2020-10-27 07:00:04 info: Created optimizedImages directory
2020-10-27 07:00:04 info: Created originalImages directory
2020-10-27 07:01:00 info: Starting dumps upload to cloud 
2020-10-27 07:01:00 info: Done zipping:
2020-10-27 08:52:13 info: SIA SERVER IS RUNNING!!!, on   port :8080
2020-10-27 08:52:13 info: Created optimizedImages directory
2020-10-27 08:52:13 info: Created optimizedImages directory
2020-10-27 08:52:13 info: Created originalImages directory
2020-10-27 08:52:51 info: SIA SERVER IS RUNNING!!!, on   port :8080
2020-10-27 08:52:51 info: Created optimizedImages directory
2020-10-27 08:52:51 info: Created optimizedImages directory
2020-10-27 08:52:51 info: Created originalImages directory
2020-10-27 08:55:20 info: SIA SERVER IS RUNNING!!!, on   port :8080
2020-10-27 08:55:20 info: Created optimizedImages directory
2020-10-27 08:55:20 info: Created originalImages directory
2020-10-27 08:55:20 info: Created optimizedImages directory
2020-10-27 08:56:05 info: SIA SERVER IS RUNNING!!!, on   port :8080
2020-10-27 08:56:05 info: Created optimizedImages directory
2020-10-27 08:56:05 info: Created optimizedImages directory
2020-10-27 08:56:05 info: Created originalImages directory
2020-10-27 08:57:02 info: SIA SERVER IS RUNNING!!!, on   port :8080
2020-10-27 08:57:02 info: Created optimizedImages directory
2020-10-27 08:57:02 info: Created originalImages directory
2020-10-27 08:57:02 info: Created optimizedImages directory
2020-10-27 08:57:22 info: SIA SERVER IS RUNNING!!!, on   port :8080
2020-10-27 08:57:22 info: Created optimizedImages directory
2020-10-27 08:57:22 info: Created optimizedImages directory
2020-10-27 08:57:22 info: Created originalImages directory
2020-10-27 09:00:00 info: Starting DB back Up
2020-10-27 09:00:03 info: SIA SERVER IS RUNNING!!!, on   port :8080
2020-10-27 09:00:03 info: Created optimizedImages directory
2020-10-27 09:00:03 info: Created optimizedImages directory
2020-10-27 09:00:03 info: Created originalImages directory
2020-10-27 09:01:00 info: Starting dumps upload to cloud 
2020-10-27 09:01:00 info: Done zipping:
2020-10-27 09:01:31 info: SIA SERVER IS RUNNING!!!, on   port :8080
2020-10-27 09:01:31 info: Created optimizedImages directory
2020-10-27 09:01:31 info: Created optimizedImages directory
2020-10-27 09:01:31 info: Created originalImages directory
2020-10-27 09:02:06 info: SIA SERVER IS RUNNING!!!, on   port :8080
2020-10-27 09:02:06 info: Created optimizedImages directory
2020-10-27 09:02:06 info: Created originalImages directory
2020-10-27 09:02:06 info: Created optimizedImages directory
2020-10-27 09:08:14 info: SIA SERVER IS RUNNING!!!, on   port :8080
2020-10-27 09:08:15 info: Created optimizedImages directory
2020-10-27 09:08:15 info: Created originalImages directory
2020-10-27 09:08:15 info: Created optimizedImages directory
2020-10-27 09:10:12 info: SIA SERVER IS RUNNING!!!, on   port :8080
2020-10-27 09:10:12 info: Created optimizedImages directory
2020-10-27 09:10:12 info: Created optimizedImages directory
2020-10-27 09:10:12 info: Created originalImages directory
2020-10-27 09:10:22 info: SIA SERVER IS RUNNING!!!, on   port :8080
2020-10-27 09:10:22 info: Created optimizedImages directory
2020-10-27 09:10:22 info: Created originalImages directory
2020-10-27 09:10:22 info: Created optimizedImages directory
2020-10-27 09:10:27 info: SIA SERVER IS RUNNING!!!, on   port :8080
2020-10-27 09:10:27 info: Created optimizedImages directory
2020-10-27 09:10:27 info: Created originalImages directory
2020-10-27 09:10:27 info: Created optimizedImages directory
2020-10-27 09:11:01 info: SIA SERVER IS RUNNING!!!, on   port :8080
2020-10-27 09:11:01 info: Created optimizedImages directory
2020-10-27 09:11:01 info: Created originalImages directory
2020-10-27 09:11:01 info: Created optimizedImages directory
2020-10-27 09:11:07 info: SIA SERVER IS RUNNING!!!, on   port :8080
2020-10-27 09:11:07 info: Created optimizedImages directory
2020-10-27 09:11:07 info: Created originalImages directory
2020-10-27 09:11:07 info: Created optimizedImages directory
2020-10-27 09:12:00 info: SIA SERVER IS RUNNING!!!, on   port :8080
2020-10-27 09:12:00 info: Created optimizedImages directory
2020-10-27 09:12:00 info: Created optimizedImages directory
2020-10-27 09:12:00 info: Created originalImages directory
2020-10-27 09:12:45 info: SIA SERVER IS RUNNING!!!, on   port :8080
2020-10-27 09:12:45 info: Created optimizedImages directory
2020-10-27 09:12:45 info: Created optimizedImages directory
2020-10-27 09:12:45 info: Created originalImages directory
2020-10-27 09:13:45 info: SIA SERVER IS RUNNING!!!, on   port :8080
2020-10-27 09:13:45 info: Created optimizedImages directory
2020-10-27 09:13:45 info: Created originalImages directory
2020-10-27 09:13:45 info: Created optimizedImages directory
2020-10-27 09:15:20 info: SIA SERVER IS RUNNING!!!, on   port :8080
2020-10-27 09:15:20 info: Created optimizedImages directory
2020-10-27 09:15:20 info: Created optimizedImages directory
2020-10-27 09:15:20 info: Created originalImages directory
2020-10-27 09:18:50 info: SIA SERVER IS RUNNING!!!, on   port :8080
2020-10-27 09:18:50 info: Created optimizedImages directory
2020-10-27 09:18:50 info: Created optimizedImages directory
2020-10-27 09:18:50 info: Created originalImages directory
2020-10-27 09:22:16 info: SIA SERVER IS RUNNING!!!, on   port :8080
2020-10-27 09:22:16 info: Created optimizedImages directory
2020-10-27 09:22:16 info: Created optimizedImages directory
2020-10-27 09:22:16 info: Created originalImages directory
2020-10-27 09:22:44 info: SIA SERVER IS RUNNING!!!, on   port :8080
2020-10-27 09:22:44 info: Created optimizedImages directory
2020-10-27 09:22:44 info: Created optimizedImages directory
2020-10-27 09:22:44 info: Created originalImages directory
2020-10-27 09:25:43 info: SIA SERVER IS RUNNING!!!, on   port :8080
2020-10-27 09:25:43 info: Created optimizedImages directory
2020-10-27 09:25:43 info: Created originalImages directory
2020-10-27 09:25:43 info: Created optimizedImages directory
2020-10-27 09:26:37 info: SIA SERVER IS RUNNING!!!, on   port :8080
2020-10-27 09:26:37 info: Created optimizedImages directory
2020-10-27 09:26:37 info: Created optimizedImages directory
2020-10-27 09:26:37 info: Created originalImages directory
2020-10-27 09:26:56 info: SIA SERVER IS RUNNING!!!, on   port :8080
2020-10-27 09:26:56 info: Created optimizedImages directory
2020-10-27 09:26:56 info: Created optimizedImages directory
2020-10-27 09:26:56 info: Created originalImages directory
2020-10-27 09:27:20 info: SIA SERVER IS RUNNING!!!, on   port :8080
2020-10-27 09:27:20 info: Created optimizedImages directory
2020-10-27 09:27:20 info: Created optimizedImages directory
2020-10-27 09:27:20 info: Created originalImages directory
2020-10-27 09:30:35 info: SIA SERVER IS RUNNING!!!, on   port :8080
2020-10-27 09:30:35 info: Created optimizedImages directory
2020-10-27 09:30:35 info: Created originalImages directory
2020-10-27 09:30:35 info: Created optimizedImages directory
2020-10-27 09:31:06 info: SIA SERVER IS RUNNING!!!, on   port :8080
2020-10-27 09:31:06 info: Created optimizedImages directory
2020-10-27 09:31:06 info: Created optimizedImages directory
2020-10-27 09:31:06 info: Created originalImages directory
2020-10-27 09:31:34 info: SIA SERVER IS RUNNING!!!, on   port :8080
2020-10-27 09:31:34 info: Created optimizedImages directory
2020-10-27 09:31:34 info: Created optimizedImages directory
2020-10-27 09:31:34 info: Created originalImages directory
2020-10-27 09:31:44 info: SIA SERVER IS RUNNING!!!, on   port :8080
2020-10-27 09:31:44 info: Created optimizedImages directory
2020-10-27 09:31:44 info: Created optimizedImages directory
2020-10-27 09:31:44 info: Created originalImages directory
2020-10-27 09:34:43 info: SIA SERVER IS RUNNING!!!, on   port :8080
2020-10-27 09:34:43 info: Created optimizedImages directory
2020-10-27 09:34:43 info: Created optimizedImages directory
2020-10-27 09:34:43 info: Created originalImages directory
2020-10-27 09:35:49 info: SIA SERVER IS RUNNING!!!, on   port :8080
2020-10-27 09:35:49 info: Created optimizedImages directory
2020-10-27 09:35:49 info: Created originalImages directory
2020-10-27 09:35:49 info: Created optimizedImages directory
2020-10-27 09:39:17 info: SIA SERVER IS RUNNING!!!, on   port :8080
2020-10-27 09:39:17 info: Created optimizedImages directory
2020-10-27 09:39:17 info: Created optimizedImages directory
2020-10-27 09:39:17 info: Created originalImages directory
2020-10-27 09:46:22 info: SIA SERVER IS RUNNING!!!, on   port :8080
2020-10-27 09:46:22 info: Created optimizedImages directory
2020-10-27 09:46:22 info: Created originalImages directory
2020-10-27 09:46:22 info: Created optimizedImages directory
2020-10-27 09:52:38 info: SIA SERVER IS RUNNING!!!, on   port :8080
2020-10-27 09:52:38 info: Created optimizedImages directory
2020-10-27 09:52:38 info: Created originalImages directory
2020-10-27 09:52:38 info: Created optimizedImages directory
2020-10-27 09:53:17 info: SIA SERVER IS RUNNING!!!, on   port :8080
2020-10-27 09:53:17 info: Created optimizedImages directory
2020-10-27 09:53:17 info: Created originalImages directory
2020-10-27 09:53:17 info: Created optimizedImages directory
2020-10-27 09:53:25 info: SIA SERVER IS RUNNING!!!, on   port :8080
2020-10-27 09:53:25 info: Created optimizedImages directory
2020-10-27 09:53:25 info: Created originalImages directory
2020-10-27 09:53:25 info: Created optimizedImages directory
2020-10-27 09:55:47 info: SIA SERVER IS RUNNING!!!, on   port :8080
2020-10-27 09:55:47 info: Created optimizedImages directory
2020-10-27 09:55:47 info: Created optimizedImages directory
2020-10-27 09:55:47 info: Created originalImages directory
2020-10-27 10:00:00 info: Starting DB back Up
2020-10-27 10:00:03 info: SIA SERVER IS RUNNING!!!, on   port :8080
2020-10-27 10:00:03 info: Created optimizedImages directory
2020-10-27 10:00:03 info: Created optimizedImages directory
2020-10-27 10:00:03 info: Created originalImages directory
2020-10-27 10:01:00 info: Starting dumps upload to cloud 
2020-10-27 10:01:00 info: Done zipping:
2020-10-27 10:01:10 info: SIA SERVER IS RUNNING!!!, on   port :8080
2020-10-27 10:01:10 info: Created optimizedImages directory
2020-10-27 10:01:10 info: Created optimizedImages directory
2020-10-27 10:01:10 info: Created originalImages directory
2020-10-27 10:01:15 info: SIA SERVER IS RUNNING!!!, on   port :8080
2020-10-27 10:01:15 info: Created optimizedImages directory
2020-10-27 10:01:15 info: Created originalImages directory
2020-10-27 10:01:15 info: Created optimizedImages directory
2020-10-27 10:01:40 info: SIA SERVER IS RUNNING!!!, on   port :8080
2020-10-27 10:01:40 info: Created optimizedImages directory
2020-10-27 10:01:40 info: Created originalImages directory
2020-10-27 10:01:40 info: Created optimizedImages directory
2020-10-27 10:02:06 info: SIA SERVER IS RUNNING!!!, on   port :8080
2020-10-27 10:02:06 info: Created optimizedImages directory
2020-10-27 10:02:06 info: Created optimizedImages directory
2020-10-27 10:02:06 info: Created originalImages directory
2020-10-27 10:02:21 info: SIA SERVER IS RUNNING!!!, on   port :8080
2020-10-27 10:02:21 info: Created optimizedImages directory
2020-10-27 10:02:21 info: Created optimizedImages directory
2020-10-27 10:02:21 info: Created originalImages directory
2020-10-27 10:03:10 info: SIA SERVER IS RUNNING!!!, on   port :8080
2020-10-27 10:03:10 info: Created optimizedImages directory
2020-10-27 10:03:10 info: Created optimizedImages directory
2020-10-27 10:03:10 info: Created originalImages directory
2020-10-27 10:03:30 info: SIA SERVER IS RUNNING!!!, on   port :8080
2020-10-27 10:03:30 info: Created optimizedImages directory
2020-10-27 10:03:30 info: Created originalImages directory
2020-10-27 10:03:30 info: Created optimizedImages directory
2020-10-27 10:20:38 info: SIA SERVER IS RUNNING!!!, on   port :8080
2020-10-27 10:20:38 info: Created optimizedImages directory
2020-10-27 10:20:38 info: Created optimizedImages directory
2020-10-27 10:20:38 info: Created originalImages directory
2020-10-27 10:21:54 info: SIA SERVER IS RUNNING!!!, on   port :8080
2020-10-27 10:21:54 info: Created optimizedImages directory
2020-10-27 10:21:54 info: Created originalImages directory
2020-10-27 10:21:54 info: Created optimizedImages directory
2020-10-27 12:26:24 info: SIA SERVER IS RUNNING!!!, on   port :8080
2020-10-27 12:26:24 info: Created optimizedImages directory
2020-10-27 12:26:24 info: Created originalImages directory
2020-10-27 12:26:24 info: Created optimizedImages directory
2020-10-27 13:00:00 info: Starting DB back Up
2020-10-27 13:00:04 info: SIA SERVER IS RUNNING!!!, on   port :8080
2020-10-27 13:00:04 info: Created optimizedImages directory
2020-10-27 13:00:04 info: Created optimizedImages directory
2020-10-27 13:00:04 info: Created originalImages directory
2020-10-27 13:01:00 info: Starting dumps upload to cloud 
2020-10-27 13:01:00 info: Done zipping:
