2020-09-29 06:50:58 info: SIA SERVER IS RUNNING!!!, on   port :8080
2020-09-29 06:50:58 info: Created optimizedImages directory
2020-09-29 06:50:58 info: Created originalImages directory
2020-09-29 06:50:58 info: Created optimizedImages directory
2020-09-29 07:00:00 info: Starting DB back Up
2020-09-29 07:00:03 info: SIA SERVER IS RUNNING!!!, on   port :8080
2020-09-29 07:00:03 info: Created optimizedImages directory
2020-09-29 07:00:03 info: Created optimizedImages directory
2020-09-29 07:00:03 info: Created originalImages directory
2020-09-29 07:01:00 info: Starting dumps upload to cloud 
2020-09-29 07:01:00 info: Done zipping:
2020-09-29 07:05:46 info: SIA SERVER IS RUNNING!!!, on   port :8080
2020-09-29 07:05:46 info: Created optimizedImages directory
2020-09-29 07:05:46 info: Created originalImages directory
2020-09-29 07:05:46 info: Created optimizedImages directory
2020-09-29 07:08:20 info: SIA SERVER IS RUNNING!!!, on   port :8080
2020-09-29 07:08:20 info: Created optimizedImages directory
2020-09-29 07:08:20 info: Created originalImages directory
2020-09-29 07:08:20 info: Created optimizedImages directory
2020-09-29 08:00:48 info: SIA SERVER IS RUNNING!!!, on   port :8080
2020-09-29 08:00:48 info: Created optimizedImages directory
2020-09-29 08:00:48 info: Created optimizedImages directory
2020-09-29 08:00:48 info: Created originalImages directory
2020-09-29 08:01:00 info: Starting dumps upload to cloud 
2020-09-29 08:01:00 info: Done zipping:
2020-09-29 09:29:13 info: SIA SERVER IS RUNNING!!!, on   port :8080
2020-09-29 09:29:13 info: Created optimizedImages directory
2020-09-29 09:29:13 info: Created optimizedImages directory
2020-09-29 09:29:13 info: Created originalImages directory
2020-09-29 10:00:00 info: Starting DB back Up
2020-09-29 10:00:04 info: SIA SERVER IS RUNNING!!!, on   port :8080
2020-09-29 10:00:04 info: Created optimizedImages directory
2020-09-29 10:00:04 info: Created optimizedImages directory
2020-09-29 10:00:04 info: Created originalImages directory
2020-09-29 10:01:00 info: Starting dumps upload to cloud 
2020-09-29 10:01:00 info: Done zipping:
2020-09-29 10:17:44 info: SIA SERVER IS RUNNING!!!, on   port :8080
2020-09-29 10:17:44 info: Created optimizedImages directory
2020-09-29 10:17:44 info: Created originalImages directory
2020-09-29 10:17:44 info: Created optimizedImages directory
2020-09-29 10:18:26 info: SIA SERVER IS RUNNING!!!, on   port :8080
2020-09-29 10:18:26 info: Created optimizedImages directory
2020-09-29 10:18:26 info: Created optimizedImages directory
2020-09-29 10:18:26 info: Created originalImages directory
2020-09-29 10:27:45 info: SIA SERVER IS RUNNING!!!, on   port :8080
2020-09-29 10:27:45 info: Created optimizedImages directory
2020-09-29 10:27:45 info: Created originalImages directory
2020-09-29 10:27:45 info: Created optimizedImages directory
2020-09-29 10:38:11 info: SIA SERVER IS RUNNING!!!, on   port :8080
2020-09-29 10:38:11 info: Created optimizedImages directory
2020-09-29 10:38:11 info: Created optimizedImages directory
2020-09-29 10:38:11 info: Created originalImages directory
2020-09-29 10:44:49 info: SIA SERVER IS RUNNING!!!, on   port :8080
2020-09-29 10:44:49 info: Created optimizedImages directory
2020-09-29 10:44:49 info: Created originalImages directory
2020-09-29 10:44:49 info: Created optimizedImages directory
2020-09-29 11:00:00 info: Starting DB back Up
2020-09-29 11:00:03 info: SIA SERVER IS RUNNING!!!, on   port :8080
2020-09-29 11:00:03 info: Created optimizedImages directory
2020-09-29 11:00:03 info: Created optimizedImages directory
2020-09-29 11:00:03 info: Created originalImages directory
2020-09-29 11:01:00 info: Starting dumps upload to cloud 
2020-09-29 11:01:00 info: Done zipping:
2020-09-29 12:03:27 info: SIA SERVER IS RUNNING!!!, on   port :8080
2020-09-29 12:03:27 info: Created optimizedImages directory
2020-09-29 12:03:27 info: Created optimizedImages directory
2020-09-29 12:03:27 info: Created originalImages directory
2020-09-29 12:28:17 info: SIA SERVER IS RUNNING!!!, on   port :8080
2020-09-29 12:28:17 info: Created optimizedImages directory
2020-09-29 12:28:17 info: Created optimizedImages directory
2020-09-29 12:28:17 info: Created originalImages directory
2020-09-29 12:29:22 info: SIA SERVER IS RUNNING!!!, on   port :8080
2020-09-29 12:29:22 info: Created optimizedImages directory
2020-09-29 12:29:22 info: Created optimizedImages directory
2020-09-29 12:29:22 info: Created originalImages directory
2020-09-29 12:30:18 info: SIA SERVER IS RUNNING!!!, on   port :8080
2020-09-29 12:30:18 info: Created optimizedImages directory
2020-09-29 12:30:18 info: Created optimizedImages directory
2020-09-29 12:30:18 info: Created originalImages directory
2020-09-29 13:00:00 info: Starting DB back Up
2020-09-29 13:00:03 info: SIA SERVER IS RUNNING!!!, on   port :8080
2020-09-29 13:00:03 info: Created optimizedImages directory
2020-09-29 13:00:03 info: Created originalImages directory
2020-09-29 13:00:03 info: Created optimizedImages directory
2020-09-29 13:01:00 info: Starting dumps upload to cloud 
2020-09-29 13:01:00 info: Done zipping:
