2020-11-09 17:07:47 info: SIA SERVER IS RUNNING!!!, on   port :8080
2020-11-09 17:07:47 info: Created optimizedImages directory
2020-11-09 17:07:47 info: Created originalImages directory
2020-11-09 17:07:47 info: Created optimizedImages directory
2020-11-09 17:08:10 info: [Process: undefined :instance]
2020-11-09 17:08:10 info: Image jobs started on instance 1 !
2020-11-09 17:09:10 info: [Process: undefined :instance]
2020-11-09 17:09:10 info: Image jobs started on instance 1 !
2020-11-09 17:10:10 info: [Process: undefined :instance]
2020-11-09 17:10:10 info: Image jobs started on instance 1 !
2020-11-09 17:11:10 info: [Process: undefined :instance]
2020-11-09 17:11:10 info: Image jobs started on instance 1 !
2020-11-09 17:12:10 info: [Process: undefined :instance]
2020-11-09 17:12:10 info: Image jobs started on instance 1 !
2020-11-09 17:47:25 info: SIA SERVER IS RUNNING!!!, on   port :8080
2020-11-09 17:47:25 info: Created optimizedImages directory
2020-11-09 17:47:25 info: Created originalImages directory
2020-11-09 17:47:25 info: Created optimizedImages directory
2020-11-09 17:48:10 info: [Process: undefined :instance]
2020-11-09 17:48:10 info: Image jobs started on instance 1 !
2020-11-09 17:48:59 info: SIA SERVER IS RUNNING!!!, on   port :8080
2020-11-09 17:48:59 info: Created optimizedImages directory
2020-11-09 17:48:59 info: Created optimizedImages directory
2020-11-09 17:48:59 info: Created originalImages directory
2020-11-09 17:49:10 info: [Process: undefined :instance]
2020-11-09 17:49:10 info: Image jobs started on instance 1 !
