2020-11-08 04:05:23 info: SIA SERVER IS RUNNING!!!, on   port :8080
2020-11-08 04:05:23 info: Created optimizedImages directory
2020-11-08 04:05:23 info: Created optimizedImages directory
2020-11-08 04:05:23 info: Created originalImages directory
2020-11-08 04:06:10 info: [Process: undefined :instance]
2020-11-08 04:06:10 info: Image jobs started on instance 1 !
2020-11-08 04:07:10 info: [Process: undefined :instance]
2020-11-08 04:07:10 info: Image jobs started on instance 1 !
2020-11-08 04:08:10 info: [Process: undefined :instance]
2020-11-08 04:08:10 info: Image jobs started on instance 1 !
2020-11-08 04:09:10 info: [Process: undefined :instance]
2020-11-08 04:09:10 info: Image jobs started on instance 1 !
2020-11-08 04:10:10 info: [Process: undefined :instance]
2020-11-08 04:10:10 info: Image jobs started on instance 1 !
2020-11-08 04:11:10 info: [Process: undefined :instance]
2020-11-08 04:11:10 info: Image jobs started on instance 1 !
2020-11-08 04:12:10 info: [Process: undefined :instance]
2020-11-08 04:12:10 info: Image jobs started on instance 1 !
2020-11-08 04:13:10 info: [Process: undefined :instance]
2020-11-08 04:13:10 info: Image jobs started on instance 1 !
2020-11-08 04:14:10 info: [Process: undefined :instance]
2020-11-08 04:14:10 info: Image jobs started on instance 1 !
2020-11-08 04:15:10 info: [Process: undefined :instance]
2020-11-08 04:15:10 info: Image jobs started on instance 1 !
2020-11-08 04:16:10 info: [Process: undefined :instance]
2020-11-08 04:16:10 info: Image jobs started on instance 1 !
2020-11-08 04:17:10 info: [Process: undefined :instance]
2020-11-08 04:17:10 info: Image jobs started on instance 1 !
2020-11-08 04:18:10 info: [Process: undefined :instance]
2020-11-08 04:18:10 info: Image jobs started on instance 1 !
2020-11-08 04:19:10 info: [Process: undefined :instance]
2020-11-08 04:19:10 info: Image jobs started on instance 1 !
2020-11-08 04:20:10 info: [Process: undefined :instance]
2020-11-08 04:20:10 info: Image jobs started on instance 1 !
2020-11-08 04:21:10 info: [Process: undefined :instance]
2020-11-08 04:21:10 info: Image jobs started on instance 1 !
2020-11-08 04:22:10 info: [Process: undefined :instance]
2020-11-08 04:22:10 info: Image jobs started on instance 1 !
2020-11-08 04:23:10 info: [Process: undefined :instance]
2020-11-08 04:23:10 info: Image jobs started on instance 1 !
2020-11-08 04:24:10 info: [Process: undefined :instance]
2020-11-08 04:24:10 info: Image jobs started on instance 1 !
2020-11-08 04:25:10 info: [Process: undefined :instance]
2020-11-08 04:25:10 info: Image jobs started on instance 1 !
2020-11-08 04:26:10 info: [Process: undefined :instance]
2020-11-08 04:26:10 info: Image jobs started on instance 1 !
2020-11-08 04:27:10 info: [Process: undefined :instance]
2020-11-08 04:27:10 info: Image jobs started on instance 1 !
2020-11-08 04:28:10 info: [Process: undefined :instance]
2020-11-08 04:28:10 info: Image jobs started on instance 1 !
2020-11-08 04:29:10 info: [Process: undefined :instance]
2020-11-08 04:29:10 info: Image jobs started on instance 1 !
2020-11-08 04:30:10 info: [Process: undefined :instance]
2020-11-08 04:30:10 info: Image jobs started on instance 1 !
2020-11-08 04:31:10 info: [Process: undefined :instance]
2020-11-08 04:31:10 info: Image jobs started on instance 1 !
2020-11-08 04:32:10 info: [Process: undefined :instance]
2020-11-08 04:32:10 info: Image jobs started on instance 1 !
2020-11-08 04:33:10 info: [Process: undefined :instance]
2020-11-08 04:33:10 info: Image jobs started on instance 1 !
2020-11-08 04:34:10 info: [Process: undefined :instance]
2020-11-08 04:34:10 info: Image jobs started on instance 1 !
2020-11-08 04:35:10 info: [Process: undefined :instance]
2020-11-08 04:35:10 info: Image jobs started on instance 1 !
2020-11-08 04:36:10 info: [Process: undefined :instance]
2020-11-08 04:36:10 info: Image jobs started on instance 1 !
2020-11-08 04:37:10 info: [Process: undefined :instance]
2020-11-08 04:37:10 info: Image jobs started on instance 1 !
2020-11-08 04:38:10 info: [Process: undefined :instance]
2020-11-08 04:38:10 info: Image jobs started on instance 1 !
2020-11-08 04:39:10 info: [Process: undefined :instance]
2020-11-08 04:39:10 info: Image jobs started on instance 1 !
2020-11-08 04:40:10 info: [Process: undefined :instance]
2020-11-08 04:40:10 info: Image jobs started on instance 1 !
2020-11-08 04:41:10 info: [Process: undefined :instance]
2020-11-08 04:41:10 info: Image jobs started on instance 1 !
2020-11-08 04:42:10 info: [Process: undefined :instance]
2020-11-08 04:42:10 info: Image jobs started on instance 1 !
2020-11-08 04:42:34 info: SIA SERVER IS RUNNING!!!, on   port :8080
2020-11-08 04:42:34 info: Created optimizedImages directory
2020-11-08 04:42:34 info: Created originalImages directory
2020-11-08 04:42:34 info: Created optimizedImages directory
2020-11-08 04:43:10 info: [Process: undefined :instance]
2020-11-08 04:43:10 info: Image jobs started on instance 1 !
2020-11-08 04:44:10 info: [Process: undefined :instance]
2020-11-08 04:44:10 info: Image jobs started on instance 1 !
2020-11-08 04:44:31 info: SIA SERVER IS RUNNING!!!, on   port :8080
2020-11-08 04:44:31 info: Created optimizedImages directory
2020-11-08 04:44:31 info: Created originalImages directory
2020-11-08 04:44:31 info: Created optimizedImages directory
2020-11-08 04:45:10 info: [Process: undefined :instance]
2020-11-08 04:45:10 info: Image jobs started on instance 1 !
2020-11-08 04:46:10 info: [Process: undefined :instance]
2020-11-08 04:46:10 info: Image jobs started on instance 1 !
2020-11-08 04:47:10 info: [Process: undefined :instance]
2020-11-08 04:47:10 info: Image jobs started on instance 1 !
2020-11-08 04:48:10 info: [Process: undefined :instance]
2020-11-08 04:48:10 info: Image jobs started on instance 1 !
2020-11-08 04:49:10 info: [Process: undefined :instance]
2020-11-08 04:49:10 info: Image jobs started on instance 1 !
2020-11-08 04:49:36 info: SIA SERVER IS RUNNING!!!, on   port :8080
2020-11-08 04:49:36 info: Created optimizedImages directory
2020-11-08 04:49:36 info: Created optimizedImages directory
2020-11-08 04:49:36 info: Created originalImages directory
2020-11-08 04:50:10 info: [Process: undefined :instance]
2020-11-08 04:50:10 info: Image jobs started on instance 1 !
2020-11-08 04:50:46 info: SIA SERVER IS RUNNING!!!, on   port :8080
2020-11-08 04:50:46 info: Created optimizedImages directory
2020-11-08 04:50:46 info: Created optimizedImages directory
2020-11-08 04:50:46 info: Created originalImages directory
2020-11-08 04:51:10 info: [Process: undefined :instance]
2020-11-08 04:51:10 info: Image jobs started on instance 1 !
2020-11-08 04:52:10 info: [Process: undefined :instance]
2020-11-08 04:52:10 info: Image jobs started on instance 1 !
2020-11-08 04:53:10 info: [Process: undefined :instance]
2020-11-08 04:53:10 info: Image jobs started on instance 1 !
2020-11-08 04:54:10 info: [Process: undefined :instance]
2020-11-08 04:54:10 info: Image jobs started on instance 1 !
2020-11-08 04:55:10 info: [Process: undefined :instance]
2020-11-08 04:55:10 info: Image jobs started on instance 1 !
2020-11-08 04:56:10 info: [Process: undefined :instance]
2020-11-08 04:56:10 info: Image jobs started on instance 1 !
2020-11-08 04:57:10 info: [Process: undefined :instance]
2020-11-08 04:57:10 info: Image jobs started on instance 1 !
2020-11-08 04:58:10 info: [Process: undefined :instance]
2020-11-08 04:58:10 info: Image jobs started on instance 1 !
2020-11-08 04:59:10 info: [Process: undefined :instance]
2020-11-08 04:59:10 info: Image jobs started on instance 1 !
2020-11-08 05:00:10 info: [Process: undefined :instance]
2020-11-08 05:00:10 info: Image jobs started on instance 1 !
2020-11-08 05:01:10 info: [Process: undefined :instance]
2020-11-08 05:01:10 info: Image jobs started on instance 1 !
2020-11-08 05:02:10 info: [Process: undefined :instance]
2020-11-08 05:02:10 info: Image jobs started on instance 1 !
2020-11-08 05:03:10 info: [Process: undefined :instance]
2020-11-08 05:03:10 info: Image jobs started on instance 1 !
2020-11-08 05:04:10 info: [Process: undefined :instance]
2020-11-08 05:04:10 info: Image jobs started on instance 1 !
2020-11-08 05:05:10 info: [Process: undefined :instance]
2020-11-08 05:05:10 info: Image jobs started on instance 1 !
2020-11-08 05:05:48 info: SIA SERVER IS RUNNING!!!, on   port :8080
2020-11-08 05:05:48 info: Created optimizedImages directory
2020-11-08 05:05:48 info: Created optimizedImages directory
2020-11-08 05:05:48 info: Created originalImages directory
2020-11-08 05:06:10 info: [Process: undefined :instance]
2020-11-08 05:06:10 info: Image jobs started on instance 1 !
2020-11-08 05:06:46 info: SIA SERVER IS RUNNING!!!, on   port :8080
2020-11-08 05:06:46 info: Created optimizedImages directory
2020-11-08 05:06:46 info: Created optimizedImages directory
2020-11-08 05:06:46 info: Created originalImages directory
2020-11-08 05:07:10 info: [Process: undefined :instance]
2020-11-08 05:07:10 info: Image jobs started on instance 1 !
2020-11-08 05:08:10 info: [Process: undefined :instance]
2020-11-08 05:08:10 info: Image jobs started on instance 1 !
2020-11-08 05:09:04 info: SIA SERVER IS RUNNING!!!, on   port :8080
2020-11-08 05:09:04 info: Created optimizedImages directory
2020-11-08 05:09:04 info: Created originalImages directory
2020-11-08 05:09:04 info: Created optimizedImages directory
2020-11-08 05:09:10 info: [Process: undefined :instance]
2020-11-08 05:09:10 info: Image jobs started on instance 1 !
2020-11-08 05:10:10 info: [Process: undefined :instance]
2020-11-08 05:10:10 info: Image jobs started on instance 1 !
2020-11-08 05:10:34 info: SIA SERVER IS RUNNING!!!, on   port :8080
2020-11-08 05:10:34 info: Created optimizedImages directory
2020-11-08 05:10:34 info: Created optimizedImages directory
2020-11-08 05:10:34 info: Created originalImages directory
2020-11-08 05:11:10 info: [Process: undefined :instance]
2020-11-08 05:11:10 info: Image jobs started on instance 1 !
2020-11-08 05:12:10 info: [Process: undefined :instance]
2020-11-08 05:12:10 info: Image jobs started on instance 1 !
2020-11-08 05:12:37 info: SIA SERVER IS RUNNING!!!, on   port :8080
2020-11-08 05:12:37 info: Created optimizedImages directory
2020-11-08 05:12:37 info: Created optimizedImages directory
2020-11-08 05:12:37 info: Created originalImages directory
2020-11-08 05:12:57 info: SIA SERVER IS RUNNING!!!, on   port :8080
2020-11-08 05:12:57 info: Created optimizedImages directory
2020-11-08 05:12:57 info: Created optimizedImages directory
2020-11-08 05:12:57 info: Created originalImages directory
2020-11-08 05:13:00 info: SIA SERVER IS RUNNING!!!, on   port :8080
2020-11-08 05:13:00 info: Created optimizedImages directory
2020-11-08 05:13:00 info: Created originalImages directory
2020-11-08 05:13:00 info: Created optimizedImages directory
2020-11-08 05:13:10 info: [Process: undefined :instance]
2020-11-08 05:13:10 info: Image jobs started on instance 1 !
2020-11-08 05:14:10 info: [Process: undefined :instance]
2020-11-08 05:14:10 info: Image jobs started on instance 1 !
2020-11-08 05:14:57 info: SIA SERVER IS RUNNING!!!, on   port :8080
2020-11-08 05:14:57 info: Created optimizedImages directory
2020-11-08 05:14:57 info: Created originalImages directory
2020-11-08 05:14:57 info: Created optimizedImages directory
2020-11-08 05:15:10 info: [Process: undefined :instance]
2020-11-08 05:15:10 info: Image jobs started on instance 1 !
2020-11-08 05:16:10 info: [Process: undefined :instance]
2020-11-08 05:16:10 info: Image jobs started on instance 1 !
2020-11-08 05:17:10 info: [Process: undefined :instance]
2020-11-08 05:17:10 info: Image jobs started on instance 1 !
2020-11-08 05:18:10 info: [Process: undefined :instance]
2020-11-08 05:18:10 info: Image jobs started on instance 1 !
2020-11-08 05:19:10 info: [Process: undefined :instance]
2020-11-08 05:19:10 info: Image jobs started on instance 1 !
2020-11-08 05:20:10 info: [Process: undefined :instance]
2020-11-08 05:20:10 info: Image jobs started on instance 1 !
2020-11-08 05:21:10 info: [Process: undefined :instance]
2020-11-08 05:21:10 info: Image jobs started on instance 1 !
2020-11-08 05:22:10 info: [Process: undefined :instance]
2020-11-08 05:22:10 info: Image jobs started on instance 1 !
2020-11-08 05:23:10 info: [Process: undefined :instance]
2020-11-08 05:23:10 info: Image jobs started on instance 1 !
2020-11-08 05:24:10 info: [Process: undefined :instance]
2020-11-08 05:24:10 info: Image jobs started on instance 1 !
2020-11-08 05:25:10 info: [Process: undefined :instance]
2020-11-08 05:25:10 info: Image jobs started on instance 1 !
2020-11-08 05:26:10 info: [Process: undefined :instance]
2020-11-08 05:26:10 info: Image jobs started on instance 1 !
2020-11-08 05:27:10 info: [Process: undefined :instance]
2020-11-08 05:27:10 info: Image jobs started on instance 1 !
2020-11-08 05:28:10 info: [Process: undefined :instance]
2020-11-08 05:28:10 info: Image jobs started on instance 1 !
2020-11-08 05:29:10 info: [Process: undefined :instance]
2020-11-08 05:29:10 info: Image jobs started on instance 1 !
2020-11-08 05:30:10 info: [Process: undefined :instance]
2020-11-08 05:30:10 info: Image jobs started on instance 1 !
2020-11-08 05:31:10 info: [Process: undefined :instance]
2020-11-08 05:31:10 info: Image jobs started on instance 1 !
2020-11-08 05:32:10 info: [Process: undefined :instance]
2020-11-08 05:32:10 info: Image jobs started on instance 1 !
2020-11-08 05:32:40 info: SIA SERVER IS RUNNING!!!, on   port :8080
2020-11-08 05:32:40 info: Created optimizedImages directory
2020-11-08 05:32:40 info: Created originalImages directory
2020-11-08 05:32:40 info: Created optimizedImages directory
2020-11-08 05:33:10 info: [Process: undefined :instance]
2020-11-08 05:33:10 info: Image jobs started on instance 1 !
2020-11-08 05:34:10 info: [Process: undefined :instance]
2020-11-08 05:34:10 info: Image jobs started on instance 1 !
2020-11-08 05:35:10 info: [Process: undefined :instance]
2020-11-08 05:35:10 info: Image jobs started on instance 1 !
2020-11-08 05:36:10 info: [Process: undefined :instance]
2020-11-08 05:36:10 info: Image jobs started on instance 1 !
2020-11-08 05:37:10 info: [Process: undefined :instance]
2020-11-08 05:37:10 info: Image jobs started on instance 1 !
2020-11-08 05:38:10 info: [Process: undefined :instance]
2020-11-08 05:38:10 info: Image jobs started on instance 1 !
2020-11-08 05:39:10 info: [Process: undefined :instance]
2020-11-08 05:39:10 info: Image jobs started on instance 1 !
2020-11-08 05:40:10 info: [Process: undefined :instance]
2020-11-08 05:40:10 info: Image jobs started on instance 1 !
2020-11-08 05:41:10 info: [Process: undefined :instance]
2020-11-08 05:41:10 info: Image jobs started on instance 1 !
2020-11-08 05:42:10 info: [Process: undefined :instance]
2020-11-08 05:42:10 info: Image jobs started on instance 1 !
2020-11-08 05:43:10 info: [Process: undefined :instance]
2020-11-08 05:43:10 info: Image jobs started on instance 1 !
2020-11-08 05:44:10 info: [Process: undefined :instance]
2020-11-08 05:44:10 info: Image jobs started on instance 1 !
2020-11-08 05:45:10 info: [Process: undefined :instance]
2020-11-08 05:45:10 info: Image jobs started on instance 1 !
2020-11-08 05:45:17 info: SIA SERVER IS RUNNING!!!, on   port :8080
2020-11-08 05:45:17 info: Created optimizedImages directory
2020-11-08 05:45:17 info: Created optimizedImages directory
2020-11-08 05:45:17 info: Created originalImages directory
2020-11-08 05:46:10 info: [Process: undefined :instance]
2020-11-08 05:46:10 info: Image jobs started on instance 1 !
2020-11-08 05:47:10 info: [Process: undefined :instance]
2020-11-08 05:47:10 info: Image jobs started on instance 1 !
2020-11-08 05:48:10 info: [Process: undefined :instance]
2020-11-08 05:48:10 info: Image jobs started on instance 1 !
2020-11-08 05:49:10 info: [Process: undefined :instance]
2020-11-08 05:49:10 info: Image jobs started on instance 1 !
2020-11-08 05:50:10 info: [Process: undefined :instance]
2020-11-08 05:50:10 info: Image jobs started on instance 1 !
2020-11-08 05:51:10 info: [Process: undefined :instance]
2020-11-08 05:51:10 info: Image jobs started on instance 1 !
2020-11-08 05:52:10 info: [Process: undefined :instance]
2020-11-08 05:52:10 info: Image jobs started on instance 1 !
2020-11-08 05:53:10 info: [Process: undefined :instance]
2020-11-08 05:53:10 info: Image jobs started on instance 1 !
2020-11-08 05:54:10 info: [Process: undefined :instance]
2020-11-08 05:54:10 info: Image jobs started on instance 1 !
2020-11-08 05:55:10 info: [Process: undefined :instance]
2020-11-08 05:55:10 info: Image jobs started on instance 1 !
2020-11-08 05:56:10 info: [Process: undefined :instance]
2020-11-08 05:56:10 info: Image jobs started on instance 1 !
2020-11-08 05:57:10 info: [Process: undefined :instance]
2020-11-08 05:57:10 info: Image jobs started on instance 1 !
2020-11-08 05:58:10 info: [Process: undefined :instance]
2020-11-08 05:58:10 info: Image jobs started on instance 1 !
2020-11-08 05:59:10 info: [Process: undefined :instance]
2020-11-08 05:59:10 info: Image jobs started on instance 1 !
2020-11-08 06:00:10 info: [Process: undefined :instance]
2020-11-08 06:00:10 info: Image jobs started on instance 1 !
2020-11-08 06:01:10 info: [Process: undefined :instance]
2020-11-08 06:01:10 info: Image jobs started on instance 1 !
2020-11-08 06:02:10 info: [Process: undefined :instance]
2020-11-08 06:02:10 info: Image jobs started on instance 1 !
2020-11-08 06:03:10 info: [Process: undefined :instance]
2020-11-08 06:03:10 info: Image jobs started on instance 1 !
2020-11-08 06:04:10 info: [Process: undefined :instance]
2020-11-08 06:04:10 info: Image jobs started on instance 1 !
2020-11-08 06:05:10 info: [Process: undefined :instance]
2020-11-08 06:05:10 info: Image jobs started on instance 1 !
2020-11-08 06:06:10 info: [Process: undefined :instance]
2020-11-08 06:06:10 info: Image jobs started on instance 1 !
2020-11-08 06:07:10 info: [Process: undefined :instance]
2020-11-08 06:07:10 info: Image jobs started on instance 1 !
2020-11-08 06:08:10 info: [Process: undefined :instance]
2020-11-08 06:08:10 info: Image jobs started on instance 1 !
2020-11-08 06:09:10 info: [Process: undefined :instance]
2020-11-08 06:09:10 info: Image jobs started on instance 1 !
2020-11-08 06:10:10 info: [Process: undefined :instance]
2020-11-08 06:10:10 info: Image jobs started on instance 1 !
2020-11-08 06:11:10 info: [Process: undefined :instance]
2020-11-08 06:11:10 info: Image jobs started on instance 1 !
2020-11-08 06:12:10 info: [Process: undefined :instance]
2020-11-08 06:12:10 info: Image jobs started on instance 1 !
2020-11-08 06:13:10 info: [Process: undefined :instance]
2020-11-08 06:13:10 info: Image jobs started on instance 1 !
2020-11-08 06:14:10 info: [Process: undefined :instance]
2020-11-08 06:14:10 info: Image jobs started on instance 1 !
2020-11-08 06:15:10 info: [Process: undefined :instance]
2020-11-08 06:15:10 info: Image jobs started on instance 1 !
2020-11-08 06:16:10 info: [Process: undefined :instance]
2020-11-08 06:16:10 info: Image jobs started on instance 1 !
2020-11-08 06:17:10 info: [Process: undefined :instance]
2020-11-08 06:17:10 info: Image jobs started on instance 1 !
2020-11-08 06:18:10 info: [Process: undefined :instance]
2020-11-08 06:18:10 info: Image jobs started on instance 1 !
2020-11-08 06:19:10 info: [Process: undefined :instance]
2020-11-08 06:19:10 info: Image jobs started on instance 1 !
2020-11-08 06:20:10 info: [Process: undefined :instance]
2020-11-08 06:20:10 info: Image jobs started on instance 1 !
2020-11-08 06:21:10 info: [Process: undefined :instance]
2020-11-08 06:21:10 info: Image jobs started on instance 1 !
2020-11-08 06:22:10 info: [Process: undefined :instance]
2020-11-08 06:22:10 info: Image jobs started on instance 1 !
2020-11-08 06:23:10 info: [Process: undefined :instance]
2020-11-08 06:23:10 info: Image jobs started on instance 1 !
2020-11-08 06:24:10 info: [Process: undefined :instance]
2020-11-08 06:24:10 info: Image jobs started on instance 1 !
2020-11-08 06:25:10 info: [Process: undefined :instance]
2020-11-08 06:25:10 info: Image jobs started on instance 1 !
2020-11-08 06:26:10 info: [Process: undefined :instance]
2020-11-08 06:26:10 info: Image jobs started on instance 1 !
2020-11-08 06:27:10 info: [Process: undefined :instance]
2020-11-08 06:27:10 info: Image jobs started on instance 1 !
2020-11-08 06:28:10 info: [Process: undefined :instance]
2020-11-08 06:28:10 info: Image jobs started on instance 1 !
2020-11-08 06:29:10 info: [Process: undefined :instance]
2020-11-08 06:29:10 info: Image jobs started on instance 1 !
2020-11-08 06:30:10 info: [Process: undefined :instance]
2020-11-08 06:30:10 info: Image jobs started on instance 1 !
2020-11-08 06:31:10 info: [Process: undefined :instance]
2020-11-08 06:31:10 info: Image jobs started on instance 1 !
2020-11-08 06:32:10 info: [Process: undefined :instance]
2020-11-08 06:32:10 info: Image jobs started on instance 1 !
2020-11-08 06:33:10 info: [Process: undefined :instance]
2020-11-08 06:33:10 info: Image jobs started on instance 1 !
2020-11-08 06:34:10 info: [Process: undefined :instance]
2020-11-08 06:34:10 info: Image jobs started on instance 1 !
2020-11-08 06:35:10 info: [Process: undefined :instance]
2020-11-08 06:35:10 info: Image jobs started on instance 1 !
2020-11-08 06:36:10 info: [Process: undefined :instance]
2020-11-08 06:36:10 info: Image jobs started on instance 1 !
2020-11-08 06:37:10 info: [Process: undefined :instance]
2020-11-08 06:37:10 info: Image jobs started on instance 1 !
2020-11-08 06:38:10 info: [Process: undefined :instance]
2020-11-08 06:38:10 info: Image jobs started on instance 1 !
2020-11-08 06:39:10 info: [Process: undefined :instance]
2020-11-08 06:39:10 info: Image jobs started on instance 1 !
2020-11-08 06:40:10 info: [Process: undefined :instance]
2020-11-08 06:40:10 info: Image jobs started on instance 1 !
2020-11-08 06:41:10 info: [Process: undefined :instance]
2020-11-08 06:41:10 info: Image jobs started on instance 1 !
2020-11-08 06:42:10 info: [Process: undefined :instance]
2020-11-08 06:42:10 info: Image jobs started on instance 1 !
2020-11-08 06:43:10 info: [Process: undefined :instance]
2020-11-08 06:43:10 info: Image jobs started on instance 1 !
2020-11-08 06:44:10 info: [Process: undefined :instance]
2020-11-08 06:44:10 info: Image jobs started on instance 1 !
2020-11-08 06:45:10 info: [Process: undefined :instance]
2020-11-08 06:45:10 info: Image jobs started on instance 1 !
2020-11-08 06:46:10 info: [Process: undefined :instance]
2020-11-08 06:46:10 info: Image jobs started on instance 1 !
2020-11-08 06:47:10 info: [Process: undefined :instance]
2020-11-08 06:47:10 info: Image jobs started on instance 1 !
2020-11-08 06:48:10 info: [Process: undefined :instance]
2020-11-08 06:48:10 info: Image jobs started on instance 1 !
2020-11-08 06:49:10 info: [Process: undefined :instance]
2020-11-08 06:49:10 info: Image jobs started on instance 1 !
2020-11-08 06:50:10 info: [Process: undefined :instance]
2020-11-08 06:50:10 info: Image jobs started on instance 1 !
2020-11-08 06:51:10 info: [Process: undefined :instance]
2020-11-08 06:51:10 info: Image jobs started on instance 1 !
2020-11-08 06:52:10 info: [Process: undefined :instance]
2020-11-08 06:52:10 info: Image jobs started on instance 1 !
2020-11-08 06:53:10 info: [Process: undefined :instance]
2020-11-08 06:53:10 info: Image jobs started on instance 1 !
2020-11-08 06:54:10 info: [Process: undefined :instance]
2020-11-08 06:54:10 info: Image jobs started on instance 1 !
2020-11-08 06:55:10 info: [Process: undefined :instance]
2020-11-08 06:55:10 info: Image jobs started on instance 1 !
2020-11-08 06:56:10 info: [Process: undefined :instance]
2020-11-08 06:56:10 info: Image jobs started on instance 1 !
2020-11-08 06:57:10 info: [Process: undefined :instance]
2020-11-08 06:57:10 info: Image jobs started on instance 1 !
2020-11-08 06:58:10 info: [Process: undefined :instance]
2020-11-08 06:58:10 info: Image jobs started on instance 1 !
2020-11-08 06:59:10 info: [Process: undefined :instance]
2020-11-08 06:59:10 info: Image jobs started on instance 1 !
2020-11-08 07:00:10 info: [Process: undefined :instance]
2020-11-08 07:00:10 info: Image jobs started on instance 1 !
2020-11-08 07:01:10 info: [Process: undefined :instance]
2020-11-08 07:01:10 info: Image jobs started on instance 1 !
2020-11-08 07:01:35 info: SIA SERVER IS RUNNING!!!, on   port :8080
2020-11-08 07:01:35 info: Created optimizedImages directory
2020-11-08 07:01:35 info: Created optimizedImages directory
2020-11-08 07:01:35 info: Created originalImages directory
2020-11-08 07:02:10 info: [Process: undefined :instance]
2020-11-08 07:02:10 info: Image jobs started on instance 1 !
2020-11-08 07:03:10 info: [Process: undefined :instance]
2020-11-08 07:03:10 info: Image jobs started on instance 1 !
2020-11-08 07:04:10 info: [Process: undefined :instance]
2020-11-08 07:04:10 info: Image jobs started on instance 1 !
2020-11-08 07:05:10 info: [Process: undefined :instance]
2020-11-08 07:05:10 info: Image jobs started on instance 1 !
2020-11-08 07:06:10 info: [Process: undefined :instance]
2020-11-08 07:06:10 info: Image jobs started on instance 1 !
2020-11-08 07:07:10 info: [Process: undefined :instance]
2020-11-08 07:07:10 info: Image jobs started on instance 1 !
2020-11-08 07:08:10 info: [Process: undefined :instance]
2020-11-08 07:08:10 info: Image jobs started on instance 1 !
2020-11-08 07:09:10 info: [Process: undefined :instance]
2020-11-08 07:09:10 info: Image jobs started on instance 1 !
2020-11-08 07:10:10 info: [Process: undefined :instance]
2020-11-08 07:10:10 info: Image jobs started on instance 1 !
2020-11-08 07:11:10 info: [Process: undefined :instance]
2020-11-08 07:11:10 info: Image jobs started on instance 1 !
2020-11-08 07:12:10 info: [Process: undefined :instance]
2020-11-08 07:12:10 info: Image jobs started on instance 1 !
2020-11-08 07:13:10 info: [Process: undefined :instance]
2020-11-08 07:13:10 info: Image jobs started on instance 1 !
2020-11-08 07:14:10 info: [Process: undefined :instance]
2020-11-08 07:14:10 info: Image jobs started on instance 1 !
2020-11-08 07:15:10 info: [Process: undefined :instance]
2020-11-08 07:15:10 info: Image jobs started on instance 1 !
2020-11-08 07:18:27 info: SIA SERVER IS RUNNING!!!, on   port :8080
2020-11-08 07:18:27 info: Created optimizedImages directory
2020-11-08 07:18:27 info: Created optimizedImages directory
2020-11-08 07:18:27 info: Created originalImages directory
2020-11-08 07:18:47 info: SIA SERVER IS RUNNING!!!, on   port :8080
2020-11-08 07:18:47 info: Created optimizedImages directory
2020-11-08 07:18:47 info: Created optimizedImages directory
2020-11-08 07:18:47 info: Created originalImages directory
2020-11-08 07:19:10 info: [Process: undefined :instance]
2020-11-08 07:19:10 info: Image jobs started on instance 1 !
2020-11-08 07:19:55 info: SIA SERVER IS RUNNING!!!, on   port :8080
2020-11-08 07:19:55 info: Created optimizedImages directory
2020-11-08 07:19:55 info: Created optimizedImages directory
2020-11-08 07:19:55 info: Created originalImages directory
2020-11-08 07:20:10 info: [Process: undefined :instance]
2020-11-08 07:20:10 info: Image jobs started on instance 1 !
2020-11-08 07:21:10 info: [Process: undefined :instance]
2020-11-08 07:21:10 info: Image jobs started on instance 1 !
2020-11-08 07:22:10 info: [Process: undefined :instance]
2020-11-08 07:22:10 info: Image jobs started on instance 1 !
2020-11-08 07:23:10 info: [Process: undefined :instance]
2020-11-08 07:23:10 info: Image jobs started on instance 1 !
2020-11-08 07:24:10 info: [Process: undefined :instance]
2020-11-08 07:24:10 info: Image jobs started on instance 1 !
2020-11-08 07:25:10 info: [Process: undefined :instance]
2020-11-08 07:25:10 info: Image jobs started on instance 1 !
2020-11-08 07:26:10 info: [Process: undefined :instance]
2020-11-08 07:26:10 info: Image jobs started on instance 1 !
2020-11-08 07:27:10 info: [Process: undefined :instance]
2020-11-08 07:27:10 info: Image jobs started on instance 1 !
2020-11-08 07:28:10 info: [Process: undefined :instance]
2020-11-08 07:28:10 info: Image jobs started on instance 1 !
2020-11-08 07:28:48 info: SIA SERVER IS RUNNING!!!, on   port :8080
2020-11-08 07:28:48 info: Created optimizedImages directory
2020-11-08 07:28:48 info: Created optimizedImages directory
2020-11-08 07:28:48 info: Created originalImages directory
2020-11-08 07:29:10 info: [Process: undefined :instance]
2020-11-08 07:29:10 info: Image jobs started on instance 1 !
2020-11-08 07:30:10 info: [Process: undefined :instance]
2020-11-08 07:30:10 info: Image jobs started on instance 1 !
2020-11-08 07:31:10 info: [Process: undefined :instance]
2020-11-08 07:31:10 info: Image jobs started on instance 1 !
2020-11-08 07:32:10 info: [Process: undefined :instance]
2020-11-08 07:32:10 info: Image jobs started on instance 1 !
2020-11-08 07:33:10 info: [Process: undefined :instance]
2020-11-08 07:33:10 info: Image jobs started on instance 1 !
2020-11-08 07:34:10 info: [Process: undefined :instance]
2020-11-08 07:34:10 info: Image jobs started on instance 1 !
2020-11-08 07:35:10 info: [Process: undefined :instance]
2020-11-08 07:35:10 info: Image jobs started on instance 1 !
2020-11-08 07:36:10 info: [Process: undefined :instance]
2020-11-08 07:36:10 info: Image jobs started on instance 1 !
2020-11-08 07:37:10 info: [Process: undefined :instance]
2020-11-08 07:37:10 info: Image jobs started on instance 1 !
2020-11-08 07:38:10 info: [Process: undefined :instance]
2020-11-08 07:38:10 info: Image jobs started on instance 1 !
2020-11-08 07:39:10 info: [Process: undefined :instance]
2020-11-08 07:39:10 info: Image jobs started on instance 1 !
2020-11-08 07:40:10 info: [Process: undefined :instance]
2020-11-08 07:40:10 info: Image jobs started on instance 1 !
2020-11-08 07:41:10 info: [Process: undefined :instance]
2020-11-08 07:41:10 info: Image jobs started on instance 1 !
2020-11-08 07:42:10 info: [Process: undefined :instance]
2020-11-08 07:42:10 info: Image jobs started on instance 1 !
2020-11-08 07:43:10 info: [Process: undefined :instance]
2020-11-08 07:43:10 info: Image jobs started on instance 1 !
2020-11-08 07:44:10 info: [Process: undefined :instance]
2020-11-08 07:44:10 info: Image jobs started on instance 1 !
2020-11-08 07:45:10 info: [Process: undefined :instance]
2020-11-08 07:45:10 info: Image jobs started on instance 1 !
2020-11-08 07:46:10 info: [Process: undefined :instance]
2020-11-08 07:46:10 info: Image jobs started on instance 1 !
2020-11-08 07:47:10 info: [Process: undefined :instance]
2020-11-08 07:47:10 info: Image jobs started on instance 1 !
2020-11-08 07:48:10 info: [Process: undefined :instance]
2020-11-08 07:48:10 info: Image jobs started on instance 1 !
2020-11-08 07:49:10 info: [Process: undefined :instance]
2020-11-08 07:49:10 info: Image jobs started on instance 1 !
2020-11-08 07:50:10 info: [Process: undefined :instance]
2020-11-08 07:50:10 info: Image jobs started on instance 1 !
2020-11-08 07:51:10 info: [Process: undefined :instance]
2020-11-08 07:51:10 info: Image jobs started on instance 1 !
2020-11-08 07:52:10 info: [Process: undefined :instance]
2020-11-08 07:52:10 info: Image jobs started on instance 1 !
2020-11-08 07:53:10 info: [Process: undefined :instance]
2020-11-08 07:53:10 info: Image jobs started on instance 1 !
2020-11-08 07:54:10 info: [Process: undefined :instance]
2020-11-08 07:54:10 info: Image jobs started on instance 1 !
2020-11-08 07:55:10 info: [Process: undefined :instance]
2020-11-08 07:55:10 info: Image jobs started on instance 1 !
2020-11-08 07:56:10 info: [Process: undefined :instance]
2020-11-08 07:56:10 info: Image jobs started on instance 1 !
2020-11-08 07:57:10 info: [Process: undefined :instance]
2020-11-08 07:57:10 info: Image jobs started on instance 1 !
2020-11-08 07:58:10 info: [Process: undefined :instance]
2020-11-08 07:58:10 info: Image jobs started on instance 1 !
2020-11-08 07:59:10 info: [Process: undefined :instance]
2020-11-08 07:59:10 info: Image jobs started on instance 1 !
2020-11-08 08:54:38 info: SIA SERVER IS RUNNING!!!, on   port :8080
2020-11-08 08:54:38 info: Created optimizedImages directory
2020-11-08 08:54:38 info: Created optimizedImages directory
2020-11-08 08:54:38 info: Created originalImages directory
2020-11-08 08:55:10 info: [Process: undefined :instance]
2020-11-08 08:55:10 info: Image jobs started on instance 1 !
2020-11-08 08:55:53 info: SIA SERVER IS RUNNING!!!, on   port :8080
2020-11-08 08:55:53 info: Created optimizedImages directory
2020-11-08 08:55:53 info: Created originalImages directory
2020-11-08 08:55:53 info: Created optimizedImages directory
2020-11-08 08:56:10 info: [Process: undefined :instance]
2020-11-08 08:56:10 info: Image jobs started on instance 1 !
2020-11-08 08:56:26 info: SIA SERVER IS RUNNING!!!, on   port :8080
2020-11-08 08:56:26 info: Created optimizedImages directory
2020-11-08 08:56:26 info: Created optimizedImages directory
2020-11-08 08:56:26 info: Created originalImages directory
2020-11-08 08:57:10 info: [Process: undefined :instance]
2020-11-08 08:57:10 info: Image jobs started on instance 1 !
2020-11-08 08:57:43 info: SIA SERVER IS RUNNING!!!, on   port :8080
2020-11-08 08:57:43 info: Created optimizedImages directory
2020-11-08 08:57:43 info: Created originalImages directory
2020-11-08 08:57:43 info: Created optimizedImages directory
2020-11-08 08:57:52 info: SIA SERVER IS RUNNING!!!, on   port :8080
2020-11-08 08:57:52 info: Created optimizedImages directory
2020-11-08 08:57:52 info: Created originalImages directory
2020-11-08 08:57:52 info: Created optimizedImages directory
2020-11-08 08:58:10 info: [Process: undefined :instance]
2020-11-08 08:58:10 info: Image jobs started on instance 1 !
2020-11-08 08:58:40 info: SIA SERVER IS RUNNING!!!, on   port :8080
2020-11-08 08:58:40 info: Created optimizedImages directory
2020-11-08 08:58:40 info: Created originalImages directory
2020-11-08 08:58:40 info: Created optimizedImages directory
2020-11-08 08:59:10 info: [Process: undefined :instance]
2020-11-08 08:59:10 info: Image jobs started on instance 1 !
2020-11-08 09:00:10 info: [Process: undefined :instance]
2020-11-08 09:00:10 info: Image jobs started on instance 1 !
2020-11-08 09:01:10 info: [Process: undefined :instance]
2020-11-08 09:01:10 info: Image jobs started on instance 1 !
2020-11-08 09:01:31 info: SIA SERVER IS RUNNING!!!, on   port :8080
2020-11-08 09:01:31 info: Created optimizedImages directory
2020-11-08 09:01:31 info: Created optimizedImages directory
2020-11-08 09:01:31 info: Created originalImages directory
2020-11-08 09:02:10 info: SIA SERVER IS RUNNING!!!, on   port :8080
2020-11-08 09:02:10 info: Created optimizedImages directory
2020-11-08 09:02:10 info: Created originalImages directory
2020-11-08 09:02:10 info: Created optimizedImages directory
2020-11-08 09:03:08 info: SIA SERVER IS RUNNING!!!, on   port :8080
2020-11-08 09:03:08 info: Created optimizedImages directory
2020-11-08 09:03:08 info: Created optimizedImages directory
2020-11-08 09:03:08 info: Created originalImages directory
2020-11-08 09:03:10 info: [Process: undefined :instance]
2020-11-08 09:03:10 info: Image jobs started on instance 1 !
2020-11-08 09:03:37 info: SIA SERVER IS RUNNING!!!, on   port :8080
2020-11-08 09:03:37 info: Created optimizedImages directory
2020-11-08 09:03:37 info: Created originalImages directory
2020-11-08 09:03:37 info: Created optimizedImages directory
2020-11-08 09:03:49 info: SIA SERVER IS RUNNING!!!, on   port :8080
2020-11-08 09:03:49 info: Created optimizedImages directory
2020-11-08 09:03:49 info: Created optimizedImages directory
2020-11-08 09:03:49 info: Created originalImages directory
2020-11-08 09:04:10 info: [Process: undefined :instance]
2020-11-08 09:04:10 info: Image jobs started on instance 1 !
2020-11-08 09:04:57 info: SIA SERVER IS RUNNING!!!, on   port :8080
2020-11-08 09:04:57 info: Created optimizedImages directory
2020-11-08 09:04:57 info: Created originalImages directory
2020-11-08 09:04:57 info: Created optimizedImages directory
2020-11-08 09:05:10 info: [Process: undefined :instance]
2020-11-08 09:05:10 info: Image jobs started on instance 1 !
2020-11-08 09:06:10 info: [Process: undefined :instance]
2020-11-08 09:06:10 info: Image jobs started on instance 1 !
2020-11-08 09:07:10 info: [Process: undefined :instance]
2020-11-08 09:07:10 info: Image jobs started on instance 1 !
2020-11-08 09:08:10 info: [Process: undefined :instance]
2020-11-08 09:08:10 info: Image jobs started on instance 1 !
2020-11-08 09:09:01 info: SIA SERVER IS RUNNING!!!, on   port :8080
2020-11-08 09:09:01 info: Created optimizedImages directory
2020-11-08 09:09:01 info: Created originalImages directory
2020-11-08 09:09:01 info: Created optimizedImages directory
2020-11-08 09:09:10 info: [Process: undefined :instance]
2020-11-08 09:09:10 info: Image jobs started on instance 1 !
2020-11-08 09:10:10 info: [Process: undefined :instance]
2020-11-08 09:10:10 info: Image jobs started on instance 1 !
2020-11-08 09:11:10 info: [Process: undefined :instance]
2020-11-08 09:11:10 info: Image jobs started on instance 1 !
2020-11-08 09:12:10 info: [Process: undefined :instance]
2020-11-08 09:12:10 info: Image jobs started on instance 1 !
2020-11-08 09:12:53 info: SIA SERVER IS RUNNING!!!, on   port :8080
2020-11-08 09:12:53 info: Created optimizedImages directory
2020-11-08 09:12:53 info: Created optimizedImages directory
2020-11-08 09:12:53 info: Created originalImages directory
2020-11-08 09:13:10 info: [Process: undefined :instance]
2020-11-08 09:13:10 info: Image jobs started on instance 1 !
2020-11-08 09:13:33 info: SIA SERVER IS RUNNING!!!, on   port :8080
2020-11-08 09:13:33 info: Created optimizedImages directory
2020-11-08 09:13:33 info: Created optimizedImages directory
2020-11-08 09:13:33 info: Created originalImages directory
2020-11-08 09:14:10 info: [Process: undefined :instance]
2020-11-08 09:14:10 info: Image jobs started on instance 1 !
2020-11-08 09:14:49 info: SIA SERVER IS RUNNING!!!, on   port :8080
2020-11-08 09:14:49 info: Created optimizedImages directory
2020-11-08 09:14:49 info: Created optimizedImages directory
2020-11-08 09:14:49 info: Created originalImages directory
2020-11-08 09:15:10 info: [Process: undefined :instance]
2020-11-08 09:15:10 info: Image jobs started on instance 1 !
2020-11-08 09:16:10 info: [Process: undefined :instance]
2020-11-08 09:16:10 info: Image jobs started on instance 1 !
2020-11-08 09:17:10 info: [Process: undefined :instance]
2020-11-08 09:17:10 info: Image jobs started on instance 1 !
2020-11-08 09:18:10 info: [Process: undefined :instance]
2020-11-08 09:18:10 info: Image jobs started on instance 1 !
2020-11-08 09:19:10 info: [Process: undefined :instance]
2020-11-08 09:19:10 info: Image jobs started on instance 1 !
2020-11-08 09:20:10 info: [Process: undefined :instance]
2020-11-08 09:20:10 info: Image jobs started on instance 1 !
2020-11-08 09:21:10 info: [Process: undefined :instance]
2020-11-08 09:21:10 info: Image jobs started on instance 1 !
2020-11-08 09:22:10 info: [Process: undefined :instance]
2020-11-08 09:22:10 info: Image jobs started on instance 1 !
2020-11-08 09:22:54 info: SIA SERVER IS RUNNING!!!, on   port :8080
2020-11-08 09:22:54 info: Created optimizedImages directory
2020-11-08 09:22:54 info: Created originalImages directory
2020-11-08 09:22:54 info: Created optimizedImages directory
2020-11-08 09:23:10 info: [Process: undefined :instance]
2020-11-08 09:23:10 info: Image jobs started on instance 1 !
2020-11-08 09:24:10 info: [Process: undefined :instance]
2020-11-08 09:24:10 info: Image jobs started on instance 1 !
2020-11-08 09:25:10 info: [Process: undefined :instance]
2020-11-08 09:25:10 info: Image jobs started on instance 1 !
2020-11-08 09:26:10 info: [Process: undefined :instance]
2020-11-08 09:26:10 info: Image jobs started on instance 1 !
2020-11-08 09:27:10 info: [Process: undefined :instance]
2020-11-08 09:27:10 info: Image jobs started on instance 1 !
2020-11-08 09:28:10 info: [Process: undefined :instance]
2020-11-08 09:28:10 info: Image jobs started on instance 1 !
2020-11-08 09:28:36 info: SIA SERVER IS RUNNING!!!, on   port :8080
2020-11-08 09:28:36 info: Created optimizedImages directory
2020-11-08 09:28:36 info: Created optimizedImages directory
2020-11-08 09:28:36 info: Created originalImages directory
2020-11-08 09:29:10 info: [Process: undefined :instance]
2020-11-08 09:29:10 info: Image jobs started on instance 1 !
2020-11-08 09:29:27 info: SIA SERVER IS RUNNING!!!, on   port :8080
2020-11-08 09:29:27 info: Created optimizedImages directory
2020-11-08 09:29:27 info: Created originalImages directory
2020-11-08 09:29:27 info: Created optimizedImages directory
2020-11-08 09:30:10 info: [Process: undefined :instance]
2020-11-08 09:30:10 info: Image jobs started on instance 1 !
2020-11-08 09:30:35 info: SIA SERVER IS RUNNING!!!, on   port :8080
2020-11-08 09:30:35 info: Created optimizedImages directory
2020-11-08 09:30:35 info: Created optimizedImages directory
2020-11-08 09:30:35 info: Created originalImages directory
2020-11-08 09:31:10 info: [Process: undefined :instance]
2020-11-08 09:31:10 info: Image jobs started on instance 1 !
2020-11-08 09:31:13 info: SIA SERVER IS RUNNING!!!, on   port :8080
2020-11-08 09:31:14 info: Created optimizedImages directory
2020-11-08 09:31:14 info: Created originalImages directory
2020-11-08 09:31:14 info: Created optimizedImages directory
2020-11-08 09:32:10 info: [Process: undefined :instance]
2020-11-08 09:32:10 info: Image jobs started on instance 1 !
2020-11-08 09:33:10 info: [Process: undefined :instance]
2020-11-08 09:33:10 info: Image jobs started on instance 1 !
2020-11-08 09:33:38 info: SIA SERVER IS RUNNING!!!, on   port :8080
2020-11-08 09:33:38 info: Created optimizedImages directory
2020-11-08 09:33:38 info: Created optimizedImages directory
2020-11-08 09:33:38 info: Created originalImages directory
2020-11-08 09:34:10 info: [Process: undefined :instance]
2020-11-08 09:34:10 info: Image jobs started on instance 1 !
2020-11-08 09:35:10 info: [Process: undefined :instance]
2020-11-08 09:35:10 info: Image jobs started on instance 1 !
2020-11-08 09:36:10 info: [Process: undefined :instance]
2020-11-08 09:36:10 info: Image jobs started on instance 1 !
2020-11-08 09:37:10 info: [Process: undefined :instance]
2020-11-08 09:37:10 info: Image jobs started on instance 1 !
2020-11-08 09:38:10 info: [Process: undefined :instance]
2020-11-08 09:38:10 info: Image jobs started on instance 1 !
2020-11-08 09:39:10 info: [Process: undefined :instance]
2020-11-08 09:39:10 info: Image jobs started on instance 1 !
2020-11-08 09:40:10 info: [Process: undefined :instance]
2020-11-08 09:40:10 info: Image jobs started on instance 1 !
2020-11-08 09:41:10 info: [Process: undefined :instance]
2020-11-08 09:41:10 info: Image jobs started on instance 1 !
2020-11-08 09:42:10 info: [Process: undefined :instance]
2020-11-08 09:42:10 info: Image jobs started on instance 1 !
2020-11-08 09:43:10 info: [Process: undefined :instance]
2020-11-08 09:43:10 info: Image jobs started on instance 1 !
2020-11-08 09:44:10 info: [Process: undefined :instance]
2020-11-08 09:44:10 info: Image jobs started on instance 1 !
2020-11-08 09:45:10 info: [Process: undefined :instance]
2020-11-08 09:45:10 info: Image jobs started on instance 1 !
2020-11-08 09:46:10 info: [Process: undefined :instance]
2020-11-08 09:46:10 info: Image jobs started on instance 1 !
2020-11-08 09:47:10 info: [Process: undefined :instance]
2020-11-08 09:47:10 info: Image jobs started on instance 1 !
2020-11-08 09:48:10 info: [Process: undefined :instance]
2020-11-08 09:48:10 info: Image jobs started on instance 1 !
2020-11-08 09:49:10 info: [Process: undefined :instance]
2020-11-08 09:49:10 info: Image jobs started on instance 1 !
2020-11-08 09:50:10 info: [Process: undefined :instance]
2020-11-08 09:50:10 info: Image jobs started on instance 1 !
2020-11-08 09:50:27 info: SIA SERVER IS RUNNING!!!, on   port :8080
2020-11-08 09:50:27 info: Created optimizedImages directory
2020-11-08 09:50:27 info: Created optimizedImages directory
2020-11-08 09:50:27 info: Created originalImages directory
2020-11-08 09:51:10 info: [Process: undefined :instance]
2020-11-08 09:51:10 info: Image jobs started on instance 1 !
2020-11-08 09:52:10 info: [Process: undefined :instance]
2020-11-08 09:52:10 info: Image jobs started on instance 1 !
2020-11-08 09:53:10 info: [Process: undefined :instance]
2020-11-08 09:53:10 info: Image jobs started on instance 1 !
2020-11-08 09:54:10 info: [Process: undefined :instance]
2020-11-08 09:54:10 info: Image jobs started on instance 1 !
2020-11-08 09:55:10 info: [Process: undefined :instance]
2020-11-08 09:55:10 info: Image jobs started on instance 1 !
2020-11-08 09:56:10 info: [Process: undefined :instance]
2020-11-08 09:56:10 info: Image jobs started on instance 1 !
2020-11-08 09:57:10 info: [Process: undefined :instance]
2020-11-08 09:57:10 info: Image jobs started on instance 1 !
2020-11-08 09:58:10 info: [Process: undefined :instance]
2020-11-08 09:58:10 info: Image jobs started on instance 1 !
2020-11-08 09:59:10 info: [Process: undefined :instance]
2020-11-08 09:59:10 info: Image jobs started on instance 1 !
2020-11-08 10:00:10 info: [Process: undefined :instance]
2020-11-08 10:00:10 info: Image jobs started on instance 1 !
2020-11-08 10:01:10 info: [Process: undefined :instance]
2020-11-08 10:01:10 info: Image jobs started on instance 1 !
2020-11-08 10:02:10 info: [Process: undefined :instance]
2020-11-08 10:02:10 info: Image jobs started on instance 1 !
2020-11-08 10:03:10 info: [Process: undefined :instance]
2020-11-08 10:03:10 info: Image jobs started on instance 1 !
2020-11-08 10:04:10 info: [Process: undefined :instance]
2020-11-08 10:04:10 info: Image jobs started on instance 1 !
2020-11-08 10:05:10 info: [Process: undefined :instance]
2020-11-08 10:05:10 info: Image jobs started on instance 1 !
2020-11-08 10:06:10 info: [Process: undefined :instance]
2020-11-08 10:06:10 info: Image jobs started on instance 1 !
2020-11-08 10:07:10 info: [Process: undefined :instance]
2020-11-08 10:07:10 info: Image jobs started on instance 1 !
2020-11-08 10:08:10 info: [Process: undefined :instance]
2020-11-08 10:08:10 info: Image jobs started on instance 1 !
2020-11-08 10:08:55 info: SIA SERVER IS RUNNING!!!, on   port :8080
2020-11-08 10:08:55 info: Created optimizedImages directory
2020-11-08 10:08:55 info: Created optimizedImages directory
2020-11-08 10:08:55 info: Created originalImages directory
2020-11-08 10:09:10 info: [Process: undefined :instance]
2020-11-08 10:09:10 info: Image jobs started on instance 1 !
2020-11-08 10:10:09 info: SIA SERVER IS RUNNING!!!, on   port :8080
2020-11-08 10:10:09 info: Created optimizedImages directory
2020-11-08 10:10:09 info: Created optimizedImages directory
2020-11-08 10:10:09 info: Created originalImages directory
2020-11-08 10:10:10 info: [Process: undefined :instance]
2020-11-08 10:10:10 info: Image jobs started on instance 1 !
2020-11-08 10:10:51 info: SIA SERVER IS RUNNING!!!, on   port :8080
2020-11-08 10:10:51 info: Created optimizedImages directory
2020-11-08 10:10:51 info: Created originalImages directory
2020-11-08 10:10:51 info: Created optimizedImages directory
2020-11-08 10:10:54 info: SIA SERVER IS RUNNING!!!, on   port :8080
2020-11-08 10:10:54 info: Created optimizedImages directory
2020-11-08 10:10:54 info: Created optimizedImages directory
2020-11-08 10:10:54 info: Created originalImages directory
2020-11-08 10:11:10 info: [Process: undefined :instance]
2020-11-08 10:11:10 info: Image jobs started on instance 1 !
2020-11-08 10:12:10 info: [Process: undefined :instance]
2020-11-08 10:12:10 info: Image jobs started on instance 1 !
2020-11-08 10:13:10 info: [Process: undefined :instance]
2020-11-08 10:13:10 info: Image jobs started on instance 1 !
2020-11-08 10:13:14 info: SIA SERVER IS RUNNING!!!, on   port :8080
2020-11-08 10:13:14 info: Created optimizedImages directory
2020-11-08 10:13:14 info: Created optimizedImages directory
2020-11-08 10:13:14 info: Created originalImages directory
2020-11-08 10:13:39 info: SIA SERVER IS RUNNING!!!, on   port :8080
2020-11-08 10:13:39 info: Created optimizedImages directory
2020-11-08 10:13:39 info: Created optimizedImages directory
2020-11-08 10:13:39 info: Created originalImages directory
2020-11-08 10:13:51 info: SIA SERVER IS RUNNING!!!, on   port :8080
2020-11-08 10:13:51 info: Created optimizedImages directory
2020-11-08 10:13:51 info: Created optimizedImages directory
2020-11-08 10:13:51 info: Created originalImages directory
2020-11-08 10:14:06 info: SIA SERVER IS RUNNING!!!, on   port :8080
2020-11-08 10:14:06 info: Created optimizedImages directory
2020-11-08 10:14:06 info: Created optimizedImages directory
2020-11-08 10:14:06 info: Created originalImages directory
2020-11-08 10:14:10 info: [Process: undefined :instance]
2020-11-08 10:14:10 info: Image jobs started on instance 1 !
2020-11-08 10:15:10 info: [Process: undefined :instance]
2020-11-08 10:15:10 info: Image jobs started on instance 1 !
2020-11-08 10:16:10 info: [Process: undefined :instance]
2020-11-08 10:16:10 info: Image jobs started on instance 1 !
2020-11-08 10:17:10 info: [Process: undefined :instance]
2020-11-08 10:17:10 info: Image jobs started on instance 1 !
2020-11-08 10:18:10 info: [Process: undefined :instance]
2020-11-08 10:18:10 info: Image jobs started on instance 1 !
2020-11-08 10:19:10 info: [Process: undefined :instance]
2020-11-08 10:19:10 info: Image jobs started on instance 1 !
2020-11-08 10:20:10 info: [Process: undefined :instance]
2020-11-08 10:20:10 info: Image jobs started on instance 1 !
2020-11-08 10:21:10 info: [Process: undefined :instance]
2020-11-08 10:21:10 info: Image jobs started on instance 1 !
2020-11-08 10:22:10 info: [Process: undefined :instance]
2020-11-08 10:22:10 info: Image jobs started on instance 1 !
2020-11-08 10:23:10 info: [Process: undefined :instance]
2020-11-08 10:23:10 info: Image jobs started on instance 1 !
2020-11-08 10:24:10 info: [Process: undefined :instance]
2020-11-08 10:24:10 info: Image jobs started on instance 1 !
2020-11-08 10:25:10 info: [Process: undefined :instance]
2020-11-08 10:25:10 info: Image jobs started on instance 1 !
2020-11-08 10:26:10 info: [Process: undefined :instance]
2020-11-08 10:26:10 info: Image jobs started on instance 1 !
2020-11-08 10:27:10 info: [Process: undefined :instance]
2020-11-08 10:27:10 info: Image jobs started on instance 1 !
2020-11-08 10:28:10 info: [Process: undefined :instance]
2020-11-08 10:28:10 info: Image jobs started on instance 1 !
2020-11-08 10:29:10 info: [Process: undefined :instance]
2020-11-08 10:29:10 info: Image jobs started on instance 1 !
2020-11-08 10:30:10 info: [Process: undefined :instance]
2020-11-08 10:30:10 info: Image jobs started on instance 1 !
2020-11-08 10:31:10 info: [Process: undefined :instance]
2020-11-08 10:31:10 info: Image jobs started on instance 1 !
2020-11-08 10:32:10 info: [Process: undefined :instance]
2020-11-08 10:32:10 info: Image jobs started on instance 1 !
2020-11-08 10:33:10 info: [Process: undefined :instance]
2020-11-08 10:33:10 info: Image jobs started on instance 1 !
2020-11-08 10:33:50 info: SIA SERVER IS RUNNING!!!, on   port :8080
2020-11-08 10:33:50 info: Created optimizedImages directory
2020-11-08 10:33:50 info: Created optimizedImages directory
2020-11-08 10:33:50 info: Created originalImages directory
2020-11-08 10:34:10 info: [Process: undefined :instance]
2020-11-08 10:34:10 info: Image jobs started on instance 1 !
2020-11-08 10:35:10 info: [Process: undefined :instance]
2020-11-08 10:35:10 info: Image jobs started on instance 1 !
2020-11-08 10:36:10 info: [Process: undefined :instance]
2020-11-08 10:36:10 info: Image jobs started on instance 1 !
2020-11-08 10:37:10 info: [Process: undefined :instance]
2020-11-08 10:37:10 info: Image jobs started on instance 1 !
2020-11-08 10:38:10 info: [Process: undefined :instance]
2020-11-08 10:38:10 info: Image jobs started on instance 1 !
2020-11-08 10:39:10 info: [Process: undefined :instance]
2020-11-08 10:39:10 info: Image jobs started on instance 1 !
2020-11-08 10:40:10 info: [Process: undefined :instance]
2020-11-08 10:40:10 info: Image jobs started on instance 1 !
2020-11-08 10:41:10 info: [Process: undefined :instance]
2020-11-08 10:41:10 info: Image jobs started on instance 1 !
2020-11-08 10:41:30 info: SIA SERVER IS RUNNING!!!, on   port :8080
2020-11-08 10:41:30 info: Created optimizedImages directory
2020-11-08 10:41:30 info: Created originalImages directory
2020-11-08 10:41:30 info: Created optimizedImages directory
2020-11-08 10:42:01 info: SIA SERVER IS RUNNING!!!, on   port :8080
2020-11-08 10:42:01 info: Created optimizedImages directory
2020-11-08 10:42:01 info: Created originalImages directory
2020-11-08 10:42:01 info: Created optimizedImages directory
2020-11-08 10:42:10 info: [Process: undefined :instance]
2020-11-08 10:42:10 info: Image jobs started on instance 1 !
2020-11-08 10:43:10 info: [Process: undefined :instance]
2020-11-08 10:43:10 info: Image jobs started on instance 1 !
2020-11-08 10:44:10 info: [Process: undefined :instance]
2020-11-08 10:44:10 info: Image jobs started on instance 1 !
2020-11-08 10:44:33 info: SIA SERVER IS RUNNING!!!, on   port :8080
2020-11-08 10:44:33 info: Created optimizedImages directory
2020-11-08 10:44:33 info: Created optimizedImages directory
2020-11-08 10:44:33 info: Created originalImages directory
2020-11-08 10:45:10 info: [Process: undefined :instance]
2020-11-08 10:45:10 info: Image jobs started on instance 1 !
2020-11-08 10:46:10 info: [Process: undefined :instance]
2020-11-08 10:46:10 info: Image jobs started on instance 1 !
2020-11-08 10:47:10 info: [Process: undefined :instance]
2020-11-08 10:47:10 info: Image jobs started on instance 1 !
2020-11-08 10:48:10 info: [Process: undefined :instance]
2020-11-08 10:48:10 info: Image jobs started on instance 1 !
2020-11-08 10:49:10 info: [Process: undefined :instance]
2020-11-08 10:49:10 info: Image jobs started on instance 1 !
2020-11-08 10:50:10 info: [Process: undefined :instance]
2020-11-08 10:50:10 info: Image jobs started on instance 1 !
2020-11-08 10:51:10 info: [Process: undefined :instance]
2020-11-08 10:51:10 info: Image jobs started on instance 1 !
2020-11-08 10:52:10 info: [Process: undefined :instance]
2020-11-08 10:52:10 info: Image jobs started on instance 1 !
2020-11-08 10:53:10 info: [Process: undefined :instance]
2020-11-08 10:53:10 info: Image jobs started on instance 1 !
2020-11-08 10:54:10 info: [Process: undefined :instance]
2020-11-08 10:54:10 info: Image jobs started on instance 1 !
2020-11-08 10:55:10 info: [Process: undefined :instance]
2020-11-08 10:55:10 info: Image jobs started on instance 1 !
2020-11-08 10:56:10 info: [Process: undefined :instance]
2020-11-08 10:56:10 info: Image jobs started on instance 1 !
2020-11-08 10:57:10 info: [Process: undefined :instance]
2020-11-08 10:57:10 info: Image jobs started on instance 1 !
2020-11-08 10:58:10 info: [Process: undefined :instance]
2020-11-08 10:58:10 info: Image jobs started on instance 1 !
2020-11-08 10:59:10 info: [Process: undefined :instance]
2020-11-08 10:59:10 info: Image jobs started on instance 1 !
2020-11-08 11:00:10 info: [Process: undefined :instance]
2020-11-08 11:00:10 info: Image jobs started on instance 1 !
2020-11-08 11:01:10 info: [Process: undefined :instance]
2020-11-08 11:01:10 info: Image jobs started on instance 1 !
2020-11-08 11:02:10 info: [Process: undefined :instance]
2020-11-08 11:02:10 info: Image jobs started on instance 1 !
2020-11-08 11:03:10 info: [Process: undefined :instance]
2020-11-08 11:03:10 info: Image jobs started on instance 1 !
2020-11-08 11:04:10 info: [Process: undefined :instance]
2020-11-08 11:04:10 info: Image jobs started on instance 1 !
2020-11-08 11:05:10 info: [Process: undefined :instance]
2020-11-08 11:05:10 info: Image jobs started on instance 1 !
2020-11-08 11:06:10 info: [Process: undefined :instance]
2020-11-08 11:06:10 info: Image jobs started on instance 1 !
2020-11-08 11:07:10 info: [Process: undefined :instance]
2020-11-08 11:07:10 info: Image jobs started on instance 1 !
2020-11-08 11:08:10 info: [Process: undefined :instance]
2020-11-08 11:08:10 info: Image jobs started on instance 1 !
2020-11-08 11:09:10 info: [Process: undefined :instance]
2020-11-08 11:09:10 info: Image jobs started on instance 1 !
2020-11-08 11:10:10 info: [Process: undefined :instance]
2020-11-08 11:10:10 info: Image jobs started on instance 1 !
2020-11-08 11:11:10 info: [Process: undefined :instance]
2020-11-08 11:11:10 info: Image jobs started on instance 1 !
2020-11-08 11:12:10 info: [Process: undefined :instance]
2020-11-08 11:12:10 info: Image jobs started on instance 1 !
2020-11-08 11:13:10 info: [Process: undefined :instance]
2020-11-08 11:13:10 info: Image jobs started on instance 1 !
2020-11-08 11:14:10 info: [Process: undefined :instance]
2020-11-08 11:14:10 info: Image jobs started on instance 1 !
2020-11-08 11:15:10 info: [Process: undefined :instance]
2020-11-08 11:15:10 info: Image jobs started on instance 1 !
2020-11-08 11:16:10 info: [Process: undefined :instance]
2020-11-08 11:16:10 info: Image jobs started on instance 1 !
2020-11-08 11:17:10 info: [Process: undefined :instance]
2020-11-08 11:17:10 info: Image jobs started on instance 1 !
2020-11-08 18:29:48 info: SIA SERVER IS RUNNING!!!, on   port :8080
2020-11-08 18:29:48 info: Created optimizedImages directory
2020-11-08 18:29:48 info: Created optimizedImages directory
2020-11-08 18:29:48 info: Created originalImages directory
2020-11-08 18:30:10 info: [Process: undefined :instance]
2020-11-08 18:30:10 info: Image jobs started on instance 1 !
2020-11-08 18:31:10 info: [Process: undefined :instance]
2020-11-08 18:31:10 info: Image jobs started on instance 1 !
2020-11-08 18:32:10 info: [Process: undefined :instance]
2020-11-08 18:32:10 info: Image jobs started on instance 1 !
2020-11-08 18:33:10 info: [Process: undefined :instance]
2020-11-08 18:33:10 info: Image jobs started on instance 1 !
2020-11-08 18:34:10 info: [Process: undefined :instance]
2020-11-08 18:34:10 info: Image jobs started on instance 1 !
2020-11-08 18:35:10 info: [Process: undefined :instance]
2020-11-08 18:35:10 info: Image jobs started on instance 1 !
2020-11-08 18:36:10 info: [Process: undefined :instance]
2020-11-08 18:36:10 info: Image jobs started on instance 1 !
2020-11-08 18:37:10 info: [Process: undefined :instance]
2020-11-08 18:37:10 info: Image jobs started on instance 1 !
2020-11-08 18:38:10 info: [Process: undefined :instance]
2020-11-08 18:38:10 info: Image jobs started on instance 1 !
2020-11-08 18:39:10 info: [Process: undefined :instance]
2020-11-08 18:39:10 info: Image jobs started on instance 1 !
2020-11-08 18:40:10 info: [Process: undefined :instance]
2020-11-08 18:40:10 info: Image jobs started on instance 1 !
2020-11-08 18:41:10 info: [Process: undefined :instance]
2020-11-08 18:41:10 info: Image jobs started on instance 1 !
2020-11-08 18:42:10 info: [Process: undefined :instance]
2020-11-08 18:42:10 info: Image jobs started on instance 1 !
2020-11-08 18:43:10 info: [Process: undefined :instance]
2020-11-08 18:43:10 info: Image jobs started on instance 1 !
2020-11-08 18:44:10 info: [Process: undefined :instance]
2020-11-08 18:44:10 info: Image jobs started on instance 1 !
2020-11-08 18:45:10 info: [Process: undefined :instance]
2020-11-08 18:45:10 info: Image jobs started on instance 1 !
2020-11-08 18:46:10 info: [Process: undefined :instance]
2020-11-08 18:46:10 info: Image jobs started on instance 1 !
2020-11-08 18:47:10 info: [Process: undefined :instance]
2020-11-08 18:47:10 info: Image jobs started on instance 1 !
2020-11-08 18:48:10 info: [Process: undefined :instance]
2020-11-08 18:48:10 info: Image jobs started on instance 1 !
2020-11-08 18:49:10 info: [Process: undefined :instance]
2020-11-08 18:49:10 info: Image jobs started on instance 1 !
2020-11-08 18:50:10 info: [Process: undefined :instance]
2020-11-08 18:50:10 info: Image jobs started on instance 1 !
2020-11-08 18:51:10 info: [Process: undefined :instance]
2020-11-08 18:51:10 info: Image jobs started on instance 1 !
2020-11-08 18:52:10 info: [Process: undefined :instance]
2020-11-08 18:52:10 info: Image jobs started on instance 1 !
2020-11-08 18:53:10 info: [Process: undefined :instance]
2020-11-08 18:53:10 info: Image jobs started on instance 1 !
2020-11-08 18:54:10 info: [Process: undefined :instance]
2020-11-08 18:54:10 info: Image jobs started on instance 1 !
2020-11-08 18:55:10 info: [Process: undefined :instance]
2020-11-08 18:55:10 info: Image jobs started on instance 1 !
2020-11-08 18:56:10 info: [Process: undefined :instance]
2020-11-08 18:56:10 info: Image jobs started on instance 1 !
2020-11-08 18:57:10 info: [Process: undefined :instance]
2020-11-08 18:57:10 info: Image jobs started on instance 1 !
2020-11-08 18:58:10 info: [Process: undefined :instance]
2020-11-08 18:58:10 info: Image jobs started on instance 1 !
2020-11-08 18:59:10 info: [Process: undefined :instance]
2020-11-08 18:59:10 info: Image jobs started on instance 1 !
2020-11-08 19:00:10 info: [Process: undefined :instance]
2020-11-08 19:00:10 info: Image jobs started on instance 1 !
2020-11-08 19:01:10 info: [Process: undefined :instance]
2020-11-08 19:01:10 info: Image jobs started on instance 1 !
2020-11-08 19:02:10 info: [Process: undefined :instance]
2020-11-08 19:02:10 info: Image jobs started on instance 1 !
2020-11-08 19:03:10 info: [Process: undefined :instance]
2020-11-08 19:03:10 info: Image jobs started on instance 1 !
2020-11-08 19:04:10 info: [Process: undefined :instance]
2020-11-08 19:04:10 info: Image jobs started on instance 1 !
2020-11-08 19:05:10 info: [Process: undefined :instance]
2020-11-08 19:05:10 info: Image jobs started on instance 1 !
2020-11-08 19:06:10 info: [Process: undefined :instance]
2020-11-08 19:06:10 info: Image jobs started on instance 1 !
2020-11-08 19:07:10 info: [Process: undefined :instance]
2020-11-08 19:07:10 info: Image jobs started on instance 1 !
2020-11-08 19:08:10 info: [Process: undefined :instance]
2020-11-08 19:08:10 info: Image jobs started on instance 1 !
2020-11-08 19:09:10 info: [Process: undefined :instance]
2020-11-08 19:09:10 info: Image jobs started on instance 1 !
2020-11-08 19:10:10 info: [Process: undefined :instance]
2020-11-08 19:10:10 info: Image jobs started on instance 1 !
2020-11-08 19:11:10 info: [Process: undefined :instance]
2020-11-08 19:11:10 info: Image jobs started on instance 1 !
2020-11-08 19:12:10 info: [Process: undefined :instance]
2020-11-08 19:12:10 info: Image jobs started on instance 1 !
2020-11-08 19:13:10 info: [Process: undefined :instance]
2020-11-08 19:13:10 info: Image jobs started on instance 1 !
2020-11-08 19:14:10 info: [Process: undefined :instance]
2020-11-08 19:14:10 info: Image jobs started on instance 1 !
2020-11-08 19:15:10 info: [Process: undefined :instance]
2020-11-08 19:15:10 info: Image jobs started on instance 1 !
2020-11-08 19:16:10 info: [Process: undefined :instance]
2020-11-08 19:16:10 info: Image jobs started on instance 1 !
2020-11-08 19:17:10 info: [Process: undefined :instance]
2020-11-08 19:17:10 info: Image jobs started on instance 1 !
2020-11-08 19:18:10 info: [Process: undefined :instance]
2020-11-08 19:18:10 info: Image jobs started on instance 1 !
2020-11-08 19:19:10 info: [Process: undefined :instance]
2020-11-08 19:19:10 info: Image jobs started on instance 1 !
2020-11-08 19:20:10 info: [Process: undefined :instance]
2020-11-08 19:20:10 info: Image jobs started on instance 1 !
2020-11-08 19:21:10 info: [Process: undefined :instance]
2020-11-08 19:21:10 info: Image jobs started on instance 1 !
2020-11-08 19:22:10 info: [Process: undefined :instance]
2020-11-08 19:22:10 info: Image jobs started on instance 1 !
2020-11-08 19:23:10 info: [Process: undefined :instance]
2020-11-08 19:23:10 info: Image jobs started on instance 1 !
2020-11-08 19:24:10 info: [Process: undefined :instance]
2020-11-08 19:24:10 info: Image jobs started on instance 1 !
2020-11-08 19:25:10 info: [Process: undefined :instance]
2020-11-08 19:25:10 info: Image jobs started on instance 1 !
2020-11-08 19:26:10 info: [Process: undefined :instance]
2020-11-08 19:26:10 info: Image jobs started on instance 1 !
2020-11-08 19:27:10 info: [Process: undefined :instance]
2020-11-08 19:27:10 info: Image jobs started on instance 1 !
2020-11-08 19:28:10 info: [Process: undefined :instance]
2020-11-08 19:28:10 info: Image jobs started on instance 1 !
2020-11-08 19:29:10 info: [Process: undefined :instance]
2020-11-08 19:29:10 info: Image jobs started on instance 1 !
2020-11-08 19:30:10 info: [Process: undefined :instance]
2020-11-08 19:30:10 info: Image jobs started on instance 1 !
2020-11-08 19:31:10 info: [Process: undefined :instance]
2020-11-08 19:31:10 info: Image jobs started on instance 1 !
2020-11-08 19:32:10 info: [Process: undefined :instance]
2020-11-08 19:32:10 info: Image jobs started on instance 1 !
2020-11-08 19:33:10 info: [Process: undefined :instance]
2020-11-08 19:33:10 info: Image jobs started on instance 1 !
2020-11-08 19:34:10 info: [Process: undefined :instance]
2020-11-08 19:34:10 info: Image jobs started on instance 1 !
2020-11-08 19:35:10 info: [Process: undefined :instance]
2020-11-08 19:35:10 info: Image jobs started on instance 1 !
2020-11-08 19:36:10 info: [Process: undefined :instance]
2020-11-08 19:36:10 info: Image jobs started on instance 1 !
2020-11-08 19:37:10 info: [Process: undefined :instance]
2020-11-08 19:37:10 info: Image jobs started on instance 1 !
2020-11-08 19:38:10 info: [Process: undefined :instance]
2020-11-08 19:38:10 info: Image jobs started on instance 1 !
2020-11-08 19:39:10 info: [Process: undefined :instance]
2020-11-08 19:39:10 info: Image jobs started on instance 1 !
2020-11-08 19:40:10 info: [Process: undefined :instance]
2020-11-08 19:40:10 info: Image jobs started on instance 1 !
2020-11-08 19:41:10 info: [Process: undefined :instance]
2020-11-08 19:41:10 info: Image jobs started on instance 1 !
2020-11-08 19:42:10 info: [Process: undefined :instance]
2020-11-08 19:42:10 info: Image jobs started on instance 1 !
2020-11-08 20:17:46 info: SIA SERVER IS RUNNING!!!, on   port :8080
2020-11-08 20:17:46 info: Created optimizedImages directory
2020-11-08 20:17:46 info: Created optimizedImages directory
2020-11-08 20:17:46 info: Created originalImages directory
2020-11-08 20:18:10 info: [Process: undefined :instance]
2020-11-08 20:18:10 info: Image jobs started on instance 1 !
2020-11-08 20:19:10 info: [Process: undefined :instance]
2020-11-08 20:19:10 info: Image jobs started on instance 1 !
2020-11-08 20:20:10 info: [Process: undefined :instance]
2020-11-08 20:20:10 info: Image jobs started on instance 1 !
2020-11-08 20:21:10 info: [Process: undefined :instance]
2020-11-08 20:21:10 info: Image jobs started on instance 1 !
2020-11-08 20:22:10 info: [Process: undefined :instance]
2020-11-08 20:22:10 info: Image jobs started on instance 1 !
2020-11-08 20:23:10 info: [Process: undefined :instance]
2020-11-08 20:23:10 info: Image jobs started on instance 1 !
2020-11-08 20:24:10 info: [Process: undefined :instance]
2020-11-08 20:24:10 info: Image jobs started on instance 1 !
2020-11-08 20:25:10 info: [Process: undefined :instance]
2020-11-08 20:25:10 info: Image jobs started on instance 1 !
2020-11-08 20:26:10 info: [Process: undefined :instance]
2020-11-08 20:26:10 info: Image jobs started on instance 1 !
2020-11-08 20:27:10 info: [Process: undefined :instance]
2020-11-08 20:27:10 info: Image jobs started on instance 1 !
2020-11-08 20:28:10 info: [Process: undefined :instance]
2020-11-08 20:28:10 info: Image jobs started on instance 1 !
2020-11-08 20:29:10 info: [Process: undefined :instance]
2020-11-08 20:29:10 info: Image jobs started on instance 1 !
2020-11-08 20:30:10 info: [Process: undefined :instance]
2020-11-08 20:30:10 info: Image jobs started on instance 1 !
2020-11-08 20:31:10 info: [Process: undefined :instance]
2020-11-08 20:31:10 info: Image jobs started on instance 1 !
2020-11-08 20:32:10 info: [Process: undefined :instance]
2020-11-08 20:32:10 info: Image jobs started on instance 1 !
2020-11-08 20:33:10 info: [Process: undefined :instance]
2020-11-08 20:33:10 info: Image jobs started on instance 1 !
2020-11-08 20:34:10 info: [Process: undefined :instance]
2020-11-08 20:34:10 info: Image jobs started on instance 1 !
2020-11-08 20:35:10 info: [Process: undefined :instance]
2020-11-08 20:35:10 info: Image jobs started on instance 1 !
2020-11-08 20:36:10 info: [Process: undefined :instance]
2020-11-08 20:36:10 info: Image jobs started on instance 1 !
2020-11-08 20:37:10 info: [Process: undefined :instance]
2020-11-08 20:37:10 info: Image jobs started on instance 1 !
2020-11-08 20:38:10 info: [Process: undefined :instance]
2020-11-08 20:38:10 info: Image jobs started on instance 1 !
2020-11-08 20:39:10 info: [Process: undefined :instance]
2020-11-08 20:39:10 info: Image jobs started on instance 1 !
2020-11-08 20:40:10 info: [Process: undefined :instance]
2020-11-08 20:40:10 info: Image jobs started on instance 1 !
2020-11-08 20:41:10 info: [Process: undefined :instance]
2020-11-08 20:41:10 info: Image jobs started on instance 1 !
2020-11-08 20:41:18 info: SIA SERVER IS RUNNING!!!, on   port :8080
2020-11-08 20:41:18 info: Created optimizedImages directory
2020-11-08 20:41:18 info: Created optimizedImages directory
2020-11-08 20:41:18 info: Created originalImages directory
2020-11-08 20:42:10 info: [Process: undefined :instance]
2020-11-08 20:42:10 info: Image jobs started on instance 1 !
2020-11-08 20:43:10 info: [Process: undefined :instance]
2020-11-08 20:43:10 info: Image jobs started on instance 1 !
2020-11-08 20:44:10 info: [Process: undefined :instance]
2020-11-08 20:44:10 info: Image jobs started on instance 1 !
2020-11-08 20:45:10 info: [Process: undefined :instance]
2020-11-08 20:45:10 info: Image jobs started on instance 1 !
2020-11-08 20:46:10 info: [Process: undefined :instance]
2020-11-08 20:46:10 info: Image jobs started on instance 1 !
2020-11-08 20:47:10 info: [Process: undefined :instance]
2020-11-08 20:47:10 info: Image jobs started on instance 1 !
2020-11-08 20:48:10 info: [Process: undefined :instance]
2020-11-08 20:48:10 info: Image jobs started on instance 1 !
2020-11-08 20:49:10 info: [Process: undefined :instance]
2020-11-08 20:49:10 info: Image jobs started on instance 1 !
2020-11-08 20:50:10 info: [Process: undefined :instance]
2020-11-08 20:50:10 info: Image jobs started on instance 1 !
2020-11-08 20:51:10 info: [Process: undefined :instance]
2020-11-08 20:51:10 info: Image jobs started on instance 1 !
2020-11-08 20:52:10 info: [Process: undefined :instance]
2020-11-08 20:52:10 info: Image jobs started on instance 1 !
2020-11-08 20:53:10 info: [Process: undefined :instance]
2020-11-08 20:53:10 info: Image jobs started on instance 1 !
2020-11-08 20:54:10 info: [Process: undefined :instance]
2020-11-08 20:54:10 info: Image jobs started on instance 1 !
2020-11-08 20:55:10 info: [Process: undefined :instance]
2020-11-08 20:55:10 info: Image jobs started on instance 1 !
2020-11-08 20:56:10 info: [Process: undefined :instance]
2020-11-08 20:56:10 info: Image jobs started on instance 1 !
2020-11-08 20:57:10 info: [Process: undefined :instance]
2020-11-08 20:57:10 info: Image jobs started on instance 1 !
2020-11-08 20:58:10 info: [Process: undefined :instance]
2020-11-08 20:58:10 info: Image jobs started on instance 1 !
2020-11-08 20:59:10 info: [Process: undefined :instance]
2020-11-08 20:59:10 info: Image jobs started on instance 1 !
2020-11-08 21:00:10 info: [Process: undefined :instance]
2020-11-08 21:00:10 info: Image jobs started on instance 1 !
2020-11-08 21:01:10 info: [Process: undefined :instance]
2020-11-08 21:01:10 info: Image jobs started on instance 1 !
2020-11-08 21:02:10 info: [Process: undefined :instance]
2020-11-08 21:02:10 info: Image jobs started on instance 1 !
2020-11-08 21:03:10 info: [Process: undefined :instance]
2020-11-08 21:03:10 info: Image jobs started on instance 1 !
2020-11-08 21:04:10 info: [Process: undefined :instance]
2020-11-08 21:04:10 info: Image jobs started on instance 1 !
2020-11-08 21:05:10 info: [Process: undefined :instance]
2020-11-08 21:05:10 info: Image jobs started on instance 1 !
2020-11-08 21:06:10 info: [Process: undefined :instance]
2020-11-08 21:06:10 info: Image jobs started on instance 1 !
2020-11-08 21:07:10 info: [Process: undefined :instance]
2020-11-08 21:07:10 info: Image jobs started on instance 1 !
2020-11-08 21:08:10 info: [Process: undefined :instance]
2020-11-08 21:08:10 info: Image jobs started on instance 1 !
2020-11-08 21:09:10 info: [Process: undefined :instance]
2020-11-08 21:09:10 info: Image jobs started on instance 1 !
