2020-11-05 10:53:02 info: SIA SERVER IS RUNNING!!!, on   port :8080
2020-11-05 10:53:02 info: Created optimizedImages directory
2020-11-05 10:53:02 info: Created optimizedImages directory
2020-11-05 10:53:02 info: Created originalImages directory
2020-11-05 10:55:18 info: SIA SERVER IS RUNNING!!!, on   port :8080
2020-11-05 10:55:18 info: Created optimizedImages directory
2020-11-05 10:55:18 info: Created optimizedImages directory
2020-11-05 10:55:18 info: Created originalImages directory
2020-11-05 11:00:00 info: Starting DB back Up
2020-11-05 11:00:03 info: SIA SERVER IS RUNNING!!!, on   port :8080
2020-11-05 11:00:03 info: Created optimizedImages directory
2020-11-05 11:00:03 info: Created originalImages directory
2020-11-05 11:00:03 info: Created optimizedImages directory
2020-11-05 11:01:00 info: Starting dumps upload to cloud 
2020-11-05 11:01:00 info: Done zipping:
2020-11-05 11:22:36 info: SIA SERVER IS RUNNING!!!, on   port :8080
2020-11-05 11:22:37 info: Created optimizedImages directory
2020-11-05 11:22:37 info: Created originalImages directory
2020-11-05 11:22:37 info: Created optimizedImages directory
2020-11-05 11:23:08 info: SIA SERVER IS RUNNING!!!, on   port :8080
2020-11-05 11:23:08 info: Created optimizedImages directory
2020-11-05 11:23:08 info: Created originalImages directory
2020-11-05 11:23:08 info: Created optimizedImages directory
2020-11-05 11:24:36 info: SIA SERVER IS RUNNING!!!, on   port :8080
2020-11-05 11:24:36 info: Created optimizedImages directory
2020-11-05 11:24:36 info: Created optimizedImages directory
2020-11-05 11:24:36 info: Created originalImages directory
2020-11-05 11:26:27 info: SIA SERVER IS RUNNING!!!, on   port :8080
2020-11-05 11:26:27 info: Created optimizedImages directory
2020-11-05 11:26:27 info: Created originalImages directory
2020-11-05 11:26:27 info: Created optimizedImages directory
2020-11-05 16:23:01 info: SIA SERVER IS RUNNING!!!, on   port :8080
2020-11-05 16:23:01 info: Created optimizedImages directory
2020-11-05 16:23:01 info: Created originalImages directory
2020-11-05 16:23:01 info: Created optimizedImages directory
2020-11-05 16:26:09 info: SIA SERVER IS RUNNING!!!, on   port :8080
2020-11-05 16:26:09 info: Created optimizedImages directory
2020-11-05 16:26:09 info: Created optimizedImages directory
2020-11-05 16:26:09 info: Created originalImages directory
2020-11-05 16:27:31 info: SIA SERVER IS RUNNING!!!, on   port :8080
2020-11-05 16:27:31 info: Created optimizedImages directory
2020-11-05 16:27:31 info: Created optimizedImages directory
2020-11-05 16:27:31 info: Created originalImages directory
2020-11-05 16:27:58 info: SIA SERVER IS RUNNING!!!, on   port :8080
2020-11-05 16:27:58 info: Created optimizedImages directory
2020-11-05 16:27:58 info: Created optimizedImages directory
2020-11-05 16:27:58 info: Created originalImages directory
2020-11-05 16:32:45 info: SIA SERVER IS RUNNING!!!, on   port :8080
2020-11-05 16:32:45 info: Created optimizedImages directory
2020-11-05 16:32:45 info: Created originalImages directory
2020-11-05 16:32:45 info: Created optimizedImages directory
2020-11-05 16:32:58 info: SIA SERVER IS RUNNING!!!, on   port :8080
2020-11-05 16:32:58 info: Created optimizedImages directory
2020-11-05 16:32:58 info: Created optimizedImages directory
2020-11-05 16:32:58 info: Created originalImages directory
2020-11-05 16:33:22 info: SIA SERVER IS RUNNING!!!, on   port :8080
2020-11-05 16:33:22 info: Created optimizedImages directory
2020-11-05 16:33:22 info: Created originalImages directory
2020-11-05 16:33:22 info: Created optimizedImages directory
2020-11-05 16:49:58 info: SIA SERVER IS RUNNING!!!, on   port :8080
2020-11-05 16:49:58 info: Created optimizedImages directory
2020-11-05 16:49:58 info: Created originalImages directory
2020-11-05 16:49:58 info: Created optimizedImages directory
