2020-11-04 08:20:25 info: SIA SERVER IS RUNNING!!!, on   port :8080
2020-11-04 08:20:25 info: Created optimizedImages directory
2020-11-04 08:20:25 info: Created originalImages directory
2020-11-04 08:20:25 info: Created optimizedImages directory
2020-11-04 08:23:11 info: SIA SERVER IS RUNNING!!!, on   port :8080
2020-11-04 08:23:11 info: Created optimizedImages directory
2020-11-04 08:23:11 info: Created optimizedImages directory
2020-11-04 08:23:11 info: Created originalImages directory
2020-11-04 08:46:29 info: SIA SERVER IS RUNNING!!!, on   port :8080
2020-11-04 08:46:29 info: Created optimizedImages directory
2020-11-04 08:46:29 info: Created originalImages directory
2020-11-04 08:46:29 info: Created optimizedImages directory
2020-11-04 08:46:56 info: SIA SERVER IS RUNNING!!!, on   port :8080
2020-11-04 08:46:57 info: Created optimizedImages directory
2020-11-04 08:46:57 info: Created originalImages directory
2020-11-04 08:46:57 info: Created optimizedImages directory
2020-11-04 08:51:18 info: SIA SERVER IS RUNNING!!!, on   port :8080
2020-11-04 08:51:18 info: Created optimizedImages directory
2020-11-04 08:51:18 info: Created originalImages directory
2020-11-04 08:51:18 info: Created optimizedImages directory
2020-11-04 08:51:38 info: SIA SERVER IS RUNNING!!!, on   port :8080
2020-11-04 08:51:38 info: Created optimizedImages directory
2020-11-04 08:51:38 info: Created optimizedImages directory
2020-11-04 08:51:38 info: Created originalImages directory
2020-11-04 08:51:56 info: SIA SERVER IS RUNNING!!!, on   port :8080
2020-11-04 08:51:56 info: Created optimizedImages directory
2020-11-04 08:51:56 info: Created optimizedImages directory
2020-11-04 08:51:56 info: Created originalImages directory
2020-11-04 08:52:17 info: SIA SERVER IS RUNNING!!!, on   port :8080
2020-11-04 08:52:17 info: Created optimizedImages directory
2020-11-04 08:52:17 info: Created originalImages directory
2020-11-04 08:52:17 info: Created optimizedImages directory
2020-11-04 08:53:20 info: SIA SERVER IS RUNNING!!!, on   port :8080
2020-11-04 08:53:20 info: Created optimizedImages directory
2020-11-04 08:53:20 info: Created optimizedImages directory
2020-11-04 08:53:20 info: Created originalImages directory
2020-11-04 08:53:44 info: SIA SERVER IS RUNNING!!!, on   port :8080
2020-11-04 08:53:44 info: Created optimizedImages directory
2020-11-04 08:53:44 info: Created optimizedImages directory
2020-11-04 08:53:44 info: Created originalImages directory
2020-11-04 08:57:37 info: SIA SERVER IS RUNNING!!!, on   port :8080
2020-11-04 08:57:37 info: Created optimizedImages directory
2020-11-04 08:57:37 info: Created optimizedImages directory
2020-11-04 08:57:37 info: Created originalImages directory
2020-11-04 08:59:16 info: SIA SERVER IS RUNNING!!!, on   port :8080
2020-11-04 08:59:16 info: Created optimizedImages directory
2020-11-04 08:59:16 info: Created originalImages directory
2020-11-04 08:59:16 info: Created optimizedImages directory
2020-11-04 09:00:00 info: Starting DB back Up
2020-11-04 09:00:03 info: SIA SERVER IS RUNNING!!!, on   port :8080
2020-11-04 09:00:03 info: Created optimizedImages directory
2020-11-04 09:00:03 info: Created optimizedImages directory
2020-11-04 09:00:03 info: Created originalImages directory
2020-11-04 09:01:00 info: Starting dumps upload to cloud 
2020-11-04 09:01:00 info: Done zipping:
2020-11-04 09:01:19 info: SIA SERVER IS RUNNING!!!, on   port :8080
2020-11-04 09:01:19 info: Created optimizedImages directory
2020-11-04 09:01:19 info: Created optimizedImages directory
2020-11-04 09:01:19 info: Created originalImages directory
2020-11-04 09:01:37 info: SIA SERVER IS RUNNING!!!, on   port :8080
2020-11-04 09:01:37 info: Created optimizedImages directory
2020-11-04 09:01:37 info: Created optimizedImages directory
2020-11-04 09:01:37 info: Created originalImages directory
2020-11-04 09:03:28 info: SIA SERVER IS RUNNING!!!, on   port :8080
2020-11-04 09:03:28 info: Created optimizedImages directory
2020-11-04 09:03:28 info: Created optimizedImages directory
2020-11-04 09:03:28 info: Created originalImages directory
2020-11-04 09:04:07 info: SIA SERVER IS RUNNING!!!, on   port :8080
2020-11-04 09:04:07 info: Created optimizedImages directory
2020-11-04 09:04:07 info: Created optimizedImages directory
2020-11-04 09:04:07 info: Created originalImages directory
2020-11-04 09:04:11 info: SIA SERVER IS RUNNING!!!, on   port :8080
2020-11-04 09:04:11 info: Created optimizedImages directory
2020-11-04 09:04:11 info: Created originalImages directory
2020-11-04 09:04:11 info: Created optimizedImages directory
2020-11-04 09:05:57 info: SIA SERVER IS RUNNING!!!, on   port :8080
2020-11-04 09:05:57 info: Created optimizedImages directory
2020-11-04 09:05:57 info: Created optimizedImages directory
2020-11-04 09:05:57 info: Created originalImages directory
2020-11-04 09:08:31 info: SIA SERVER IS RUNNING!!!, on   port :8080
2020-11-04 09:08:31 info: Created optimizedImages directory
2020-11-04 09:08:31 info: Created optimizedImages directory
2020-11-04 09:08:31 info: Created originalImages directory
2020-11-04 09:09:21 info: SIA SERVER IS RUNNING!!!, on   port :8080
2020-11-04 09:09:21 info: Created optimizedImages directory
2020-11-04 09:09:21 info: Created originalImages directory
2020-11-04 09:09:21 info: Created optimizedImages directory
2020-11-04 09:09:46 info: SIA SERVER IS RUNNING!!!, on   port :8080
2020-11-04 09:09:46 info: Created optimizedImages directory
2020-11-04 09:09:46 info: Created originalImages directory
2020-11-04 09:09:46 info: Created optimizedImages directory
2020-11-04 09:09:56 info: SIA SERVER IS RUNNING!!!, on   port :8080
2020-11-04 09:09:56 info: Created optimizedImages directory
2020-11-04 09:09:56 info: Created optimizedImages directory
2020-11-04 09:09:56 info: Created originalImages directory
2020-11-04 09:10:32 info: SIA SERVER IS RUNNING!!!, on   port :8080
2020-11-04 09:10:32 info: Created optimizedImages directory
2020-11-04 09:10:32 info: Created originalImages directory
2020-11-04 09:10:32 info: Created optimizedImages directory
2020-11-04 09:11:15 info: SIA SERVER IS RUNNING!!!, on   port :8080
2020-11-04 09:11:15 info: Created optimizedImages directory
2020-11-04 09:11:15 info: Created optimizedImages directory
2020-11-04 09:11:15 info: Created originalImages directory
2020-11-04 09:11:23 info: SIA SERVER IS RUNNING!!!, on   port :8080
2020-11-04 09:11:23 info: Created optimizedImages directory
2020-11-04 09:11:23 info: Created optimizedImages directory
2020-11-04 09:11:23 info: Created originalImages directory
2020-11-04 09:12:03 info: SIA SERVER IS RUNNING!!!, on   port :8080
2020-11-04 09:12:03 info: Created originalImages directory
2020-11-04 09:12:03 info: Created optimizedImages directory
2020-11-04 09:12:03 info: Created optimizedImages directory
2020-11-04 09:12:14 info: SIA SERVER IS RUNNING!!!, on   port :8080
2020-11-04 09:12:14 info: Created optimizedImages directory
2020-11-04 09:12:14 info: Created originalImages directory
2020-11-04 09:12:14 info: Created optimizedImages directory
2020-11-04 09:12:41 info: SIA SERVER IS RUNNING!!!, on   port :8080
2020-11-04 09:12:41 info: Created optimizedImages directory
2020-11-04 09:12:41 info: Created originalImages directory
2020-11-04 09:12:41 info: Created optimizedImages directory
2020-11-04 09:13:37 info: SIA SERVER IS RUNNING!!!, on   port :8080
2020-11-04 09:13:37 info: Created optimizedImages directory
2020-11-04 09:13:37 info: Created optimizedImages directory
2020-11-04 09:13:37 info: Created originalImages directory
2020-11-04 09:15:20 info: SIA SERVER IS RUNNING!!!, on   port :8080
2020-11-04 09:15:20 info: Created optimizedImages directory
2020-11-04 09:15:20 info: Created optimizedImages directory
2020-11-04 09:15:20 info: Created originalImages directory
2020-11-04 09:16:24 info: SIA SERVER IS RUNNING!!!, on   port :8080
2020-11-04 09:16:24 info: Created optimizedImages directory
2020-11-04 09:16:24 info: Created optimizedImages directory
2020-11-04 09:16:24 info: Created originalImages directory
2020-11-04 09:18:09 info: SIA SERVER IS RUNNING!!!, on   port :8080
2020-11-04 09:18:09 info: Created optimizedImages directory
2020-11-04 09:18:09 info: Created originalImages directory
2020-11-04 09:18:09 info: Created optimizedImages directory
2020-11-04 09:18:22 info: SIA SERVER IS RUNNING!!!, on   port :8080
2020-11-04 09:18:22 info: Created optimizedImages directory
2020-11-04 09:18:22 info: Created optimizedImages directory
2020-11-04 09:18:22 info: Created originalImages directory
2020-11-04 09:18:47 info: SIA SERVER IS RUNNING!!!, on   port :8080
2020-11-04 09:18:47 info: Created optimizedImages directory
2020-11-04 09:18:47 info: Created originalImages directory
2020-11-04 09:18:47 info: Created optimizedImages directory
2020-11-04 09:20:29 info: SIA SERVER IS RUNNING!!!, on   port :8080
2020-11-04 09:20:29 info: Created optimizedImages directory
2020-11-04 09:20:29 info: Created optimizedImages directory
2020-11-04 09:20:29 info: Created originalImages directory
2020-11-04 09:21:20 info: SIA SERVER IS RUNNING!!!, on   port :8080
2020-11-04 09:21:20 info: Created optimizedImages directory
2020-11-04 09:21:20 info: Created optimizedImages directory
2020-11-04 09:21:20 info: Created originalImages directory
2020-11-04 09:22:11 info: SIA SERVER IS RUNNING!!!, on   port :8080
2020-11-04 09:22:11 info: Created optimizedImages directory
2020-11-04 09:22:11 info: Created optimizedImages directory
2020-11-04 09:22:11 info: Created originalImages directory
2020-11-04 09:23:01 info: SIA SERVER IS RUNNING!!!, on   port :8080
2020-11-04 09:23:01 info: Created optimizedImages directory
2020-11-04 09:23:01 info: Created optimizedImages directory
2020-11-04 09:23:01 info: Created originalImages directory
2020-11-04 09:26:41 info: SIA SERVER IS RUNNING!!!, on   port :8080
2020-11-04 09:26:41 info: Created optimizedImages directory
2020-11-04 09:26:41 info: Created originalImages directory
2020-11-04 09:26:41 info: Created optimizedImages directory
2020-11-04 09:26:50 info: SIA SERVER IS RUNNING!!!, on   port :8080
2020-11-04 09:26:50 info: Created optimizedImages directory
2020-11-04 09:26:50 info: Created optimizedImages directory
2020-11-04 09:26:50 info: Created originalImages directory
2020-11-04 09:28:00 info: SIA SERVER IS RUNNING!!!, on   port :8080
2020-11-04 09:28:00 info: Created optimizedImages directory
2020-11-04 09:28:00 info: Created originalImages directory
2020-11-04 09:28:00 info: Created optimizedImages directory
2020-11-04 09:29:17 info: SIA SERVER IS RUNNING!!!, on   port :8080
2020-11-04 09:29:17 info: Created optimizedImages directory
2020-11-04 09:29:17 info: Created originalImages directory
2020-11-04 09:29:17 info: Created optimizedImages directory
2020-11-04 09:29:21 info: SIA SERVER IS RUNNING!!!, on   port :8080
2020-11-04 09:29:21 info: Created optimizedImages directory
2020-11-04 09:29:21 info: Created optimizedImages directory
2020-11-04 09:29:21 info: Created originalImages directory
2020-11-04 09:29:40 info: SIA SERVER IS RUNNING!!!, on   port :8080
2020-11-04 09:29:40 info: Created optimizedImages directory
2020-11-04 09:29:40 info: Created originalImages directory
2020-11-04 09:29:40 info: Created optimizedImages directory
2020-11-04 09:36:04 info: SIA SERVER IS RUNNING!!!, on   port :8080
2020-11-04 09:36:04 info: Created optimizedImages directory
2020-11-04 09:36:04 info: Created originalImages directory
2020-11-04 09:36:04 info: Created optimizedImages directory
2020-11-04 09:51:19 info: SIA SERVER IS RUNNING!!!, on   port :8080
2020-11-04 09:51:19 info: Created optimizedImages directory
2020-11-04 09:51:19 info: Created optimizedImages directory
2020-11-04 09:51:19 info: Created originalImages directory
2020-11-04 09:53:58 info: SIA SERVER IS RUNNING!!!, on   port :8080
2020-11-04 09:53:58 info: Created optimizedImages directory
2020-11-04 09:53:58 info: Created originalImages directory
2020-11-04 09:53:58 info: Created optimizedImages directory
2020-11-04 09:54:23 info: SIA SERVER IS RUNNING!!!, on   port :8080
2020-11-04 09:54:23 info: Created optimizedImages directory
2020-11-04 09:54:23 info: Created originalImages directory
2020-11-04 09:54:23 info: Created optimizedImages directory
2020-11-04 10:00:00 info: Starting DB back Up
2020-11-04 10:00:04 info: SIA SERVER IS RUNNING!!!, on   port :8080
2020-11-04 10:00:04 info: Created optimizedImages directory
2020-11-04 10:00:04 info: Created optimizedImages directory
2020-11-04 10:00:04 info: Created originalImages directory
2020-11-04 10:01:00 info: Starting dumps upload to cloud 
2020-11-04 10:01:00 info: Done zipping:
2020-11-04 10:03:22 info: SIA SERVER IS RUNNING!!!, on   port :8080
2020-11-04 10:03:22 info: Created optimizedImages directory
2020-11-04 10:03:22 info: Created originalImages directory
2020-11-04 10:03:22 info: Created optimizedImages directory
2020-11-04 10:11:20 info: SIA SERVER IS RUNNING!!!, on   port :8080
2020-11-04 10:11:20 info: Created optimizedImages directory
2020-11-04 10:11:20 info: Created optimizedImages directory
2020-11-04 10:11:20 info: Created originalImages directory
2020-11-04 11:00:00 info: Starting DB back Up
2020-11-04 11:00:04 info: SIA SERVER IS RUNNING!!!, on   port :8080
2020-11-04 11:00:04 info: Created optimizedImages directory
2020-11-04 11:00:04 info: Created optimizedImages directory
2020-11-04 11:00:04 info: Created originalImages directory
2020-11-04 11:01:00 info: Starting dumps upload to cloud 
2020-11-04 11:01:00 info: Done zipping:
2020-11-04 13:55:20 info: SIA SERVER IS RUNNING!!!, on   port :8080
2020-11-04 13:55:20 info: Created optimizedImages directory
2020-11-04 13:55:20 info: Created originalImages directory
2020-11-04 13:55:20 info: Created optimizedImages directory
2020-11-04 14:00:00 info: Starting DB back Up
2020-11-04 14:00:03 info: SIA SERVER IS RUNNING!!!, on   port :8080
2020-11-04 14:00:03 info: Created optimizedImages directory
2020-11-04 14:00:03 info: Created originalImages directory
2020-11-04 14:00:03 info: Created optimizedImages directory
2020-11-04 14:01:00 info: Starting dumps upload to cloud 
2020-11-04 14:01:00 info: Done zipping:
