2020-09-24 06:37:57 info: Created optimizedImages directory
2020-09-24 06:37:57 info: Created optimizedImages directory
2020-09-24 06:37:57 info: Created originalImages directory
2020-09-24 06:45:40 info: Created optimizedImages directory
2020-09-24 06:45:40 info: Created optimizedImages directory
2020-09-24 06:45:40 info: Created originalImages directory
2020-09-24 06:46:48 info: Created optimizedImages directory
2020-09-24 06:46:48 info: Created optimizedImages directory
2020-09-24 06:46:48 info: Created originalImages directory
2020-09-24 06:47:31 info: Created optimizedImages directory
2020-09-24 06:47:31 info: Created originalImages directory
2020-09-24 06:47:31 info: Created optimizedImages directory
2020-09-24 06:50:11 info: Created optimizedImages directory
2020-09-24 06:50:11 info: Created originalImages directory
2020-09-24 06:50:11 info: Created optimizedImages directory
2020-09-24 06:51:14 info: Created optimizedImages directory
2020-09-24 06:51:14 info: Created originalImages directory
2020-09-24 06:51:14 info: Created optimizedImages directory
2020-09-24 07:02:00 info: Starting DB back Up
2020-09-24 07:02:30 info: Starting dumps upload to cloud 
2020-09-24 07:02:30 info: Done zipping:
2020-09-24 07:08:35 info: Created optimizedImages directory
2020-09-24 07:08:35 info: Created optimizedImages directory
2020-09-24 07:08:35 info: Created originalImages directory
2020-09-24 07:47:13 info: SIA SERVER IS RUNNING!!!, on   port :8080
2020-09-24 07:47:13 info: Created optimizedImages directory
2020-09-24 07:47:13 info: Created originalImages directory
2020-09-24 07:47:13 info: Created optimizedImages directory
2020-09-24 07:47:51 info: SIA SERVER IS RUNNING!!!, on   port :8080
2020-09-24 07:47:51 info: Created optimizedImages directory
2020-09-24 07:47:51 info: Created optimizedImages directory
2020-09-24 07:47:51 info: Created originalImages directory
2020-09-24 07:48:19 info: SIA SERVER IS RUNNING!!!, on   port :8080
2020-09-24 07:48:19 info: Created optimizedImages directory
2020-09-24 07:48:19 info: Created optimizedImages directory
2020-09-24 07:48:19 info: Created originalImages directory
2020-09-24 07:50:01 info: SIA SERVER IS RUNNING!!!, on   port :8080
2020-09-24 07:50:01 info: Created optimizedImages directory
2020-09-24 07:50:01 info: Created originalImages directory
2020-09-24 07:50:01 info: Created optimizedImages directory
2020-09-24 07:50:36 info: SIA SERVER IS RUNNING!!!, on   port :8080
2020-09-24 07:50:36 info: Created optimizedImages directory
2020-09-24 07:50:36 info: Created originalImages directory
2020-09-24 07:50:36 info: Created optimizedImages directory
2020-09-24 07:57:04 info: SIA SERVER IS RUNNING!!!, on   port :8080
2020-09-24 07:57:04 info: Created optimizedImages directory
2020-09-24 07:57:04 info: Created optimizedImages directory
2020-09-24 07:57:04 info: Created originalImages directory
2020-09-24 07:58:41 info: SIA SERVER IS RUNNING!!!, on   port :8080
2020-09-24 07:58:41 info: Created optimizedImages directory
2020-09-24 07:58:41 info: Created optimizedImages directory
2020-09-24 07:58:41 info: Created originalImages directory
2020-09-24 08:00:00 info: Starting DB back Up
2020-09-24 08:00:03 info: SIA SERVER IS RUNNING!!!, on   port :8080
2020-09-24 08:00:03 info: Created optimizedImages directory
2020-09-24 08:00:03 info: Created optimizedImages directory
2020-09-24 08:00:03 info: Created originalImages directory
2020-09-24 08:01:00 info: Starting dumps upload to cloud 
2020-09-24 08:01:00 info: Done zipping:
2020-09-24 08:58:27 info: SIA SERVER IS RUNNING!!!, on   port :8080
2020-09-24 08:58:27 info: Created optimizedImages directory
2020-09-24 08:58:27 info: Created originalImages directory
2020-09-24 08:58:27 info: Created optimizedImages directory
2020-09-24 08:58:41 info: SIA SERVER IS RUNNING!!!, on   port :8080
2020-09-24 08:58:41 info: Created optimizedImages directory
2020-09-24 08:58:41 info: Created optimizedImages directory
2020-09-24 08:58:41 info: Created originalImages directory
2020-09-24 09:00:00 info: Starting DB back Up
2020-09-24 09:00:04 info: SIA SERVER IS RUNNING!!!, on   port :8080
2020-09-24 09:00:04 info: Created optimizedImages directory
2020-09-24 09:00:04 info: Created optimizedImages directory
2020-09-24 09:00:04 info: Created originalImages directory
2020-09-24 09:01:00 info: Starting dumps upload to cloud 
2020-09-24 09:01:00 info: Done zipping:
2020-09-24 09:08:25 info: SIA SERVER IS RUNNING!!!, on   port :8080
2020-09-24 09:08:25 info: Created optimizedImages directory
2020-09-24 09:08:25 info: Created optimizedImages directory
2020-09-24 09:08:25 info: Created originalImages directory
2020-09-24 09:10:24 info: SIA SERVER IS RUNNING!!!, on   port :8080
2020-09-24 09:10:24 info: Created optimizedImages directory
2020-09-24 09:10:24 info: Created originalImages directory
2020-09-24 09:10:24 info: Created optimizedImages directory
2020-09-24 10:00:00 info: Starting DB back Up
2020-09-24 10:00:04 info: SIA SERVER IS RUNNING!!!, on   port :8080
2020-09-24 10:00:04 info: Created optimizedImages directory
2020-09-24 10:00:04 info: Created originalImages directory
2020-09-24 10:00:04 info: Created optimizedImages directory
2020-09-24 10:01:00 info: Starting dumps upload to cloud 
2020-09-24 10:01:00 info: Done zipping:
2020-09-24 10:11:12 info: SIA SERVER IS RUNNING!!!, on   port :8080
2020-09-24 10:11:12 info: Created optimizedImages directory
2020-09-24 10:11:12 info: Created originalImages directory
2020-09-24 10:11:12 info: Created optimizedImages directory
2020-09-24 10:11:14 info: SIA SERVER IS RUNNING!!!, on   port :8080
2020-09-24 10:11:14 info: Created optimizedImages directory
2020-09-24 10:11:14 info: Created optimizedImages directory
2020-09-24 10:11:14 info: Created originalImages directory
2020-09-24 10:11:28 info: SIA SERVER IS RUNNING!!!, on   port :8080
2020-09-24 10:11:28 info: Created optimizedImages directory
2020-09-24 10:11:28 info: Created optimizedImages directory
2020-09-24 10:11:28 info: Created originalImages directory
2020-09-24 10:12:17 info: SIA SERVER IS RUNNING!!!, on   port :8080
2020-09-24 10:12:17 info: Created optimizedImages directory
2020-09-24 10:12:17 info: Created optimizedImages directory
2020-09-24 10:12:17 info: Created originalImages directory
2020-09-24 10:14:30 info: SIA SERVER IS RUNNING!!!, on   port :8080
2020-09-24 10:14:30 info: Created optimizedImages directory
2020-09-24 10:14:30 info: Created originalImages directory
2020-09-24 10:14:30 info: Created optimizedImages directory
2020-09-24 10:16:03 info: SIA SERVER IS RUNNING!!!, on   port :8080
2020-09-24 10:16:03 info: Created optimizedImages directory
2020-09-24 10:16:03 info: Created originalImages directory
2020-09-24 10:16:03 info: Created optimizedImages directory
2020-09-24 10:17:38 info: SIA SERVER IS RUNNING!!!, on   port :8080
2020-09-24 10:17:38 info: Created optimizedImages directory
2020-09-24 10:17:38 info: Created originalImages directory
2020-09-24 10:17:38 info: Created optimizedImages directory
2020-09-24 10:18:37 info: SIA SERVER IS RUNNING!!!, on   port :8080
2020-09-24 10:18:37 info: Created optimizedImages directory
2020-09-24 10:18:37 info: Created originalImages directory
2020-09-24 10:18:37 info: Created optimizedImages directory
2020-09-24 10:22:01 info: SIA SERVER IS RUNNING!!!, on   port :8080
2020-09-24 10:22:01 info: Created optimizedImages directory
2020-09-24 10:22:01 info: Created originalImages directory
2020-09-24 10:22:01 info: Created optimizedImages directory
2020-09-24 10:36:09 info: SIA SERVER IS RUNNING!!!, on   port :8080
2020-09-24 10:36:09 info: Created optimizedImages directory
2020-09-24 10:36:09 info: Created optimizedImages directory
2020-09-24 10:36:09 info: Created originalImages directory
2020-09-24 10:53:22 info: SIA SERVER IS RUNNING!!!, on   port :8080
2020-09-24 10:53:22 info: Created optimizedImages directory
2020-09-24 10:53:22 info: Created originalImages directory
2020-09-24 10:53:22 info: Created optimizedImages directory
2020-09-24 11:00:00 info: Starting DB back Up
2020-09-24 11:00:03 info: SIA SERVER IS RUNNING!!!, on   port :8080
2020-09-24 11:00:03 info: Created optimizedImages directory
2020-09-24 11:00:03 info: Created optimizedImages directory
2020-09-24 11:00:03 info: Created originalImages directory
2020-09-24 11:01:00 info: Starting dumps upload to cloud 
2020-09-24 11:01:00 info: Done zipping:
2020-09-24 11:01:29 info: SIA SERVER IS RUNNING!!!, on   port :8080
2020-09-24 11:01:29 info: Created optimizedImages directory
2020-09-24 11:01:29 info: Created originalImages directory
2020-09-24 11:01:29 info: Created optimizedImages directory
2020-09-24 11:16:47 info: SIA SERVER IS RUNNING!!!, on   port :8080
2020-09-24 11:16:47 info: Created optimizedImages directory
2020-09-24 11:16:47 info: Created optimizedImages directory
2020-09-24 11:16:47 info: Created originalImages directory
2020-09-24 11:18:06 info: SIA SERVER IS RUNNING!!!, on   port :8080
2020-09-24 11:18:06 info: Created optimizedImages directory
2020-09-24 11:18:06 info: Created originalImages directory
2020-09-24 11:18:06 info: Created optimizedImages directory
2020-09-24 12:00:00 info: Starting DB back Up
2020-09-24 12:00:04 info: SIA SERVER IS RUNNING!!!, on   port :8080
2020-09-24 12:00:04 info: Created optimizedImages directory
2020-09-24 12:00:04 info: Created originalImages directory
2020-09-24 12:00:04 info: Created optimizedImages directory
2020-09-24 12:01:00 info: Starting dumps upload to cloud 
2020-09-24 12:01:00 info: Done zipping:
2020-09-24 12:31:18 info: SIA SERVER IS RUNNING!!!, on   port :8080
2020-09-24 12:31:18 info: Created optimizedImages directory
2020-09-24 12:31:18 info: Created optimizedImages directory
2020-09-24 12:31:18 info: Created originalImages directory
2020-09-24 12:40:24 info: SIA SERVER IS RUNNING!!!, on   port :8080
2020-09-24 12:40:24 info: Created optimizedImages directory
2020-09-24 12:40:24 info: Created originalImages directory
2020-09-24 12:40:24 info: Created optimizedImages directory
2020-09-24 12:42:33 info: SIA SERVER IS RUNNING!!!, on   port :8080
2020-09-24 12:42:33 info: Created optimizedImages directory
2020-09-24 12:42:33 info: Created originalImages directory
2020-09-24 12:42:33 info: Created optimizedImages directory
2020-09-24 12:44:10 info: Image jobs started!!!
2020-09-24 12:44:10 info: 
To be optimized: 0 
To be uploaded 0 
To be moved: 0
2020-09-24 12:45:10 info: Image jobs started!!!
2020-09-24 12:45:10 info: 
To be optimized: 0 
To be uploaded 0 
To be moved: 0
2020-09-24 12:46:10 info: Image jobs started!!!
2020-09-24 12:46:10 info: 
To be optimized: 0 
To be uploaded 0 
To be moved: 0
2020-09-24 12:47:10 info: Image jobs started!!!
2020-09-24 12:47:10 info: 
To be optimized: 0 
To be uploaded 0 
To be moved: 0
2020-09-24 12:48:10 info: Image jobs started!!!
2020-09-24 12:48:10 info: 
To be optimized: 0 
To be uploaded 0 
To be moved: 0
2020-09-24 12:49:10 info: Image jobs started!!!
2020-09-24 12:49:10 info: 
To be optimized: 0 
To be uploaded 0 
To be moved: 0
2020-09-24 12:50:10 info: Image jobs started!!!
2020-09-24 12:50:10 info: 
To be optimized: 0 
To be uploaded 0 
To be moved: 0
2020-09-24 12:51:10 info: Image jobs started!!!
2020-09-24 12:51:10 info: 
To be optimized: 0 
To be uploaded 0 
To be moved: 0
2020-09-24 12:51:50 info: SIA SERVER IS RUNNING!!!, on   port :8080
2020-09-24 12:51:50 info: Created optimizedImages directory
2020-09-24 12:51:50 info: Created originalImages directory
2020-09-24 12:51:50 info: Created optimizedImages directory
2020-09-24 13:19:41 info: SIA SERVER IS RUNNING!!!, on   port :8080
2020-09-24 13:19:41 info: Created optimizedImages directory
2020-09-24 13:19:41 info: Created optimizedImages directory
2020-09-24 13:19:41 info: Created originalImages directory
