2020-10-29 07:31:40 info: SIA SERVER IS RUNNING!!!, on   port :8080
2020-10-29 07:31:40 info: Created optimizedImages directory
2020-10-29 07:31:40 info: Created originalImages directory
2020-10-29 07:31:40 info: Created optimizedImages directory
2020-10-29 08:00:00 info: Starting DB back Up
2020-10-29 08:00:04 info: SIA SERVER IS RUNNING!!!, on   port :8080
2020-10-29 08:00:04 info: Created optimizedImages directory
2020-10-29 08:00:04 info: Created originalImages directory
2020-10-29 08:00:04 info: Created optimizedImages directory
2020-10-29 08:01:00 info: Starting dumps upload to cloud 
2020-10-29 08:01:00 info: Done zipping:
2020-10-29 09:21:13 info: SIA SERVER IS RUNNING!!!, on   port :8080
2020-10-29 09:21:13 info: Created optimizedImages directory
2020-10-29 09:21:13 info: Created originalImages directory
2020-10-29 09:21:13 info: Created optimizedImages directory
2020-10-29 09:56:37 info: SIA SERVER IS RUNNING!!!, on   port :8080
2020-10-29 09:56:37 info: Created optimizedImages directory
2020-10-29 09:56:37 info: Created optimizedImages directory
2020-10-29 09:56:37 info: Created originalImages directory
2020-10-29 10:00:00 info: Starting DB back Up
2020-10-29 10:00:04 info: SIA SERVER IS RUNNING!!!, on   port :8080
2020-10-29 10:00:04 info: Created optimizedImages directory
2020-10-29 10:00:04 info: Created originalImages directory
2020-10-29 10:00:04 info: Created optimizedImages directory
2020-10-29 10:01:00 info: Starting dumps upload to cloud 
2020-10-29 10:01:00 info: Done zipping:
2020-10-29 11:00:00 info: Starting DB back Up
2020-10-29 11:00:03 info: SIA SERVER IS RUNNING!!!, on   port :8080
2020-10-29 11:00:03 info: Created optimizedImages directory
2020-10-29 11:00:03 info: Created optimizedImages directory
2020-10-29 11:00:03 info: Created originalImages directory
2020-10-29 11:01:00 info: Starting dumps upload to cloud 
2020-10-29 11:01:00 info: Done zipping:
2020-10-29 11:28:47 info: SIA SERVER IS RUNNING!!!, on   port :8080
2020-10-29 11:28:47 info: Created optimizedImages directory
2020-10-29 11:28:47 info: Created originalImages directory
2020-10-29 11:28:47 info: Created optimizedImages directory
2020-10-29 12:00:00 info: Starting DB back Up
2020-10-29 12:00:03 info: SIA SERVER IS RUNNING!!!, on   port :8080
2020-10-29 12:00:03 info: Created optimizedImages directory
2020-10-29 12:00:03 info: Created originalImages directory
2020-10-29 12:00:03 info: Created optimizedImages directory
2020-10-29 12:01:00 info: Starting dumps upload to cloud 
2020-10-29 12:01:00 info: Done zipping:
2020-10-29 13:00:00 info: Starting DB back Up
2020-10-29 13:00:03 info: SIA SERVER IS RUNNING!!!, on   port :8080
2020-10-29 13:00:03 info: Created originalImages directory
2020-10-29 13:00:03 info: Created optimizedImages directory
2020-10-29 13:00:03 info: Created optimizedImages directory
2020-10-29 13:01:00 info: Starting dumps upload to cloud 
2020-10-29 13:01:00 info: Done zipping:
2020-10-29 21:43:11 info: SIA SERVER IS RUNNING!!!, on   port :8080
2020-10-29 21:43:11 info: Created optimizedImages directory
2020-10-29 21:43:11 info: Created optimizedImages directory
2020-10-29 21:43:11 info: Created originalImages directory
2020-10-29 22:00:00 info: Starting DB back Up
2020-10-29 22:00:03 info: SIA SERVER IS RUNNING!!!, on   port :8080
2020-10-29 22:00:03 info: Created optimizedImages directory
2020-10-29 22:00:03 info: Created optimizedImages directory
2020-10-29 22:00:03 info: Created originalImages directory
2020-10-29 22:01:00 info: Starting dumps upload to cloud 
2020-10-29 22:01:00 info: Done zipping:
2020-10-29 22:15:32 info: SIA SERVER IS RUNNING!!!, on   port :8080
2020-10-29 22:15:32 info: Created optimizedImages directory
2020-10-29 22:15:32 info: Created originalImages directory
2020-10-29 22:15:32 info: Created optimizedImages directory
2020-10-29 22:29:21 info: SIA SERVER IS RUNNING!!!, on   port :8080
2020-10-29 22:29:21 info: Created optimizedImages directory
2020-10-29 22:29:21 info: Created originalImages directory
2020-10-29 22:29:21 info: Created optimizedImages directory
2020-10-29 22:34:05 info: SIA SERVER IS RUNNING!!!, on   port :8080
2020-10-29 22:34:05 info: Created optimizedImages directory
2020-10-29 22:34:05 info: Created optimizedImages directory
2020-10-29 22:34:05 info: Created originalImages directory
2020-10-29 22:58:03 info: SIA SERVER IS RUNNING!!!, on   port :8080
2020-10-29 22:58:03 info: Created optimizedImages directory
2020-10-29 22:58:03 info: Created optimizedImages directory
2020-10-29 22:58:03 info: Created originalImages directory
2020-10-29 22:59:01 info: SIA SERVER IS RUNNING!!!, on   port :8080
2020-10-29 22:59:01 info: Created optimizedImages directory
2020-10-29 22:59:01 info: Created optimizedImages directory
2020-10-29 22:59:01 info: Created originalImages directory
2020-10-29 23:00:00 info: Starting DB back Up
2020-10-29 23:00:03 info: SIA SERVER IS RUNNING!!!, on   port :8080
2020-10-29 23:00:03 info: Created optimizedImages directory
2020-10-29 23:00:03 info: Created optimizedImages directory
2020-10-29 23:00:03 info: Created originalImages directory
2020-10-29 23:01:00 info: Starting dumps upload to cloud 
2020-10-29 23:01:00 info: Done zipping:
2020-10-29 23:01:51 info: SIA SERVER IS RUNNING!!!, on   port :8080
2020-10-29 23:01:51 info: Created optimizedImages directory
2020-10-29 23:01:51 info: Created optimizedImages directory
2020-10-29 23:01:51 info: Created originalImages directory
