2020-09-30 04:14:38 info: SIA SERVER IS RUNNING!!!, on   port :8080
2020-09-30 04:14:38 info: Created optimizedImages directory
2020-09-30 04:14:38 info: Created optimizedImages directory
2020-09-30 04:14:38 info: Created originalImages directory
2020-09-30 07:00:37 info: SIA SERVER IS RUNNING!!!, on   port :8080
2020-09-30 07:00:37 info: Created optimizedImages directory
2020-09-30 07:00:37 info: Created optimizedImages directory
2020-09-30 07:00:37 info: Created originalImages directory
2020-09-30 07:01:00 info: Starting dumps upload to cloud 
2020-09-30 07:01:00 info: Done zipping:
2020-09-30 08:42:24 info: SIA SERVER IS RUNNING!!!, on   port :8080
2020-09-30 08:42:24 info: Created optimizedImages directory
2020-09-30 08:42:24 info: Created optimizedImages directory
2020-09-30 08:42:24 info: Created originalImages directory
2020-09-30 08:42:50 info: SIA SERVER IS RUNNING!!!, on   port :8080
2020-09-30 08:42:50 info: Created optimizedImages directory
2020-09-30 08:42:50 info: Created optimizedImages directory
2020-09-30 08:42:50 info: Created originalImages directory
2020-09-30 08:43:15 info: SIA SERVER IS RUNNING!!!, on   port :8080
2020-09-30 08:43:15 info: Created optimizedImages directory
2020-09-30 08:43:15 info: Created originalImages directory
2020-09-30 08:43:15 info: Created optimizedImages directory
2020-09-30 08:43:48 info: SIA SERVER IS RUNNING!!!, on   port :8080
2020-09-30 08:43:48 info: Created optimizedImages directory
2020-09-30 08:43:48 info: Created optimizedImages directory
2020-09-30 08:43:48 info: Created originalImages directory
2020-09-30 08:46:18 info: SIA SERVER IS RUNNING!!!, on   port :8080
2020-09-30 08:46:18 info: Created optimizedImages directory
2020-09-30 08:46:18 info: Created optimizedImages directory
2020-09-30 08:46:18 info: Created originalImages directory
2020-09-30 08:46:36 info: SIA SERVER IS RUNNING!!!, on   port :8080
2020-09-30 08:46:36 info: Created optimizedImages directory
2020-09-30 08:46:36 info: Created optimizedImages directory
2020-09-30 08:46:36 info: Created originalImages directory
2020-09-30 08:52:44 info: SIA SERVER IS RUNNING!!!, on   port :8080
2020-09-30 08:52:44 info: Created optimizedImages directory
2020-09-30 08:52:44 info: Created originalImages directory
2020-09-30 08:52:44 info: Created optimizedImages directory
2020-09-30 09:00:00 info: Starting DB back Up
2020-09-30 09:00:03 info: SIA SERVER IS RUNNING!!!, on   port :8080
2020-09-30 09:00:03 info: Created optimizedImages directory
2020-09-30 09:00:03 info: Created originalImages directory
2020-09-30 09:00:03 info: Created optimizedImages directory
2020-09-30 09:01:00 info: Starting dumps upload to cloud 
2020-09-30 09:01:00 info: Done zipping:
2020-09-30 09:01:29 info: SIA SERVER IS RUNNING!!!, on   port :8080
2020-09-30 09:01:29 info: Created optimizedImages directory
2020-09-30 09:01:29 info: Created originalImages directory
2020-09-30 09:01:29 info: Created optimizedImages directory
2020-09-30 09:03:23 info: SIA SERVER IS RUNNING!!!, on   port :8080
2020-09-30 09:03:23 info: Created optimizedImages directory
2020-09-30 09:03:23 info: Created optimizedImages directory
2020-09-30 09:03:23 info: Created originalImages directory
2020-09-30 09:03:49 info: SIA SERVER IS RUNNING!!!, on   port :8080
2020-09-30 09:03:49 info: Created optimizedImages directory
2020-09-30 09:03:49 info: Created originalImages directory
2020-09-30 09:03:49 info: Created optimizedImages directory
2020-09-30 09:04:12 info: SIA SERVER IS RUNNING!!!, on   port :8080
2020-09-30 09:04:12 info: Created optimizedImages directory
2020-09-30 09:04:12 info: Created originalImages directory
2020-09-30 09:04:12 info: Created optimizedImages directory
2020-09-30 09:06:20 info: SIA SERVER IS RUNNING!!!, on   port :8080
2020-09-30 09:06:20 info: Created optimizedImages directory
2020-09-30 09:06:20 info: Created originalImages directory
2020-09-30 09:06:20 info: Created optimizedImages directory
2020-09-30 11:22:57 info: SIA SERVER IS RUNNING!!!, on   port :8080
2020-09-30 11:22:57 info: Created optimizedImages directory
2020-09-30 11:22:57 info: Created optimizedImages directory
2020-09-30 11:22:57 info: Created originalImages directory
2020-09-30 11:25:03 info: SIA SERVER IS RUNNING!!!, on   port :8080
2020-09-30 11:25:03 info: Created optimizedImages directory
2020-09-30 11:25:03 info: Created originalImages directory
2020-09-30 11:25:03 info: Created optimizedImages directory
2020-09-30 11:26:38 info: SIA SERVER IS RUNNING!!!, on   port :8080
2020-09-30 11:26:38 info: Created optimizedImages directory
2020-09-30 11:26:38 info: Created optimizedImages directory
2020-09-30 11:26:38 info: Created originalImages directory
2020-09-30 11:26:46 info: SIA SERVER IS RUNNING!!!, on   port :8080
2020-09-30 11:26:46 info: Created optimizedImages directory
2020-09-30 11:26:46 info: Created optimizedImages directory
2020-09-30 11:26:46 info: Created originalImages directory
2020-09-30 11:27:05 info: SIA SERVER IS RUNNING!!!, on   port :8080
2020-09-30 11:27:05 info: Created optimizedImages directory
2020-09-30 11:27:05 info: Created optimizedImages directory
2020-09-30 11:27:05 info: Created originalImages directory
