2020-09-08 07:56:05 info: Created optimizedImages directory
2020-09-08 07:56:05 info: Created originalImages directory
2020-09-08 07:57:59 info: Created optimizedImages directory
2020-09-08 07:57:59 info: Created originalImages directory
2020-09-08 07:58:13 info: Created optimizedImages directory
2020-09-08 07:58:13 info: Created originalImages directory
2020-09-08 07:58:46 info: Created optimizedImages directory
2020-09-08 07:58:46 info: Created originalImages directory
2020-09-08 08:00:46 info: 
To be optimized: 0 
To be uploaded 2 
To be moved: 0
2020-09-08 08:00:46 info: Upload to cloud finished: 2 files uploaded
2020-09-08 08:00:46 info: 
To be optimized: 0 
To be uploaded 1 
To be moved: 0
2020-09-08 08:00:46 info: Upload to cloud finished: 1 files uploaded
2020-09-08 08:00:46 info: 
To be optimized: 0 
To be uploaded 0 
To be moved: 0
2020-09-08 08:02:46 info: 
To be optimized: 0 
To be uploaded 0 
To be moved: 0
2020-09-08 08:03:42 info: Created optimizedImages directory
2020-09-08 08:03:42 info: Created originalImages directory
2020-09-08 08:04:33 info: Created optimizedImages directory
2020-09-08 08:04:33 info: Created originalImages directory
2020-09-08 08:04:40 info: Created optimizedImages directory
2020-09-08 08:04:40 info: Created originalImages directory
2020-09-08 08:05:19 info: Created optimizedImages directory
2020-09-08 08:05:19 info: Created originalImages directory
2020-09-08 08:06:50 info: Created optimizedImages directory
2020-09-08 08:06:50 info: Created keys
2020-09-08 08:06:50 info: Created originalImages directory
2020-09-08 08:08:23 info: Created optimizedImages directory
2020-09-08 08:08:23 info: Created keys directory
2020-09-08 08:08:23 info: Created originalImages directory
2020-09-08 08:09:52 info: Created optimizedImages directory
2020-09-08 08:09:52 info: Created keys directory
2020-09-08 08:09:52 info: Created originalImages directory
2020-09-08 08:46:21 info: Created optimizedImages directory
2020-09-08 08:46:21 info: Created originalImages directory
2020-09-08 08:48:21 info: 
To be optimized: 0 
To be uploaded 0 
To be moved: 0
2020-09-08 08:50:21 info: 
To be optimized: 0 
To be uploaded 0 
To be moved: 0
2020-09-08 08:52:21 info: 
To be optimized: 0 
To be uploaded 0 
To be moved: 0
2020-09-08 08:54:21 info: 
To be optimized: 0 
To be uploaded 0 
To be moved: 0
2020-09-08 08:56:21 info: 
To be optimized: 0 
To be uploaded 0 
To be moved: 0
2020-09-08 08:58:21 info: 
To be optimized: 0 
To be uploaded 0 
To be moved: 0
2020-09-08 09:00:21 info: 
To be optimized: 0 
To be uploaded 0 
To be moved: 0
2020-09-08 09:02:21 info: 
To be optimized: 0 
To be uploaded 0 
To be moved: 0
2020-09-08 09:04:21 info: 
To be optimized: 0 
To be uploaded 0 
To be moved: 0
2020-09-08 09:06:21 info: 
To be optimized: 0 
To be uploaded 0 
To be moved: 0
2020-09-08 09:08:21 info: 
To be optimized: 0 
To be uploaded 0 
To be moved: 0
2020-09-08 09:10:21 info: 
To be optimized: 0 
To be uploaded 0 
To be moved: 0
2020-09-08 09:12:21 info: 
To be optimized: 0 
To be uploaded 0 
To be moved: 0
2020-09-08 09:14:21 info: 
To be optimized: 0 
To be uploaded 0 
To be moved: 0
2020-09-08 09:16:21 info: 
To be optimized: 0 
To be uploaded 0 
To be moved: 0
2020-09-08 09:18:21 info: 
To be optimized: 0 
To be uploaded 0 
To be moved: 0
2020-09-08 09:20:21 info: 
To be optimized: 0 
To be uploaded 0 
To be moved: 0
2020-09-08 09:22:21 info: 
To be optimized: 0 
To be uploaded 0 
To be moved: 0
2020-09-08 09:24:21 info: 
To be optimized: 0 
To be uploaded 0 
To be moved: 0
2020-09-08 09:26:21 info: 
To be optimized: 0 
To be uploaded 0 
To be moved: 0
2020-09-08 09:28:21 info: 
To be optimized: 0 
To be uploaded 0 
To be moved: 0
2020-09-08 09:30:21 info: 
To be optimized: 0 
To be uploaded 0 
To be moved: 0
2020-09-08 09:32:21 info: 
To be optimized: 0 
To be uploaded 0 
To be moved: 0
2020-09-08 09:34:21 info: 
To be optimized: 0 
To be uploaded 0 
To be moved: 0
2020-09-08 09:36:21 info: 
To be optimized: 0 
To be uploaded 0 
To be moved: 0
2020-09-08 09:38:21 info: 
To be optimized: 0 
To be uploaded 0 
To be moved: 0
2020-09-08 09:40:21 info: 
To be optimized: 0 
To be uploaded 0 
To be moved: 0
2020-09-08 09:42:21 info: 
To be optimized: 0 
To be uploaded 0 
To be moved: 0
2020-09-08 09:44:21 info: 
To be optimized: 0 
To be uploaded 0 
To be moved: 0
2020-09-08 09:46:21 info: 
To be optimized: 0 
To be uploaded 0 
To be moved: 0
2020-09-08 09:48:21 info: 
To be optimized: 0 
To be uploaded 0 
To be moved: 0
2020-09-08 09:50:21 info: 
To be optimized: 0 
To be uploaded 0 
To be moved: 0
2020-09-08 09:52:21 info: 
To be optimized: 0 
To be uploaded 0 
To be moved: 0
2020-09-08 09:54:21 info: 
To be optimized: 0 
To be uploaded 0 
To be moved: 0
2020-09-08 09:56:21 info: 
To be optimized: 0 
To be uploaded 0 
To be moved: 0
2020-09-08 09:58:21 info: 
To be optimized: 0 
To be uploaded 0 
To be moved: 0
2020-09-08 10:00:21 info: 
To be optimized: 0 
To be uploaded 0 
To be moved: 0
2020-09-08 10:02:21 info: 
To be optimized: 0 
To be uploaded 0 
To be moved: 0
2020-09-08 10:04:21 info: 
To be optimized: 0 
To be uploaded 0 
To be moved: 0
2020-09-08 10:06:21 info: 
To be optimized: 0 
To be uploaded 0 
To be moved: 0
2020-09-08 10:08:21 info: 
To be optimized: 0 
To be uploaded 0 
To be moved: 0
2020-09-08 10:10:22 info: 
To be optimized: 0 
To be uploaded 0 
To be moved: 0
2020-09-08 10:12:22 info: 
To be optimized: 0 
To be uploaded 0 
To be moved: 0
2020-09-08 10:14:22 info: 
To be optimized: 0 
To be uploaded 0 
To be moved: 0
2020-09-08 13:04:16 info: Created optimizedImages directory
2020-09-08 13:04:16 info: Created originalImages directory
2020-09-08 13:06:16 info: 
To be optimized: 0 
To be uploaded 0 
To be moved: 0
2020-09-08 13:08:16 info: 
To be optimized: 0 
To be uploaded 0 
To be moved: 0
2020-09-08 13:10:16 info: 
To be optimized: 0 
To be uploaded 0 
To be moved: 0
2020-09-08 13:12:16 info: 
To be optimized: 0 
To be uploaded 0 
To be moved: 0
2020-09-08 13:14:16 info: 
To be optimized: 0 
To be uploaded 0 
To be moved: 0
2020-09-08 13:16:16 info: 
To be optimized: 0 
To be uploaded 0 
To be moved: 0
2020-09-08 13:16:30 info: Created optimizedImages directory
2020-09-08 13:16:30 info: Created originalImages directory
2020-09-08 13:17:42 info: Created optimizedImages directory
2020-09-08 13:17:42 info: Created originalImages directory
2020-09-08 13:18:52 info: Created optimizedImages directory
2020-09-08 13:18:52 info: Created originalImages directory
2020-09-08 13:20:52 info: 
To be optimized: 0 
To be uploaded 0 
To be moved: 0
2020-09-08 13:21:10 info: Created optimizedImages directory
2020-09-08 13:21:10 info: Created originalImages directory
2020-09-08 13:21:54 info: Created optimizedImages directory
2020-09-08 13:21:54 info: Created originalImages directory
2020-09-08 13:22:02 info: Created optimizedImages directory
2020-09-08 13:22:02 info: Created originalImages directory
2020-09-08 13:23:06 info: Created optimizedImages directory
2020-09-08 13:23:06 info: Created originalImages directory
2020-09-08 13:23:09 info: Created optimizedImages directory
2020-09-08 13:23:09 info: Created originalImages directory
2020-09-08 13:23:13 info: Created optimizedImages directory
2020-09-08 13:23:13 info: Created originalImages directory
2020-09-08 13:24:28 info: Created optimizedImages directory
2020-09-08 13:24:28 info: Created originalImages directory
2020-09-08 13:24:34 info: Created optimizedImages directory
2020-09-08 13:24:34 info: Created originalImages directory
2020-09-08 13:26:34 info: 
To be optimized: 0 
To be uploaded 0 
To be moved: 0
2020-09-08 13:28:34 info: 
To be optimized: 0 
To be uploaded 0 
To be moved: 0
2020-09-08 13:29:46 info: Created optimizedImages directory
2020-09-08 13:29:46 info: Created originalImages directory
2020-09-08 13:31:46 info: 
To be optimized: 0 
To be uploaded 0 
To be moved: 0
2020-09-08 13:33:46 info: 
To be optimized: 0 
To be uploaded 0 
To be moved: 0
2020-09-08 13:38:27 info: Created optimizedImages directory
2020-09-08 13:38:27 info: Created originalImages directory
2020-09-08 13:39:57 info: Created optimizedImages directory
2020-09-08 13:39:57 info: Created originalImages directory
2020-09-08 13:40:02 info: Created optimizedImages directory
2020-09-08 13:40:02 info: Created originalImages directory
2020-09-08 13:40:20 info: Created optimizedImages directory
2020-09-08 13:40:20 info: Created originalImages directory
2020-09-08 13:41:06 info: Created optimizedImages directory
2020-09-08 13:41:06 info: Created originalImages directory
2020-09-08 13:41:51 info: Created optimizedImages directory
2020-09-08 13:41:51 info: Created originalImages directory
2020-09-08 13:42:27 info: Created optimizedImages directory
2020-09-08 13:42:27 info: Created originalImages directory
2020-09-08 13:43:06 info: Created optimizedImages directory
2020-09-08 13:43:06 info: Created originalImages directory
2020-09-08 13:43:28 info: Created optimizedImages directory
2020-09-08 13:43:28 info: Created originalImages directory
2020-09-08 13:45:28 info: 
To be optimized: 0 
To be uploaded 0 
To be moved: 0
2020-09-08 13:45:48 info: Created optimizedImages directory
2020-09-08 13:45:48 info: Created originalImages directory
2020-09-08 13:46:08 info: Created optimizedImages directory
2020-09-08 13:46:08 info: Created originalImages directory
2020-09-08 13:46:29 info: Created optimizedImages directory
2020-09-08 13:46:29 info: Created originalImages directory
2020-09-08 13:47:02 info: Created optimizedImages directory
2020-09-08 13:47:02 info: Created originalImages directory
2020-09-08 13:47:13 info: Created optimizedImages directory
2020-09-08 13:47:13 info: Created originalImages directory
2020-09-08 13:51:35 info: Created optimizedImages directory
2020-09-08 13:51:35 info: Created originalImages directory
2020-09-08 13:51:36 info: 
To be optimized: 0 
To be uploaded 0 
To be moved: 0
2020-09-08 13:51:37 info: 
To be optimized: 0 
To be uploaded 0 
To be moved: 0
2020-09-08 13:51:38 info: 
To be optimized: 0 
To be uploaded 0 
To be moved: 0
2020-09-08 13:51:39 info: 
To be optimized: 0 
To be uploaded 0 
To be moved: 0
2020-09-08 13:51:40 info: 
To be optimized: 0 
To be uploaded 0 
To be moved: 0
2020-09-08 13:51:41 info: 
To be optimized: 0 
To be uploaded 0 
To be moved: 0
2020-09-08 13:51:42 info: 
To be optimized: 0 
To be uploaded 0 
To be moved: 0
2020-09-08 13:51:43 info: 
To be optimized: 0 
To be uploaded 0 
To be moved: 0
2020-09-08 13:51:44 info: 
To be optimized: 0 
To be uploaded 0 
To be moved: 0
2020-09-08 13:51:45 info: 
To be optimized: 0 
To be uploaded 0 
To be moved: 0
2020-09-08 13:51:46 info: 
To be optimized: 0 
To be uploaded 0 
To be moved: 0
2020-09-08 13:51:47 info: 
To be optimized: 0 
To be uploaded 0 
To be moved: 0
2020-09-08 13:51:48 info: 
To be optimized: 0 
To be uploaded 0 
To be moved: 0
2020-09-08 13:51:49 info: 
To be optimized: 0 
To be uploaded 0 
To be moved: 0
2020-09-08 13:51:50 info: 
To be optimized: 0 
To be uploaded 0 
To be moved: 0
2020-09-08 13:51:51 info: 
To be optimized: 0 
To be uploaded 0 
To be moved: 0
2020-09-08 13:51:52 info: 
To be optimized: 0 
To be uploaded 0 
To be moved: 0
2020-09-08 13:51:53 info: 
To be optimized: 0 
To be uploaded 0 
To be moved: 0
2020-09-08 13:51:54 info: 
To be optimized: 0 
To be uploaded 0 
To be moved: 0
2020-09-08 13:51:55 info: 
To be optimized: 0 
To be uploaded 0 
To be moved: 0
2020-09-08 13:51:56 info: 
To be optimized: 0 
To be uploaded 0 
To be moved: 0
2020-09-08 13:51:57 info: 
To be optimized: 0 
To be uploaded 0 
To be moved: 0
2020-09-08 13:51:58 info: 
To be optimized: 0 
To be uploaded 0 
To be moved: 0
2020-09-08 13:51:59 info: 
To be optimized: 0 
To be uploaded 0 
To be moved: 0
2020-09-08 13:52:00 info: 
To be optimized: 0 
To be uploaded 0 
To be moved: 0
2020-09-08 13:52:01 info: 
To be optimized: 0 
To be uploaded 0 
To be moved: 0
2020-09-08 13:52:02 info: 
To be optimized: 0 
To be uploaded 0 
To be moved: 0
2020-09-08 13:52:03 info: 
To be optimized: 0 
To be uploaded 0 
To be moved: 0
2020-09-08 13:52:04 info: 
To be optimized: 0 
To be uploaded 0 
To be moved: 0
2020-09-08 13:52:05 info: 
To be optimized: 0 
To be uploaded 0 
To be moved: 0
2020-09-08 13:52:06 info: 
To be optimized: 0 
To be uploaded 0 
To be moved: 0
2020-09-08 13:52:07 info: 
To be optimized: 0 
To be uploaded 0 
To be moved: 0
2020-09-08 13:52:08 info: 
To be optimized: 0 
To be uploaded 0 
To be moved: 0
2020-09-08 13:52:09 info: 
To be optimized: 0 
To be uploaded 0 
To be moved: 0
2020-09-08 13:52:10 info: 
To be optimized: 0 
To be uploaded 0 
To be moved: 0
2020-09-08 13:52:11 info: 
To be optimized: 0 
To be uploaded 0 
To be moved: 0
2020-09-08 13:52:12 info: 
To be optimized: 0 
To be uploaded 0 
To be moved: 0
2020-09-08 13:52:13 info: 
To be optimized: 0 
To be uploaded 0 
To be moved: 0
2020-09-08 13:52:14 info: Created optimizedImages directory
2020-09-08 13:52:14 info: Created originalImages directory
2020-09-08 13:53:01 info: 
To be optimized: 0 
To be uploaded 0 
To be moved: 0
2020-09-08 13:53:38 info: Created optimizedImages directory
2020-09-08 13:53:38 info: Created originalImages directory
2020-09-08 13:54:23 info: Created optimizedImages directory
2020-09-08 13:54:23 info: Created originalImages directory
2020-09-08 13:54:44 info: Created optimizedImages directory
2020-09-08 13:54:44 info: Created originalImages directory
2020-09-08 13:54:49 info: Created optimizedImages directory
2020-09-08 13:54:49 info: Created originalImages directory
2020-09-08 13:55:08 info: Created optimizedImages directory
2020-09-08 13:55:08 info: Created originalImages directory
2020-09-08 13:55:25 info: Created optimizedImages directory
2020-09-08 13:55:25 info: Created originalImages directory
2020-09-08 13:56:14 info: Created optimizedImages directory
2020-09-08 13:56:14 info: Created originalImages directory
2020-09-08 13:56:44 info: Created optimizedImages directory
2020-09-08 13:56:44 info: Created originalImages directory
2020-09-08 13:57:22 info: Created optimizedImages directory
2020-09-08 13:57:22 info: Created originalImages directory
2020-09-08 13:58:01 info: 
To be optimized: 0 
To be uploaded 0 
To be moved: 0
2020-09-08 13:59:01 info: 
To be optimized: 0 
To be uploaded 0 
To be moved: 0
2020-09-08 13:59:38 info: Created optimizedImages directory
2020-09-08 13:59:38 info: Created originalImages directory
2020-09-08 13:59:54 info: Created optimizedImages directory
2020-09-08 13:59:54 info: Created originalImages directory
2020-09-08 14:00:01 info: 
To be optimized: 0 
To be uploaded 0 
To be moved: 0
2020-09-08 14:00:24 info: Created optimizedImages directory
2020-09-08 14:00:24 info: Created originalImages directory
2020-09-08 14:00:47 info: Created optimizedImages directory
2020-09-08 14:00:47 info: Created originalImages directory
2020-09-08 14:00:56 info: Created optimizedImages directory
2020-09-08 14:00:56 info: Created originalImages directory
2020-09-08 14:01:01 info: 
To be optimized: 0 
To be uploaded 0 
To be moved: 0
2020-09-08 14:02:01 info: 
To be optimized: 0 
To be uploaded 0 
To be moved: 0
2020-09-08 14:02:05 info: Created optimizedImages directory
2020-09-08 14:02:05 info: Created originalImages directory
2020-09-08 14:02:09 info: Created optimizedImages directory
2020-09-08 14:02:09 info: Created originalImages directory
2020-09-08 14:02:19 info: Created optimizedImages directory
2020-09-08 14:02:19 info: Created originalImages directory
2020-09-08 14:02:25 info: Created optimizedImages directory
2020-09-08 14:02:25 info: Created originalImages directory
2020-09-08 14:02:30 info: Created optimizedImages directory
2020-09-08 14:02:30 info: Created originalImages directory
2020-09-08 14:02:35 info: Created optimizedImages directory
2020-09-08 14:02:35 info: Created originalImages directory
2020-09-08 14:03:01 info: 
To be optimized: 0 
To be uploaded 0 
To be moved: 0
2020-09-08 14:03:19 info: Created optimizedImages directory
2020-09-08 14:03:19 info: Created originalImages directory
2020-09-08 14:03:25 info: Created optimizedImages directory
2020-09-08 14:03:25 info: Created originalImages directory
2020-09-08 14:04:01 info: 
To be optimized: 0 
To be uploaded 0 
To be moved: 0
2020-09-08 14:05:01 info: 
To be optimized: 0 
To be uploaded 0 
To be moved: 0
2020-09-08 14:06:01 info: 
To be optimized: 0 
To be uploaded 0 
To be moved: 0
2020-09-08 14:06:12 info: Created optimizedImages directory
2020-09-08 14:06:12 info: Created originalImages directory
2020-09-08 14:07:01 info: 
To be optimized: 0 
To be uploaded 0 
To be moved: 0
2020-09-08 14:08:01 info: 
To be optimized: 0 
To be uploaded 0 
To be moved: 0
2020-09-08 14:09:01 info: 
To be optimized: 0 
To be uploaded 0 
To be moved: 0
2020-09-08 14:10:01 info: 
To be optimized: 0 
To be uploaded 0 
To be moved: 0
2020-09-08 14:11:01 info: 
To be optimized: 0 
To be uploaded 0 
To be moved: 0
2020-09-08 14:11:21 info: Created optimizedImages directory
2020-09-08 14:11:21 info: Created originalImages directory
2020-09-08 14:12:01 info: 
To be optimized: 0 
To be uploaded 0 
To be moved: 0
2020-09-08 14:13:01 info: 
To be optimized: 0 
To be uploaded 0 
To be moved: 0
2020-09-08 14:14:01 info: 
To be optimized: 0 
To be uploaded 0 
To be moved: 0
2020-09-08 14:14:15 info: Created optimizedImages directory
2020-09-08 14:14:15 info: Created originalImages directory
2020-09-08 14:14:50 info: Created optimizedImages directory
2020-09-08 14:14:50 info: Created originalImages directory
2020-09-08 14:15:01 info: 
To be optimized: 0 
To be uploaded 0 
To be moved: 0
2020-09-08 14:16:01 info: 
To be optimized: 0 
To be uploaded 0 
To be moved: 0
2020-09-08 14:17:01 info: 
To be optimized: 0 
To be uploaded 0 
To be moved: 0
2020-09-08 14:18:01 info: 
To be optimized: 0 
To be uploaded 0 
To be moved: 0
2020-09-08 14:19:28 info: Created optimizedImages directory
2020-09-08 14:19:28 info: Created originalImages directory
2020-09-08 14:20:01 info: 
To be optimized: 0 
To be uploaded 0 
To be moved: 0
2020-09-08 14:21:01 info: 
To be optimized: 0 
To be uploaded 0 
To be moved: 0
2020-09-08 14:22:01 info: 
To be optimized: 0 
To be uploaded 0 
To be moved: 0
2020-09-08 14:23:01 info: 
To be optimized: 0 
To be uploaded 0 
To be moved: 0
2020-09-08 14:23:44 info: Created optimizedImages directory
2020-09-08 14:23:44 info: Created originalImages directory
2020-09-08 14:24:23 info: Created optimizedImages directory
2020-09-08 14:24:23 info: Created originalImages directory
2020-09-08 14:24:34 info: Created optimizedImages directory
2020-09-08 14:24:34 info: Created originalImages directory
2020-09-08 14:24:53 info: Created optimizedImages directory
2020-09-08 14:24:53 info: Created originalImages directory
2020-09-08 14:25:01 info: 
To be optimized: 0 
To be uploaded 0 
To be moved: 0
2020-09-08 14:25:32 info: Created optimizedImages directory
2020-09-08 14:25:32 info: Created originalImages directory
2020-09-08 14:26:01 info: 
To be optimized: 0 
To be uploaded 0 
To be moved: 0
2020-09-08 14:26:41 info: Created optimizedImages directory
2020-09-08 14:26:41 info: Created originalImages directory
2020-09-08 14:27:01 info: 
To be optimized: 0 
To be uploaded 0 
To be moved: 0
2020-09-08 14:28:01 info: 
To be optimized: 0 
To be uploaded 0 
To be moved: 0
2020-09-08 14:29:15 info: Created optimizedImages directory
2020-09-08 14:29:15 info: Created originalImages directory
2020-09-08 15:19:45 info: Created optimizedImages directory
2020-09-08 15:19:45 info: Created optimizedImages directory
2020-09-08 15:19:45 info: Created originalImages directory
2020-09-08 15:20:01 info: 
To be optimized: 0 
To be uploaded 0 
To be moved: 0
2020-09-08 15:21:01 info: 
To be optimized: 0 
To be uploaded 0 
To be moved: 0
2020-09-08 15:22:01 info: 
To be optimized: 0 
To be uploaded 0 
To be moved: 0
2020-09-08 15:23:01 info: 
To be optimized: 0 
To be uploaded 0 
To be moved: 0
2020-09-08 15:24:01 info: 
To be optimized: 0 
To be uploaded 0 
To be moved: 0
2020-09-08 15:25:01 info: 
To be optimized: 0 
To be uploaded 0 
To be moved: 0
2020-09-08 15:26:01 info: 
To be optimized: 0 
To be uploaded 0 
To be moved: 0
2020-09-08 15:27:01 info: 
To be optimized: 0 
To be uploaded 0 
To be moved: 0
2020-09-08 15:28:01 info: 
To be optimized: 0 
To be uploaded 0 
To be moved: 0
2020-09-08 15:29:01 info: 
To be optimized: 0 
To be uploaded 0 
To be moved: 0
2020-09-08 15:30:01 info: 
To be optimized: 0 
To be uploaded 0 
To be moved: 0
2020-09-08 15:31:01 info: 
To be optimized: 0 
To be uploaded 0 
To be moved: 0
2020-09-08 15:32:01 info: 
To be optimized: 0 
To be uploaded 0 
To be moved: 0
2020-09-08 15:33:01 info: 
To be optimized: 0 
To be uploaded 0 
To be moved: 0
2020-09-08 15:34:01 info: 
To be optimized: 0 
To be uploaded 0 
To be moved: 0
2020-09-08 15:35:01 info: 
To be optimized: 0 
To be uploaded 0 
To be moved: 0
2020-09-08 15:36:01 info: 
To be optimized: 0 
To be uploaded 0 
To be moved: 0
2020-09-08 15:37:01 info: 
To be optimized: 0 
To be uploaded 0 
To be moved: 0
2020-09-08 15:38:01 info: 
To be optimized: 0 
To be uploaded 0 
To be moved: 0
2020-09-08 15:39:01 info: 
To be optimized: 0 
To be uploaded 0 
To be moved: 0
2020-09-08 15:40:01 info: 
To be optimized: 0 
To be uploaded 0 
To be moved: 0
2020-09-08 15:41:01 info: 
To be optimized: 0 
To be uploaded 0 
To be moved: 0
2020-09-08 15:42:01 info: 
To be optimized: 0 
To be uploaded 0 
To be moved: 0
2020-09-08 15:51:26 info: Created optimizedImages directory
2020-09-08 15:51:26 info: Created originalImages directory
2020-09-08 15:51:26 info: Created optimizedImages directory
2020-09-08 15:53:29 info: Created optimizedImages directory
2020-09-08 15:53:29 info: Created originalImages directory
2020-09-08 15:53:29 info: Created optimizedImages directory
2020-09-08 15:54:37 info: Created optimizedImages directory
2020-09-08 15:54:37 info: Created optimizedImages directory
2020-09-08 15:54:37 info: Created originalImages directory
2020-09-08 15:55:02 info: Created optimizedImages directory
2020-09-08 15:55:02 info: Created originalImages directory
2020-09-08 15:55:02 info: Created optimizedImages directory
2020-09-08 15:57:04 info: Created optimizedImages directory
2020-09-08 15:57:04 info: Created optimizedImages directory
2020-09-08 15:57:04 info: Created originalImages directory
2020-09-08 16:00:17 info: Created optimizedImages directory
2020-09-08 16:00:17 info: Created optimizedImages directory
2020-09-08 16:00:17 info: Created originalImages directory
2020-09-08 16:03:15 info: Created optimizedImages directory
2020-09-08 16:03:15 info: Created optimizedImages directory
2020-09-08 16:03:15 info: Created originalImages directory
2020-09-08 16:03:49 info: Created optimizedImages directory
2020-09-08 16:03:49 info: Created optimizedImages directory
2020-09-08 16:03:49 info: Created originalImages directory
2020-09-08 16:04:01 info: 
To be optimized: 0 
To be uploaded 0 
To be moved: 0
2020-09-08 16:04:03 info: Created optimizedImages directory
2020-09-08 16:04:03 info: Created optimizedImages directory
2020-09-08 16:04:03 info: Created originalImages directory
2020-09-08 16:05:01 info: 
To be optimized: 0 
To be uploaded 0 
To be moved: 0
2020-09-08 16:05:04 info: Created optimizedImages directory
2020-09-08 16:05:04 info: Created optimizedImages directory
2020-09-08 16:05:04 info: Created originalImages directory
2020-09-08 16:05:09 info: Created optimizedImages directory
2020-09-08 16:05:09 info: Created optimizedImages directory
2020-09-08 16:05:09 info: Created originalImages directory
2020-09-08 16:06:01 info: 
To be optimized: 0 
To be uploaded 0 
To be moved: 0
2020-09-08 16:06:03 info: Created optimizedImages directory
2020-09-08 16:06:03 info: Created optimizedImages directory
2020-09-08 16:06:03 info: Created originalImages directory
2020-09-08 16:06:33 info: Created optimizedImages directory
2020-09-08 16:06:33 info: Created optimizedImages directory
2020-09-08 16:06:33 info: Created originalImages directory
2020-09-08 16:07:01 info: 
To be optimized: 0 
To be uploaded 0 
To be moved: 0
2020-09-08 16:07:03 info: Created optimizedImages directory
2020-09-08 16:07:03 info: Created optimizedImages directory
2020-09-08 16:07:03 info: Created originalImages directory
2020-09-08 16:08:01 info: 
To be optimized: 0 
To be uploaded 0 
To be moved: 0
2020-09-08 16:08:04 info: Created optimizedImages directory
2020-09-08 16:08:04 info: Created optimizedImages directory
2020-09-08 16:08:04 info: Created originalImages directory
2020-09-08 16:09:01 info: 
To be optimized: 0 
To be uploaded 0 
To be moved: 0
2020-09-08 16:09:03 info: Created optimizedImages directory
2020-09-08 16:09:03 info: Created optimizedImages directory
2020-09-08 16:09:03 info: Created originalImages directory
2020-09-08 16:09:14 info: Created optimizedImages directory
2020-09-08 16:09:14 info: Created optimizedImages directory
2020-09-08 16:09:14 info: Created originalImages directory
2020-09-08 16:10:01 info: 
To be optimized: 0 
To be uploaded 0 
To be moved: 0
2020-09-08 16:10:03 info: Created optimizedImages directory
2020-09-08 16:10:03 info: Created originalImages directory
2020-09-08 16:10:03 info: Created optimizedImages directory
2020-09-08 16:11:01 info: 
To be optimized: 0 
To be uploaded 0 
To be moved: 0
2020-09-08 16:11:04 info: Created optimizedImages directory
2020-09-08 16:11:04 info: Created optimizedImages directory
2020-09-08 16:11:04 info: Created originalImages directory
2020-09-08 16:11:20 info: Created optimizedImages directory
2020-09-08 16:11:20 info: Created optimizedImages directory
2020-09-08 16:11:20 info: Created originalImages directory
2020-09-08 16:12:01 info: 
To be optimized: 0 
To be uploaded 0 
To be moved: 0
2020-09-08 16:12:03 info: Created optimizedImages directory
2020-09-08 16:12:03 info: Created originalImages directory
2020-09-08 16:12:03 info: Created optimizedImages directory
2020-09-08 16:13:01 info: 
To be optimized: 0 
To be uploaded 0 
To be moved: 0
2020-09-08 16:13:03 info: Created optimizedImages directory
2020-09-08 16:13:03 info: Created optimizedImages directory
2020-09-08 16:13:03 info: Created originalImages directory
2020-09-08 16:14:01 info: 
To be optimized: 0 
To be uploaded 0 
To be moved: 0
2020-09-08 16:14:04 info: Created optimizedImages directory
2020-09-08 16:14:04 info: Created optimizedImages directory
2020-09-08 16:14:04 info: Created originalImages directory
2020-09-08 16:17:12 info: Created optimizedImages directory
2020-09-08 16:17:12 info: Created optimizedImages directory
2020-09-08 16:17:12 info: Created originalImages directory
2020-09-08 16:18:01 info: 
To be optimized: 0 
To be uploaded 0 
To be moved: 0
2020-09-08 16:18:32 info: Created optimizedImages directory
2020-09-08 16:18:32 info: Created optimizedImages directory
2020-09-08 16:18:32 info: Created originalImages directory
2020-09-08 16:18:49 info: Created optimizedImages directory
2020-09-08 16:18:49 info: Created optimizedImages directory
2020-09-08 16:18:49 info: Created originalImages directory
2020-09-08 16:19:01 info: 
To be optimized: 0 
To be uploaded 0 
To be moved: 0
2020-09-08 16:19:03 info: Created optimizedImages directory
2020-09-08 16:19:03 info: Created optimizedImages directory
2020-09-08 16:19:03 info: Created originalImages directory
2020-09-08 16:20:01 info: 
To be optimized: 0 
To be uploaded 0 
To be moved: 0
2020-09-08 16:20:04 info: Created optimizedImages directory
2020-09-08 16:20:04 info: Created optimizedImages directory
2020-09-08 16:20:04 info: Created originalImages directory
2020-09-08 16:20:59 info: Created optimizedImages directory
2020-09-08 16:20:59 info: Created optimizedImages directory
2020-09-08 16:20:59 info: Created originalImages directory
2020-09-08 16:21:01 info: 
To be optimized: 0 
To be uploaded 0 
To be moved: 0
2020-09-08 16:22:01 info: 
To be optimized: 0 
To be uploaded 0 
To be moved: 0
2020-09-08 16:23:01 info: 
To be optimized: 0 
To be uploaded 0 
To be moved: 0
2020-09-08 16:24:01 info: 
To be optimized: 0 
To be uploaded 0 
To be moved: 0
2020-09-08 17:53:08 info: Created optimizedImages directory
2020-09-08 17:53:08 info: Created optimizedImages directory
2020-09-08 17:53:08 info: Created originalImages directory
2020-09-08 17:54:01 info: 
To be optimized: 0 
To be uploaded 0 
To be moved: 0
2020-09-08 17:55:01 info: 
To be optimized: 0 
To be uploaded 0 
To be moved: 0
2020-09-08 17:55:35 info: Created optimizedImages directory
2020-09-08 17:55:35 info: Created optimizedImages directory
2020-09-08 17:55:35 info: Created originalImages directory
2020-09-08 17:55:59 info: Created optimizedImages directory
2020-09-08 17:55:59 info: Created optimizedImages directory
2020-09-08 17:55:59 info: Created originalImages directory
2020-09-08 17:56:01 info: 
To be optimized: 0 
To be uploaded 0 
To be moved: 0
2020-09-08 17:56:09 info: Created optimizedImages directory
2020-09-08 17:56:09 info: Created optimizedImages directory
2020-09-08 17:56:09 info: Created originalImages directory
2020-09-08 17:56:15 info: Created optimizedImages directory
2020-09-08 17:56:15 info: Created optimizedImages directory
2020-09-08 17:56:15 info: Created originalImages directory
2020-09-08 17:57:01 info: 
To be optimized: 0 
To be uploaded 0 
To be moved: 0
2020-09-08 17:57:47 info: Created optimizedImages directory
2020-09-08 17:57:47 info: Created optimizedImages directory
2020-09-08 17:57:47 info: Created originalImages directory
2020-09-08 17:58:01 info: 
To be optimized: 0 
To be uploaded 0 
To be moved: 0
2020-09-08 17:58:47 info: Created optimizedImages directory
2020-09-08 17:58:47 info: Created optimizedImages directory
2020-09-08 17:58:47 info: Created originalImages directory
2020-09-08 17:59:01 info: 
To be optimized: 0 
To be uploaded 0 
To be moved: 0
2020-09-08 17:59:42 info: Created optimizedImages directory
2020-09-08 17:59:42 info: Created optimizedImages directory
2020-09-08 17:59:42 info: Created originalImages directory
2020-09-08 17:59:49 info: Created optimizedImages directory
2020-09-08 17:59:49 info: Created optimizedImages directory
2020-09-08 17:59:49 info: Created originalImages directory
2020-09-08 18:00:01 info: 
To be optimized: 0 
To be uploaded 0 
To be moved: 0
2020-09-08 18:00:27 info: Created optimizedImages directory
2020-09-08 18:00:27 info: Created originalImages directory
2020-09-08 18:00:27 info: Created optimizedImages directory
2020-09-08 18:00:45 info: Created optimizedImages directory
2020-09-08 18:00:45 info: Created originalImages directory
2020-09-08 18:00:45 info: Created optimizedImages directory
2020-09-08 18:01:01 info: 
To be optimized: 0 
To be uploaded 0 
To be moved: 0
2020-09-08 18:01:04 info: Created optimizedImages directory
2020-09-08 18:01:04 info: Created originalImages directory
2020-09-08 18:01:04 info: Created optimizedImages directory
2020-09-08 18:01:15 info: Created optimizedImages directory
2020-09-08 18:01:15 info: Created optimizedImages directory
2020-09-08 18:01:15 info: Created originalImages directory
2020-09-08 18:02:01 info: 
To be optimized: 0 
To be uploaded 0 
To be moved: 0
2020-09-08 18:03:01 info: 
To be optimized: 0 
To be uploaded 0 
To be moved: 0
2020-09-08 18:03:39 info: Created optimizedImages directory
2020-09-08 18:03:39 info: Created optimizedImages directory
2020-09-08 18:03:39 info: Created originalImages directory
2020-09-08 18:04:01 info: 
To be optimized: 0 
To be uploaded 0 
To be moved: 0
2020-09-08 18:04:08 info: Created optimizedImages directory
2020-09-08 18:04:08 info: Created originalImages directory
2020-09-08 18:04:08 info: Created optimizedImages directory
2020-09-08 18:04:34 info: Created optimizedImages directory
2020-09-08 18:04:34 info: Created optimizedImages directory
2020-09-08 18:04:34 info: Created originalImages directory
2020-09-08 18:05:01 info: 
To be optimized: 0 
To be uploaded 0 
To be moved: 0
2020-09-08 18:05:45 info: Created optimizedImages directory
2020-09-08 18:05:45 info: Created optimizedImages directory
2020-09-08 18:05:45 info: Created originalImages directory
2020-09-08 18:06:01 info: 
To be optimized: 0 
To be uploaded 0 
To be moved: 0
