2020-09-09 08:20:46 info: Created optimizedImages directory
2020-09-09 08:20:46 info: Created optimizedImages directory
2020-09-09 08:20:46 info: Created originalImages directory
2020-09-09 08:21:01 info: 
To be optimized: 0 
To be uploaded 0 
To be moved: 0
2020-09-09 08:22:01 info: 
To be optimized: 0 
To be uploaded 0 
To be moved: 0
2020-09-09 08:23:01 info: 
To be optimized: 0 
To be uploaded 0 
To be moved: 0
2020-09-09 08:24:01 info: 
To be optimized: 0 
To be uploaded 0 
To be moved: 0
2020-09-09 08:25:01 info: 
To be optimized: 0 
To be uploaded 0 
To be moved: 0
2020-09-09 08:26:01 info: 
To be optimized: 0 
To be uploaded 0 
To be moved: 0
2020-09-09 08:27:01 info: 
To be optimized: 0 
To be uploaded 0 
To be moved: 0
2020-09-09 08:28:01 info: 
To be optimized: 0 
To be uploaded 0 
To be moved: 0
2020-09-09 08:29:01 info: 
To be optimized: 0 
To be uploaded 0 
To be moved: 0
2020-09-09 08:30:01 info: 
To be optimized: 0 
To be uploaded 0 
To be moved: 0
2020-09-09 08:31:01 info: 
To be optimized: 0 
To be uploaded 0 
To be moved: 0
2020-09-09 08:32:01 info: 
To be optimized: 0 
To be uploaded 0 
To be moved: 0
2020-09-09 08:33:01 info: 
To be optimized: 0 
To be uploaded 0 
To be moved: 0
2020-09-09 08:34:01 info: 
To be optimized: 0 
To be uploaded 0 
To be moved: 0
2020-09-09 08:35:01 info: 
To be optimized: 0 
To be uploaded 0 
To be moved: 0
2020-09-09 08:39:23 info: Created optimizedImages directory
2020-09-09 08:39:23 info: Created originalImages directory
2020-09-09 08:39:23 info: Created optimizedImages directory
2020-09-09 08:40:01 info: 
To be optimized: 0 
To be uploaded 0 
To be moved: 0
2020-09-09 08:40:15 info: Created optimizedImages directory
2020-09-09 08:40:15 info: Created optimizedImages directory
2020-09-09 08:40:15 info: Created originalImages directory
2020-09-09 08:41:01 info: 
To be optimized: 0 
To be uploaded 0 
To be moved: 0
2020-09-09 08:42:01 info: 
To be optimized: 0 
To be uploaded 0 
To be moved: 0
2020-09-09 08:43:01 info: 
To be optimized: 0 
To be uploaded 0 
To be moved: 0
2020-09-09 08:44:01 info: 
To be optimized: 0 
To be uploaded 0 
To be moved: 0
2020-09-09 08:45:01 info: 
To be optimized: 0 
To be uploaded 0 
To be moved: 0
2020-09-09 08:45:37 info: Created optimizedImages directory
2020-09-09 08:45:37 info: Created originalImages directory
2020-09-09 08:45:37 info: Created optimizedImages directory
2020-09-09 08:46:01 info: 
To be optimized: 0 
To be uploaded 0 
To be moved: 0
2020-09-09 08:47:01 info: 
To be optimized: 0 
To be uploaded 0 
To be moved: 0
2020-09-09 08:47:12 info: Created optimizedImages directory
2020-09-09 08:47:12 info: Created originalImages directory
2020-09-09 08:47:12 info: Created optimizedImages directory
2020-09-09 08:48:01 info: 
To be optimized: 0 
To be uploaded 0 
To be moved: 0
2020-09-09 08:49:01 info: 
To be optimized: 0 
To be uploaded 0 
To be moved: 0
2020-09-09 08:50:01 info: 
To be optimized: 0 
To be uploaded 0 
To be moved: 0
2020-09-09 08:51:01 info: 
To be optimized: 0 
To be uploaded 0 
To be moved: 0
2020-09-09 08:51:50 info: Created optimizedImages directory
2020-09-09 08:51:50 info: Created optimizedImages directory
2020-09-09 08:51:50 info: Created originalImages directory
2020-09-09 08:52:01 info: 
To be optimized: 0 
To be uploaded 0 
To be moved: 0
2020-09-09 08:52:22 info: Created optimizedImages directory
2020-09-09 08:52:22 info: Created optimizedImages directory
2020-09-09 08:52:22 info: Created originalImages directory
2020-09-09 08:52:52 info: Created optimizedImages directory
2020-09-09 08:52:52 info: Created optimizedImages directory
2020-09-09 08:52:52 info: Created originalImages directory
2020-09-09 08:53:01 info: 
To be optimized: 0 
To be uploaded 0 
To be moved: 0
2020-09-09 08:53:35 info: Created optimizedImages directory
2020-09-09 08:53:35 info: Created originalImages directory
2020-09-09 08:53:35 info: Created optimizedImages directory
2020-09-09 08:54:01 info: 
To be optimized: 0 
To be uploaded 0 
To be moved: 0
2020-09-09 08:55:01 info: 
To be optimized: 0 
To be uploaded 0 
To be moved: 0
2020-09-09 08:56:01 info: 
To be optimized: 0 
To be uploaded 0 
To be moved: 0
2020-09-09 08:56:41 info: Created optimizedImages directory
2020-09-09 08:56:41 info: Created originalImages directory
2020-09-09 08:56:41 info: Created optimizedImages directory
2020-09-09 08:56:47 info: Created optimizedImages directory
2020-09-09 08:56:47 info: Created optimizedImages directory
2020-09-09 08:56:47 info: Created originalImages directory
2020-09-09 08:57:01 info: 
To be optimized: 0 
To be uploaded 0 
To be moved: 0
2020-09-09 08:58:01 info: 
To be optimized: 0 
To be uploaded 0 
To be moved: 0
2020-09-09 08:59:01 info: 
To be optimized: 0 
To be uploaded 0 
To be moved: 0
2020-09-09 09:00:01 info: 
To be optimized: 0 
To be uploaded 0 
To be moved: 0
2020-09-09 09:01:01 info: 
To be optimized: 0 
To be uploaded 0 
To be moved: 0
2020-09-09 09:01:04 info: Created optimizedImages directory
2020-09-09 09:01:04 info: Created optimizedImages directory
2020-09-09 09:01:04 info: Created originalImages directory
2020-09-09 09:02:01 info: 
To be optimized: 0 
To be uploaded 0 
To be moved: 0
2020-09-09 09:03:01 info: 
To be optimized: 0 
To be uploaded 0 
To be moved: 0
2020-09-09 09:04:01 info: 
To be optimized: 0 
To be uploaded 0 
To be moved: 0
2020-09-09 09:05:01 info: 
To be optimized: 0 
To be uploaded 0 
To be moved: 0
2020-09-09 09:06:01 info: 
To be optimized: 0 
To be uploaded 0 
To be moved: 0
2020-09-09 09:07:01 info: 
To be optimized: 0 
To be uploaded 0 
To be moved: 0
2020-09-09 09:08:01 info: 
To be optimized: 0 
To be uploaded 0 
To be moved: 0
2020-09-09 09:09:01 info: 
To be optimized: 0 
To be uploaded 0 
To be moved: 0
2020-09-09 09:10:01 info: 
To be optimized: 0 
To be uploaded 0 
To be moved: 0
2020-09-09 09:11:01 info: 
To be optimized: 0 
To be uploaded 0 
To be moved: 0
2020-09-09 09:12:01 info: 
To be optimized: 0 
To be uploaded 0 
To be moved: 0
2020-09-09 09:13:01 info: 
To be optimized: 0 
To be uploaded 0 
To be moved: 0
2020-09-09 09:14:01 info: 
To be optimized: 0 
To be uploaded 0 
To be moved: 0
2020-09-09 09:15:01 info: 
To be optimized: 0 
To be uploaded 0 
To be moved: 0
2020-09-09 09:16:01 info: 
To be optimized: 0 
To be uploaded 0 
To be moved: 0
2020-09-09 09:17:01 info: 
To be optimized: 0 
To be uploaded 0 
To be moved: 0
2020-09-09 09:18:01 info: 
To be optimized: 0 
To be uploaded 0 
To be moved: 0
2020-09-09 09:19:01 info: 
To be optimized: 0 
To be uploaded 0 
To be moved: 0
2020-09-09 09:20:01 info: 
To be optimized: 0 
To be uploaded 0 
To be moved: 0
2020-09-09 09:21:01 info: 
To be optimized: 0 
To be uploaded 0 
To be moved: 0
2020-09-09 09:22:01 info: 
To be optimized: 0 
To be uploaded 0 
To be moved: 0
2020-09-09 09:23:01 info: 
To be optimized: 0 
To be uploaded 0 
To be moved: 0
2020-09-09 09:24:01 info: 
To be optimized: 0 
To be uploaded 0 
To be moved: 0
2020-09-09 09:25:01 info: 
To be optimized: 0 
To be uploaded 0 
To be moved: 0
2020-09-09 09:35:04 info: Created optimizedImages directory
2020-09-09 09:35:04 info: Created optimizedImages directory
2020-09-09 09:35:04 info: Created originalImages directory
2020-09-09 09:36:01 info: 
To be optimized: 0 
To be uploaded 0 
To be moved: 0
2020-09-09 09:36:14 info: Created optimizedImages directory
2020-09-09 09:36:14 info: Created originalImages directory
2020-09-09 09:36:14 info: Created optimizedImages directory
2020-09-09 09:36:38 info: Created optimizedImages directory
2020-09-09 09:36:38 info: Created optimizedImages directory
2020-09-09 09:36:38 info: Created originalImages directory
2020-09-09 09:37:01 info: 
To be optimized: 0 
To be uploaded 0 
To be moved: 0
2020-09-09 09:37:22 info: Created optimizedImages directory
2020-09-09 09:37:22 info: Created optimizedImages directory
2020-09-09 09:37:22 info: Created originalImages directory
2020-09-09 11:50:07 info: Created optimizedImages directory
2020-09-09 11:50:07 info: Created optimizedImages directory
2020-09-09 11:50:07 info: Created originalImages directory
2020-09-09 11:51:01 info: 
To be optimized: 0 
To be uploaded 0 
To be moved: 0
2020-09-09 11:52:01 info: 
To be optimized: 0 
To be uploaded 0 
To be moved: 0
2020-09-09 11:53:01 info: 
To be optimized: 0 
To be uploaded 0 
To be moved: 0
2020-09-09 11:54:01 info: 
To be optimized: 0 
To be uploaded 0 
To be moved: 0
2020-09-09 11:55:01 info: 
To be optimized: 0 
To be uploaded 0 
To be moved: 0
2020-09-09 11:56:01 info: 
To be optimized: 0 
To be uploaded 0 
To be moved: 0
2020-09-09 11:56:18 info: Created optimizedImages directory
2020-09-09 11:56:18 info: Created optimizedImages directory
2020-09-09 11:56:18 info: Created originalImages directory
2020-09-09 11:57:01 info: 
To be optimized: 0 
To be uploaded 0 
To be moved: 0
2020-09-09 11:58:01 info: 
To be optimized: 0 
To be uploaded 0 
To be moved: 0
2020-09-09 11:59:01 info: 
To be optimized: 0 
To be uploaded 0 
To be moved: 0
2020-09-09 12:00:01 info: 
To be optimized: 0 
To be uploaded 0 
To be moved: 0
2020-09-09 12:00:34 info: Created optimizedImages directory
2020-09-09 12:00:34 info: Created optimizedImages directory
2020-09-09 12:00:34 info: Created originalImages directory
2020-09-09 12:00:56 info: Created optimizedImages directory
2020-09-09 12:00:56 info: Created originalImages directory
2020-09-09 12:00:56 info: Created optimizedImages directory
2020-09-09 12:01:01 info: 
To be optimized: 0 
To be uploaded 0 
To be moved: 0
2020-09-09 12:01:03 info: Created optimizedImages directory
2020-09-09 12:01:03 info: Created originalImages directory
2020-09-09 12:01:03 info: Created optimizedImages directory
2020-09-09 12:01:12 info: Created optimizedImages directory
2020-09-09 12:01:12 info: Created optimizedImages directory
2020-09-09 12:01:12 info: Created originalImages directory
2020-09-09 12:02:01 info: 
To be optimized: 0 
To be uploaded 0 
To be moved: 0
2020-09-09 12:03:01 info: 
To be optimized: 0 
To be uploaded 0 
To be moved: 0
2020-09-09 12:04:01 info: 
To be optimized: 0 
To be uploaded 0 
To be moved: 0
2020-09-09 12:05:01 info: 
To be optimized: 0 
To be uploaded 0 
To be moved: 0
2020-09-09 12:06:01 info: 
To be optimized: 0 
To be uploaded 0 
To be moved: 0
2020-09-09 12:07:01 info: 
To be optimized: 0 
To be uploaded 0 
To be moved: 0
2020-09-09 12:08:01 info: 
To be optimized: 0 
To be uploaded 0 
To be moved: 0
2020-09-09 12:09:01 info: 
To be optimized: 0 
To be uploaded 0 
To be moved: 0
2020-09-09 12:10:01 info: 
To be optimized: 0 
To be uploaded 0 
To be moved: 0
2020-09-09 12:11:01 info: 
To be optimized: 0 
To be uploaded 0 
To be moved: 0
2020-09-09 12:12:01 info: 
To be optimized: 0 
To be uploaded 0 
To be moved: 0
2020-09-09 12:13:01 info: 
To be optimized: 0 
To be uploaded 0 
To be moved: 0
2020-09-09 12:13:25 info: Created optimizedImages directory
2020-09-09 12:13:25 info: Created optimizedImages directory
2020-09-09 12:13:25 info: Created originalImages directory
2020-09-09 12:14:01 info: 
To be optimized: 0 
To be uploaded 0 
To be moved: 0
2020-09-09 12:14:52 info: Created optimizedImages directory
2020-09-09 12:14:52 info: Created optimizedImages directory
2020-09-09 12:14:52 info: Created originalImages directory
2020-09-09 12:15:01 info: 
To be optimized: 0 
To be uploaded 0 
To be moved: 0
2020-09-09 12:15:05 info: Created optimizedImages directory
2020-09-09 12:15:05 info: Created optimizedImages directory
2020-09-09 12:15:05 info: Created originalImages directory
2020-09-09 12:15:27 info: Cloud upload competed: 8 dumps uploaded
2020-09-09 12:15:27 info: Created optimizedImages directory
2020-09-09 12:15:27 info: Created optimizedImages directory
2020-09-09 12:15:27 info: Created originalImages directory
2020-09-09 12:16:01 info: 
To be optimized: 0 
To be uploaded 0 
To be moved: 0
2020-09-09 12:16:04 info: Cloud upload competed: 8 dumps uploaded
2020-09-09 12:16:04 info: Created optimizedImages directory
2020-09-09 12:16:04 info: Created optimizedImages directory
2020-09-09 12:16:04 info: Created originalImages directory
2020-09-09 12:17:01 info: 
To be optimized: 0 
To be uploaded 0 
To be moved: 0
2020-09-09 12:18:01 info: 
To be optimized: 0 
To be uploaded 0 
To be moved: 0
2020-09-09 12:18:19 info: Cloud upload competed: 3 dumps uploaded
2020-09-09 12:18:19 info: Created optimizedImages directory
2020-09-09 12:18:19 info: Created optimizedImages directory
2020-09-09 12:18:19 info: Created originalImages directory
2020-09-09 12:19:01 info: 
To be optimized: 0 
To be uploaded 0 
To be moved: 0
2020-09-09 12:19:28 info: Cloud upload competed: 3 dumps uploaded
2020-09-09 12:19:28 info: Created optimizedImages directory
2020-09-09 12:19:28 info: Created optimizedImages directory
2020-09-09 12:19:28 info: Created originalImages directory
2020-09-09 12:20:01 info: 
To be optimized: 0 
To be uploaded 0 
To be moved: 0
2020-09-09 12:20:56 info: Cloud upload competed: 3 dumps uploaded
2020-09-09 12:20:56 info: Created optimizedImages directory
2020-09-09 12:20:56 info: Created originalImages directory
2020-09-09 12:20:56 info: Created optimizedImages directory
2020-09-09 12:21:01 info: 
To be optimized: 0 
To be uploaded 0 
To be moved: 0
2020-09-09 12:22:01 info: 
To be optimized: 0 
To be uploaded 0 
To be moved: 0
2020-09-09 12:23:01 info: 
To be optimized: 0 
To be uploaded 0 
To be moved: 0
2020-09-09 12:24:01 info: 
To be optimized: 0 
To be uploaded 0 
To be moved: 0
2020-09-09 12:25:01 info: 
To be optimized: 0 
To be uploaded 0 
To be moved: 0
2020-09-09 12:26:01 info: 
To be optimized: 0 
To be uploaded 0 
To be moved: 0
2020-09-09 12:27:01 info: 
To be optimized: 0 
To be uploaded 0 
To be moved: 0
2020-09-09 12:28:01 info: 
To be optimized: 0 
To be uploaded 0 
To be moved: 0
2020-09-09 12:29:01 info: 
To be optimized: 0 
To be uploaded 0 
To be moved: 0
2020-09-09 12:30:01 info: 
To be optimized: 0 
To be uploaded 0 
To be moved: 0
2020-09-09 12:31:01 info: 
To be optimized: 0 
To be uploaded 0 
To be moved: 0
2020-09-09 12:32:01 info: 
To be optimized: 0 
To be uploaded 0 
To be moved: 0
2020-09-09 12:33:01 info: 
To be optimized: 0 
To be uploaded 0 
To be moved: 0
2020-09-09 12:34:01 info: 
To be optimized: 0 
To be uploaded 0 
To be moved: 0
2020-09-09 12:35:01 info: 
To be optimized: 0 
To be uploaded 0 
To be moved: 0
2020-09-09 12:36:01 info: 
To be optimized: 0 
To be uploaded 0 
To be moved: 0
2020-09-09 12:37:01 info: 
To be optimized: 0 
To be uploaded 0 
To be moved: 0
2020-09-09 12:38:01 info: 
To be optimized: 0 
To be uploaded 0 
To be moved: 0
2020-09-09 12:39:01 info: 
To be optimized: 0 
To be uploaded 0 
To be moved: 0
2020-09-09 12:40:01 info: 
To be optimized: 0 
To be uploaded 0 
To be moved: 0
2020-09-09 12:41:01 info: 
To be optimized: 0 
To be uploaded 0 
To be moved: 0
2020-09-09 12:42:01 info: 
To be optimized: 0 
To be uploaded 0 
To be moved: 0
2020-09-09 12:43:01 info: 
To be optimized: 0 
To be uploaded 0 
To be moved: 0
2020-09-09 12:44:01 info: 
To be optimized: 0 
To be uploaded 0 
To be moved: 0
2020-09-09 12:45:01 info: 
To be optimized: 0 
To be uploaded 0 
To be moved: 0
2020-09-09 12:46:01 info: 
To be optimized: 0 
To be uploaded 0 
To be moved: 0
2020-09-09 12:47:01 info: 
To be optimized: 0 
To be uploaded 0 
To be moved: 0
2020-09-09 12:48:01 info: 
To be optimized: 0 
To be uploaded 0 
To be moved: 0
2020-09-09 12:49:54 info: Created optimizedImages directory
2020-09-09 12:49:54 info: Created optimizedImages directory
2020-09-09 12:49:54 info: Created originalImages directory
2020-09-09 12:50:01 info: 
To be optimized: 0 
To be uploaded 0 
To be moved: 0
2020-09-09 12:51:01 info: 
To be optimized: 0 
To be uploaded 0 
To be moved: 0
2020-09-09 12:51:13 info: Created optimizedImages directory
2020-09-09 12:51:13 info: Created optimizedImages directory
2020-09-09 12:51:13 info: Created originalImages directory
2020-09-09 12:51:31 info: Created optimizedImages directory
2020-09-09 12:51:31 info: Created optimizedImages directory
2020-09-09 12:51:31 info: Created originalImages directory
2020-09-09 12:52:01 info: 
To be optimized: 0 
To be uploaded 0 
To be moved: 0
2020-09-09 12:52:54 info: Created optimizedImages directory
2020-09-09 12:52:54 info: Created originalImages directory
2020-09-09 12:52:54 info: Created optimizedImages directory
2020-09-09 12:53:01 info: 
To be optimized: 0 
To be uploaded 0 
To be moved: 0
2020-09-09 12:54:14 info: Created optimizedImages directory
2020-09-09 12:54:14 info: Created optimizedImages directory
2020-09-09 12:54:14 info: Created originalImages directory
2020-09-09 12:54:14 info: Cloud upload competed: 3 dumps uploaded
2020-09-09 12:55:01 info: 
To be optimized: 0 
To be uploaded 0 
To be moved: 0
2020-09-09 12:56:01 info: 
To be optimized: 0 
To be uploaded 0 
To be moved: 0
2020-09-09 12:57:01 info: 
To be optimized: 0 
To be uploaded 0 
To be moved: 0
2020-09-09 12:58:01 info: 
To be optimized: 0 
To be uploaded 0 
To be moved: 0
2020-09-09 12:59:01 info: 
To be optimized: 0 
To be uploaded 0 
To be moved: 0
2020-09-09 13:00:01 info: 
To be optimized: 0 
To be uploaded 0 
To be moved: 0
2020-09-09 13:01:01 info: 
To be optimized: 0 
To be uploaded 0 
To be moved: 0
2020-09-09 13:01:04 info: Cloud upload competed: 0 dumps uploaded
2020-09-09 13:01:04 info: Created optimizedImages directory
2020-09-09 13:01:04 info: Created optimizedImages directory
2020-09-09 13:01:04 info: Created originalImages directory
2020-09-09 13:02:01 info: 
To be optimized: 0 
To be uploaded 0 
To be moved: 0
2020-09-09 13:03:01 info: 
To be optimized: 0 
To be uploaded 0 
To be moved: 0
2020-09-09 13:04:01 info: 
To be optimized: 0 
To be uploaded 0 
To be moved: 0
2020-09-09 13:05:01 info: 
To be optimized: 0 
To be uploaded 0 
To be moved: 0
2020-09-09 13:06:01 info: 
To be optimized: 0 
To be uploaded 0 
To be moved: 0
2020-09-09 13:07:01 info: 
To be optimized: 0 
To be uploaded 0 
To be moved: 0
2020-09-09 13:08:01 info: 
To be optimized: 0 
To be uploaded 0 
To be moved: 0
2020-09-09 13:09:01 info: 
To be optimized: 0 
To be uploaded 0 
To be moved: 0
2020-09-09 13:10:01 info: 
To be optimized: 0 
To be uploaded 0 
To be moved: 0
2020-09-09 13:11:01 info: 
To be optimized: 0 
To be uploaded 0 
To be moved: 0
2020-09-09 13:12:01 info: 
To be optimized: 0 
To be uploaded 0 
To be moved: 0
2020-09-09 13:13:01 info: 
To be optimized: 0 
To be uploaded 0 
To be moved: 0
2020-09-09 13:14:01 info: 
To be optimized: 0 
To be uploaded 0 
To be moved: 0
2020-09-09 13:15:01 info: 
To be optimized: 0 
To be uploaded 0 
To be moved: 0
2020-09-09 13:16:01 info: 
To be optimized: 0 
To be uploaded 0 
To be moved: 0
2020-09-09 13:17:01 info: 
To be optimized: 0 
To be uploaded 0 
To be moved: 0
2020-09-09 13:18:01 info: 
To be optimized: 0 
To be uploaded 0 
To be moved: 0
2020-09-09 13:19:01 info: 
To be optimized: 0 
To be uploaded 0 
To be moved: 0
2020-09-09 13:20:01 info: 
To be optimized: 0 
To be uploaded 0 
To be moved: 0
2020-09-09 13:24:45 info: Cloud upload competed: 0 dumps uploaded
2020-09-09 13:24:45 info: Created optimizedImages directory
2020-09-09 13:24:45 info: Created optimizedImages directory
2020-09-09 13:24:45 info: Created originalImages directory
2020-09-09 13:25:01 info: 
To be optimized: 0 
To be uploaded 0 
To be moved: 0
2020-09-09 13:26:01 info: 
To be optimized: 0 
To be uploaded 0 
To be moved: 0
2020-09-09 13:26:38 info: Cloud upload competed: 0 dumps uploaded
2020-09-09 13:26:38 info: Created optimizedImages directory
2020-09-09 13:26:38 info: Created optimizedImages directory
2020-09-09 13:26:38 info: Created originalImages directory
2020-09-09 13:27:01 info: 
To be optimized: 0 
To be uploaded 0 
To be moved: 0
2020-09-09 13:28:01 info: 
To be optimized: 0 
To be uploaded 0 
To be moved: 0
2020-09-09 13:29:01 info: 
To be optimized: 0 
To be uploaded 0 
To be moved: 0
2020-09-09 13:30:01 info: 
To be optimized: 0 
To be uploaded 0 
To be moved: 0
2020-09-09 13:30:42 info: Created optimizedImages directory
2020-09-09 13:30:42 info: Created optimizedImages directory
2020-09-09 13:30:42 info: Created originalImages directory
2020-09-09 13:30:50 info: Created optimizedImages directory
2020-09-09 13:30:50 info: Created optimizedImages directory
2020-09-09 13:30:50 info: Created originalImages directory
2020-09-09 13:31:01 info: 
To be optimized: 0 
To be uploaded 0 
To be moved: 0
2020-09-09 13:32:01 info: 
To be optimized: 0 
To be uploaded 0 
To be moved: 0
2020-09-09 13:33:01 info: 
To be optimized: 0 
To be uploaded 0 
To be moved: 0
2020-09-09 13:34:01 info: 
To be optimized: 0 
To be uploaded 0 
To be moved: 0
2020-09-09 13:34:06 info: Created optimizedImages directory
2020-09-09 13:34:06 info: Created optimizedImages directory
2020-09-09 13:34:06 info: Created originalImages directory
2020-09-09 13:35:01 info: 
To be optimized: 0 
To be uploaded 0 
To be moved: 0
2020-09-09 13:35:58 info: Created optimizedImages directory
2020-09-09 13:35:58 info: Created optimizedImages directory
2020-09-09 13:35:58 info: Created originalImages directory
2020-09-09 13:36:01 info: 
To be optimized: 0 
To be uploaded 0 
To be moved: 0
2020-09-09 13:36:04 info: Created optimizedImages directory
2020-09-09 13:36:04 info: Created optimizedImages directory
2020-09-09 13:36:04 info: Created originalImages directory
2020-09-09 13:37:01 info: 
To be optimized: 0 
To be uploaded 0 
To be moved: 0
2020-09-09 13:37:04 info: Created optimizedImages directory
2020-09-09 13:37:04 info: Created optimizedImages directory
2020-09-09 13:37:04 info: Created originalImages directory
2020-09-09 13:37:31 info: Created optimizedImages directory
2020-09-09 13:37:31 info: Created optimizedImages directory
2020-09-09 13:37:31 info: Created originalImages directory
2020-09-09 13:38:01 info: 
To be optimized: 0 
To be uploaded 0 
To be moved: 0
2020-09-09 13:38:50 info: Created optimizedImages directory
2020-09-09 13:38:50 info: Created optimizedImages directory
2020-09-09 13:38:50 info: Created originalImages directory
2020-09-09 13:39:01 info: 
To be optimized: 0 
To be uploaded 0 
To be moved: 0
2020-09-09 13:39:56 info: Created optimizedImages directory
2020-09-09 13:39:56 info: Created optimizedImages directory
2020-09-09 13:39:56 info: Created originalImages directory
2020-09-09 13:40:01 info: 
To be optimized: 0 
To be uploaded 0 
To be moved: 0
2020-09-09 13:40:26 info: Created optimizedImages directory
2020-09-09 13:40:26 info: Created optimizedImages directory
2020-09-09 13:40:26 info: Created originalImages directory
2020-09-09 13:41:01 info: 
To be optimized: 0 
To be uploaded 0 
To be moved: 0
2020-09-09 13:41:09 info: Created optimizedImages directory
2020-09-09 13:41:09 info: Created originalImages directory
2020-09-09 13:41:09 info: Created optimizedImages directory
2020-09-09 13:41:49 info: Created optimizedImages directory
2020-09-09 13:41:49 info: Created optimizedImages directory
2020-09-09 13:41:49 info: Created originalImages directory
2020-09-09 13:42:01 info: 
To be optimized: 0 
To be uploaded 0 
To be moved: 0
2020-09-09 13:42:26 info: Created optimizedImages directory
2020-09-09 13:42:26 info: Created originalImages directory
2020-09-09 13:42:26 info: Created optimizedImages directory
2020-09-09 13:42:30 info: Created optimizedImages directory
2020-09-09 13:42:30 info: Created originalImages directory
2020-09-09 13:42:30 info: Created optimizedImages directory
2020-09-09 13:43:01 info: 
To be optimized: 0 
To be uploaded 0 
To be moved: 0
2020-09-09 13:44:01 info: 
To be optimized: 0 
To be uploaded 0 
To be moved: 0
2020-09-09 13:45:01 info: 
To be optimized: 0 
To be uploaded 0 
To be moved: 0
2020-09-09 13:45:17 info: Created optimizedImages directory
2020-09-09 13:45:17 info: Created optimizedImages directory
2020-09-09 13:45:17 info: Created originalImages directory
2020-09-09 13:46:01 info: 
To be optimized: 0 
To be uploaded 0 
To be moved: 0
2020-09-09 13:47:01 info: 
To be optimized: 0 
To be uploaded 0 
To be moved: 0
2020-09-09 13:47:46 info: Created optimizedImages directory
2020-09-09 13:47:46 info: Created optimizedImages directory
2020-09-09 13:47:46 info: Created originalImages directory
2020-09-09 13:48:01 info: 
To be optimized: 0 
To be uploaded 0 
To be moved: 0
2020-09-09 13:49:01 info: 
To be optimized: 0 
To be uploaded 0 
To be moved: 0
2020-09-09 13:50:01 info: 
To be optimized: 0 
To be uploaded 0 
To be moved: 0
2020-09-09 13:51:01 info: 
To be optimized: 0 
To be uploaded 0 
To be moved: 0
2020-09-09 13:52:01 info: 
To be optimized: 0 
To be uploaded 0 
To be moved: 0
2020-09-09 13:53:01 info: 
To be optimized: 0 
To be uploaded 0 
To be moved: 0
2020-09-09 13:54:01 info: 
To be optimized: 0 
To be uploaded 0 
To be moved: 0
2020-09-09 13:55:01 info: 
To be optimized: 0 
To be uploaded 0 
To be moved: 0
2020-09-09 13:56:01 info: 
To be optimized: 0 
To be uploaded 0 
To be moved: 0
2020-09-09 13:57:01 info: 
To be optimized: 0 
To be uploaded 0 
To be moved: 0
2020-09-09 13:58:01 info: 
To be optimized: 0 
To be uploaded 0 
To be moved: 0
2020-09-09 13:59:01 info: 
To be optimized: 0 
To be uploaded 0 
To be moved: 0
2020-09-09 14:00:01 info: 
To be optimized: 0 
To be uploaded 0 
To be moved: 0
2020-09-09 14:01:01 info: 
To be optimized: 0 
To be uploaded 0 
To be moved: 0
2020-09-09 14:01:04 info: Created optimizedImages directory
2020-09-09 14:01:04 info: Created optimizedImages directory
2020-09-09 14:01:04 info: Created originalImages directory
2020-09-09 14:02:01 info: 
To be optimized: 0 
To be uploaded 0 
To be moved: 0
2020-09-09 14:03:01 info: 
To be optimized: 0 
To be uploaded 0 
To be moved: 0
2020-09-09 14:04:01 info: 
To be optimized: 0 
To be uploaded 0 
To be moved: 0
2020-09-09 14:05:01 info: 
To be optimized: 0 
To be uploaded 0 
To be moved: 0
2020-09-09 14:06:01 info: 
To be optimized: 0 
To be uploaded 0 
To be moved: 0
2020-09-09 14:07:01 info: 
To be optimized: 0 
To be uploaded 0 
To be moved: 0
2020-09-09 14:08:01 info: 
To be optimized: 0 
To be uploaded 0 
To be moved: 0
2020-09-09 14:09:01 info: 
To be optimized: 0 
To be uploaded 0 
To be moved: 0
2020-09-09 14:10:01 info: 
To be optimized: 0 
To be uploaded 0 
To be moved: 0
2020-09-09 14:11:01 info: 
To be optimized: 0 
To be uploaded 0 
To be moved: 0
2020-09-09 14:12:01 info: 
To be optimized: 0 
To be uploaded 0 
To be moved: 0
2020-09-09 14:12:21 info: Created optimizedImages directory
2020-09-09 14:12:21 info: Created optimizedImages directory
2020-09-09 14:12:21 info: Created originalImages directory
2020-09-09 14:13:01 info: 
To be optimized: 0 
To be uploaded 0 
To be moved: 0
2020-09-09 14:13:18 info: Created optimizedImages directory
2020-09-09 14:13:18 info: Created optimizedImages directory
2020-09-09 14:13:18 info: Created originalImages directory
2020-09-09 14:13:19 info: Done zipping:
2020-09-09 14:14:01 info: 
To be optimized: 0 
To be uploaded 0 
To be moved: 0
2020-09-09 14:15:01 info: 
To be optimized: 0 
To be uploaded 0 
To be moved: 0
2020-09-09 14:15:56 info: Created optimizedImages directory
2020-09-09 14:15:56 info: Created optimizedImages directory
2020-09-09 14:15:56 info: Created originalImages directory
2020-09-09 14:15:57 info: Done zipping:
2020-09-09 14:16:01 info: 
To be optimized: 0 
To be uploaded 0 
To be moved: 0
2020-09-09 14:17:01 info: 
To be optimized: 0 
To be uploaded 0 
To be moved: 0
2020-09-09 14:18:01 info: 
To be optimized: 0 
To be uploaded 0 
To be moved: 0
2020-09-09 14:19:01 info: 
To be optimized: 0 
To be uploaded 0 
To be moved: 0
2020-09-09 14:20:01 info: 
To be optimized: 0 
To be uploaded 0 
To be moved: 0
2020-09-09 14:20:12 info: Done zipping:
2020-09-09 14:20:12 info: Created optimizedImages directory
2020-09-09 14:20:12 info: Created optimizedImages directory
2020-09-09 14:20:12 info: Created originalImages directory
2020-09-09 14:20:20 info: Done zipping:
2020-09-09 14:20:20 info: Created optimizedImages directory
2020-09-09 14:20:20 info: Created optimizedImages directory
2020-09-09 14:20:20 info: Created originalImages directory
2020-09-09 14:21:01 info: 
To be optimized: 0 
To be uploaded 0 
To be moved: 0
2020-09-09 14:22:01 info: 
To be optimized: 0 
To be uploaded 0 
To be moved: 0
2020-09-09 14:23:01 info: 
To be optimized: 0 
To be uploaded 0 
To be moved: 0
2020-09-09 14:24:01 info: 
To be optimized: 0 
To be uploaded 0 
To be moved: 0
2020-09-09 14:25:01 info: 
To be optimized: 0 
To be uploaded 0 
To be moved: 0
2020-09-09 14:26:01 info: 
To be optimized: 0 
To be uploaded 0 
To be moved: 0
2020-09-09 14:26:29 info: Done zipping:
2020-09-09 14:26:29 info: Created optimizedImages directory
2020-09-09 14:26:29 info: Created optimizedImages directory
2020-09-09 14:26:29 info: Created originalImages directory
2020-09-09 14:27:01 info: 
To be optimized: 0 
To be uploaded 0 
To be moved: 0
2020-09-09 14:27:12 info: Created optimizedImages directory
2020-09-09 14:27:12 info: Created optimizedImages directory
2020-09-09 14:27:12 info: Created originalImages directory
2020-09-09 14:27:17 info: Created optimizedImages directory
2020-09-09 14:27:17 info: Created optimizedImages directory
2020-09-09 14:27:17 info: Created originalImages directory
2020-09-09 14:27:52 info: Created optimizedImages directory
2020-09-09 14:27:52 info: Created optimizedImages directory
2020-09-09 14:27:52 info: Created originalImages directory
2020-09-09 14:28:01 info: 
To be optimized: 0 
To be uploaded 0 
To be moved: 0
2020-09-09 14:28:03 info: Created optimizedImages directory
2020-09-09 14:28:03 info: Created optimizedImages directory
2020-09-09 14:28:03 info: Created originalImages directory
2020-09-09 14:29:01 info: 
To be optimized: 0 
To be uploaded 0 
To be moved: 0
2020-09-09 14:29:18 info: Created optimizedImages directory
2020-09-09 14:29:18 info: Created optimizedImages directory
2020-09-09 14:29:18 info: Created originalImages directory
2020-09-09 14:29:30 info: Created optimizedImages directory
2020-09-09 14:29:30 info: Created optimizedImages directory
2020-09-09 14:29:30 info: Created originalImages directory
2020-09-09 14:30:01 info: 
To be optimized: 0 
To be uploaded 0 
To be moved: 0
2020-09-09 14:31:01 info: 
To be optimized: 0 
To be uploaded 0 
To be moved: 0
2020-09-09 14:31:05 info: Created optimizedImages directory
2020-09-09 14:31:05 info: Created originalImages directory
2020-09-09 14:31:05 info: Created optimizedImages directory
2020-09-09 14:31:15 info: Created optimizedImages directory
2020-09-09 14:31:15 info: Created optimizedImages directory
2020-09-09 14:31:15 info: Created originalImages directory
2020-09-09 14:31:48 info: Created optimizedImages directory
2020-09-09 14:31:48 info: Created optimizedImages directory
2020-09-09 14:31:48 info: Created originalImages directory
2020-09-09 14:32:01 info: 
To be optimized: 0 
To be uploaded 0 
To be moved: 0
2020-09-09 14:32:03 info: Created optimizedImages directory
2020-09-09 14:32:03 info: Created optimizedImages directory
2020-09-09 14:32:03 info: Created originalImages directory
2020-09-09 14:35:22 info: Created optimizedImages directory
2020-09-09 14:35:22 info: Created optimizedImages directory
2020-09-09 14:35:22 info: Created originalImages directory
2020-09-09 14:35:58 info: Created optimizedImages directory
2020-09-09 14:35:58 info: Created originalImages directory
2020-09-09 14:35:58 info: Created optimizedImages directory
2020-09-09 14:36:33 info: Created optimizedImages directory
2020-09-09 14:36:33 info: Created optimizedImages directory
2020-09-09 14:36:33 info: Created originalImages directory
2020-09-09 14:37:18 info: Created optimizedImages directory
2020-09-09 14:37:18 info: Created originalImages directory
2020-09-09 14:37:18 info: Created optimizedImages directory
2020-09-09 14:37:32 info: Created optimizedImages directory
2020-09-09 14:37:32 info: Created optimizedImages directory
2020-09-09 14:37:32 info: Created originalImages directory
2020-09-09 14:40:30 info: Done zipping:
2020-09-09 14:40:30 info: Created optimizedImages directory
2020-09-09 14:40:30 info: Created optimizedImages directory
2020-09-09 14:40:30 info: Created originalImages directory
2020-09-09 14:40:34 info: Created optimizedImages directory
2020-09-09 14:40:34 info: Created optimizedImages directory
2020-09-09 14:40:34 info: Created originalImages directory
2020-09-09 14:40:34 info: Done zipping:
2020-09-09 14:40:37 info: Created optimizedImages directory
2020-09-09 14:40:37 info: Created optimizedImages directory
2020-09-09 14:40:37 info: Created originalImages directory
2020-09-09 14:40:38 info: Done zipping:
2020-09-09 14:40:41 info: Created optimizedImages directory
2020-09-09 14:40:41 info: Created optimizedImages directory
2020-09-09 14:40:41 info: Created originalImages directory
2020-09-09 14:40:41 info: Done zipping:
2020-09-09 14:40:44 info: Created optimizedImages directory
2020-09-09 14:40:44 info: Created optimizedImages directory
2020-09-09 14:40:44 info: Created originalImages directory
2020-09-09 14:40:44 info: Done zipping:
2020-09-09 14:40:47 info: Created optimizedImages directory
2020-09-09 14:40:47 info: Created optimizedImages directory
2020-09-09 14:40:47 info: Created originalImages directory
2020-09-09 14:40:47 info: Done zipping:
2020-09-09 14:40:50 info: Created optimizedImages directory
2020-09-09 14:40:50 info: Created originalImages directory
2020-09-09 14:40:50 info: Created optimizedImages directory
2020-09-09 14:40:51 info: Done zipping:
2020-09-09 14:40:54 info: Created optimizedImages directory
2020-09-09 14:40:54 info: Created optimizedImages directory
2020-09-09 14:40:54 info: Created originalImages directory
2020-09-09 14:40:54 info: Done zipping:
2020-09-09 14:40:57 info: Created optimizedImages directory
2020-09-09 14:40:57 info: Created optimizedImages directory
2020-09-09 14:40:57 info: Created originalImages directory
2020-09-09 14:40:57 info: Done zipping:
2020-09-09 14:41:00 info: Created optimizedImages directory
2020-09-09 14:41:00 info: Created optimizedImages directory
2020-09-09 14:41:00 info: Created originalImages directory
2020-09-09 14:41:01 info: Done zipping:
2020-09-09 14:41:04 info: Created optimizedImages directory
2020-09-09 14:41:04 info: Created optimizedImages directory
2020-09-09 14:41:04 info: Created originalImages directory
2020-09-09 14:41:04 info: Done zipping:
2020-09-09 14:41:07 info: Created optimizedImages directory
2020-09-09 14:41:07 info: Created optimizedImages directory
2020-09-09 14:41:07 info: Created originalImages directory
2020-09-09 14:41:07 info: Done zipping:
2020-09-09 14:41:10 info: Created optimizedImages directory
2020-09-09 14:41:10 info: Created optimizedImages directory
2020-09-09 14:41:10 info: Created originalImages directory
2020-09-09 14:41:10 info: Done zipping:
2020-09-09 14:41:13 info: Created optimizedImages directory
2020-09-09 14:41:13 info: Created originalImages directory
2020-09-09 14:41:13 info: Created optimizedImages directory
2020-09-09 14:41:14 info: Done zipping:
2020-09-09 14:41:17 info: Created optimizedImages directory
2020-09-09 14:41:17 info: Created optimizedImages directory
2020-09-09 14:41:17 info: Created originalImages directory
2020-09-09 14:41:17 info: Done zipping:
2020-09-09 14:41:20 info: Created optimizedImages directory
2020-09-09 14:41:20 info: Created originalImages directory
2020-09-09 14:41:20 info: Created optimizedImages directory
2020-09-09 14:41:20 info: Done zipping:
2020-09-09 14:41:23 info: Created optimizedImages directory
2020-09-09 14:41:23 info: Created originalImages directory
2020-09-09 14:41:23 info: Created optimizedImages directory
2020-09-09 14:41:24 info: Done zipping:
2020-09-09 14:41:27 info: Created optimizedImages directory
2020-09-09 14:41:27 info: Created optimizedImages directory
2020-09-09 14:41:27 info: Created originalImages directory
2020-09-09 14:41:27 info: Done zipping:
2020-09-09 14:41:30 info: Created optimizedImages directory
2020-09-09 14:41:30 info: Created optimizedImages directory
2020-09-09 14:41:30 info: Created originalImages directory
2020-09-09 14:41:30 info: Done zipping:
2020-09-09 14:41:33 info: Created optimizedImages directory
2020-09-09 14:41:33 info: Created optimizedImages directory
2020-09-09 14:41:33 info: Created originalImages directory
2020-09-09 14:41:33 info: Done zipping:
2020-09-09 14:41:36 info: Created optimizedImages directory
2020-09-09 14:41:36 info: Created optimizedImages directory
2020-09-09 14:41:36 info: Created originalImages directory
2020-09-09 14:41:37 info: Done zipping:
2020-09-09 14:41:40 info: Created optimizedImages directory
2020-09-09 14:41:40 info: Created optimizedImages directory
2020-09-09 14:41:40 info: Created originalImages directory
2020-09-09 14:41:40 info: Done zipping:
2020-09-09 14:41:43 info: Created optimizedImages directory
2020-09-09 14:41:43 info: Created optimizedImages directory
2020-09-09 14:41:43 info: Created originalImages directory
2020-09-09 14:41:43 info: Done zipping:
2020-09-09 14:41:46 info: Created optimizedImages directory
2020-09-09 14:41:46 info: Created optimizedImages directory
2020-09-09 14:41:46 info: Created originalImages directory
2020-09-09 14:41:46 info: Done zipping:
2020-09-09 14:41:49 info: Created optimizedImages directory
2020-09-09 14:41:49 info: Created optimizedImages directory
2020-09-09 14:41:49 info: Created originalImages directory
2020-09-09 14:41:50 info: Done zipping:
2020-09-09 14:41:53 info: Created optimizedImages directory
2020-09-09 14:41:53 info: Created optimizedImages directory
2020-09-09 14:41:53 info: Created originalImages directory
2020-09-09 14:41:53 info: Done zipping:
2020-09-09 14:41:56 info: Created optimizedImages directory
2020-09-09 14:41:56 info: Created optimizedImages directory
2020-09-09 14:41:56 info: Created originalImages directory
2020-09-09 14:41:56 info: Done zipping:
2020-09-09 14:41:59 info: Created optimizedImages directory
2020-09-09 14:41:59 info: Created optimizedImages directory
2020-09-09 14:41:59 info: Created originalImages directory
2020-09-09 14:41:59 info: Done zipping:
2020-09-09 14:42:02 info: Created optimizedImages directory
2020-09-09 14:42:02 info: Created optimizedImages directory
2020-09-09 14:42:02 info: Created originalImages directory
2020-09-09 14:42:02 info: Done zipping:
2020-09-09 14:42:06 info: Created optimizedImages directory
2020-09-09 14:42:06 info: Created optimizedImages directory
2020-09-09 14:42:06 info: Created originalImages directory
2020-09-09 14:42:06 info: Done zipping:
2020-09-09 14:42:09 info: Created optimizedImages directory
2020-09-09 14:42:09 info: Created optimizedImages directory
2020-09-09 14:42:09 info: Created originalImages directory
2020-09-09 14:42:09 info: Done zipping:
2020-09-09 14:42:12 info: Created optimizedImages directory
2020-09-09 14:42:12 info: Created optimizedImages directory
2020-09-09 14:42:12 info: Created originalImages directory
2020-09-09 14:42:12 info: Done zipping:
2020-09-09 14:42:15 info: Created optimizedImages directory
2020-09-09 14:42:15 info: Created optimizedImages directory
2020-09-09 14:42:15 info: Created originalImages directory
2020-09-09 14:42:16 info: Done zipping:
2020-09-09 14:42:19 info: Created optimizedImages directory
2020-09-09 14:42:19 info: Created optimizedImages directory
2020-09-09 14:42:19 info: Created originalImages directory
2020-09-09 14:42:19 info: Done zipping:
2020-09-09 14:42:22 info: Created optimizedImages directory
2020-09-09 14:42:22 info: Created optimizedImages directory
2020-09-09 14:42:22 info: Created originalImages directory
2020-09-09 14:42:22 info: Done zipping:
2020-09-09 14:42:25 info: Created optimizedImages directory
2020-09-09 14:42:25 info: Created optimizedImages directory
2020-09-09 14:42:25 info: Created originalImages directory
2020-09-09 14:42:26 info: Done zipping:
2020-09-09 14:42:29 info: Created optimizedImages directory
2020-09-09 14:42:29 info: Created optimizedImages directory
2020-09-09 14:42:29 info: Created originalImages directory
2020-09-09 14:42:29 info: Done zipping:
2020-09-09 14:42:33 info: Created optimizedImages directory
2020-09-09 14:42:33 info: Created optimizedImages directory
2020-09-09 14:42:33 info: Created originalImages directory
2020-09-09 14:42:33 info: Done zipping:
2020-09-09 14:42:36 info: Created optimizedImages directory
2020-09-09 14:42:36 info: Created originalImages directory
2020-09-09 14:42:36 info: Created optimizedImages directory
2020-09-09 14:42:36 info: Done zipping:
2020-09-09 14:42:40 info: Created optimizedImages directory
2020-09-09 14:42:40 info: Created optimizedImages directory
2020-09-09 14:42:40 info: Created originalImages directory
2020-09-09 14:42:40 info: Done zipping:
2020-09-09 14:42:43 info: Created optimizedImages directory
2020-09-09 14:42:43 info: Created optimizedImages directory
2020-09-09 14:42:43 info: Created originalImages directory
2020-09-09 14:42:44 info: Done zipping:
2020-09-09 14:42:47 info: Created optimizedImages directory
2020-09-09 14:42:47 info: Created originalImages directory
2020-09-09 14:42:47 info: Created optimizedImages directory
2020-09-09 14:42:47 info: Done zipping:
2020-09-09 14:42:50 info: Created optimizedImages directory
2020-09-09 14:42:50 info: Created optimizedImages directory
2020-09-09 14:42:50 info: Created originalImages directory
2020-09-09 14:42:50 info: Done zipping:
2020-09-09 14:42:53 info: Created optimizedImages directory
2020-09-09 14:42:53 info: Created optimizedImages directory
2020-09-09 14:42:53 info: Created originalImages directory
2020-09-09 14:42:53 info: Done zipping:
2020-09-09 14:42:56 info: Created optimizedImages directory
2020-09-09 14:42:56 info: Created optimizedImages directory
2020-09-09 14:42:56 info: Created originalImages directory
2020-09-09 14:42:56 info: Done zipping:
2020-09-09 14:43:00 info: Created optimizedImages directory
2020-09-09 14:43:00 info: Created optimizedImages directory
2020-09-09 14:43:00 info: Created originalImages directory
2020-09-09 14:43:17 info: Created optimizedImages directory
2020-09-09 14:43:17 info: Created optimizedImages directory
2020-09-09 14:43:17 info: Created originalImages directory
2020-09-09 14:44:29 info: Created optimizedImages directory
2020-09-09 14:44:29 info: Created optimizedImages directory
2020-09-09 14:44:29 info: Created originalImages directory
2020-09-09 14:46:24 info: Created optimizedImages directory
2020-09-09 14:46:24 info: Created optimizedImages directory
2020-09-09 14:46:24 info: Created originalImages directory
2020-09-09 14:47:04 info: Created optimizedImages directory
2020-09-09 14:47:04 info: Created optimizedImages directory
2020-09-09 14:47:04 info: Created originalImages directory
2020-09-09 14:48:04 info: Created optimizedImages directory
2020-09-09 14:48:04 info: Created optimizedImages directory
2020-09-09 14:48:04 info: Created originalImages directory
2020-09-09 14:49:04 info: Created optimizedImages directory
2020-09-09 14:49:04 info: Created optimizedImages directory
2020-09-09 14:49:04 info: Created originalImages directory
2020-09-09 14:50:04 info: Created optimizedImages directory
2020-09-09 14:50:04 info: Created optimizedImages directory
2020-09-09 14:50:04 info: Created originalImages directory
2020-09-09 14:50:29 info: Created optimizedImages directory
2020-09-09 14:50:29 info: Created optimizedImages directory
2020-09-09 14:50:29 info: Created originalImages directory
2020-09-09 14:51:01 info: Starting DB back Up
2020-09-09 14:51:04 info: Created optimizedImages directory
2020-09-09 14:51:04 info: Created optimizedImages directory
2020-09-09 14:51:04 info: Created originalImages directory
2020-09-09 14:51:34 info: Created optimizedImages directory
2020-09-09 14:51:34 info: Created optimizedImages directory
2020-09-09 14:51:34 info: Created originalImages directory
2020-09-09 14:53:40 info: Created optimizedImages directory
2020-09-09 14:53:40 info: Created originalImages directory
2020-09-09 14:53:40 info: Created optimizedImages directory
2020-09-09 14:54:11 info: Created optimizedImages directory
2020-09-09 14:54:11 info: Created originalImages directory
2020-09-09 14:54:11 info: Created optimizedImages directory
2020-09-09 15:02:25 info: Created optimizedImages directory
2020-09-09 15:02:25 info: Created optimizedImages directory
2020-09-09 15:02:25 info: Created originalImages directory
2020-09-09 15:02:30 info: Starting dumps upload to cloud 
2020-09-09 15:02:30 info: Done zipping:
2020-09-09 15:02:35 info: Created optimizedImages directory
2020-09-09 15:02:35 info: Created optimizedImages directory
2020-09-09 15:02:35 info: Created originalImages directory
2020-09-09 15:03:11 info: Created optimizedImages directory
2020-09-09 15:03:11 info: Created optimizedImages directory
2020-09-09 15:03:11 info: Created originalImages directory
2020-09-09 15:04:55 info: Created optimizedImages directory
2020-09-09 15:04:55 info: Created optimizedImages directory
2020-09-09 15:04:55 info: Created originalImages directory
2020-09-09 15:05:02 info: Created optimizedImages directory
2020-09-09 15:05:02 info: Created optimizedImages directory
2020-09-09 15:05:02 info: Created originalImages directory
2020-09-09 15:05:17 info: Created optimizedImages directory
2020-09-09 15:05:17 info: Created optimizedImages directory
2020-09-09 15:05:17 info: Created originalImages directory
2020-09-09 15:05:58 info: Created optimizedImages directory
2020-09-09 15:05:58 info: Created optimizedImages directory
2020-09-09 15:05:58 info: Created originalImages directory
2020-09-09 15:06:05 info: Created optimizedImages directory
2020-09-09 15:06:05 info: Created optimizedImages directory
2020-09-09 15:06:05 info: Created originalImages directory
2020-09-09 15:08:45 info: Created optimizedImages directory
2020-09-09 15:08:45 info: Created optimizedImages directory
2020-09-09 15:08:45 info: Created originalImages directory
2020-09-09 15:09:49 info: Created optimizedImages directory
2020-09-09 15:09:49 info: Created originalImages directory
2020-09-09 15:09:49 info: Created optimizedImages directory
2020-09-09 15:11:49 info: Created optimizedImages directory
2020-09-09 15:11:49 info: Created optimizedImages directory
2020-09-09 15:11:49 info: Created originalImages directory
2020-09-09 15:14:42 info: Created optimizedImages directory
2020-09-09 15:14:42 info: Created optimizedImages directory
2020-09-09 15:14:42 info: Created originalImages directory
2020-09-09 15:15:27 info: Created optimizedImages directory
2020-09-09 15:15:27 info: Created originalImages directory
2020-09-09 15:15:27 info: Created optimizedImages directory
2020-09-09 15:16:48 info: Created optimizedImages directory
2020-09-09 15:16:48 info: Created optimizedImages directory
2020-09-09 15:16:48 info: Created originalImages directory
2020-09-09 15:17:02 info: Created optimizedImages directory
2020-09-09 15:17:02 info: Created optimizedImages directory
2020-09-09 15:17:02 info: Created originalImages directory
2020-09-09 15:19:43 info: Created optimizedImages directory
2020-09-09 15:19:43 info: Created optimizedImages directory
2020-09-09 15:19:43 info: Created originalImages directory
2020-09-09 15:20:32 info: Created optimizedImages directory
2020-09-09 15:20:32 info: Created optimizedImages directory
2020-09-09 15:20:32 info: Created originalImages directory
2020-09-09 15:20:54 info: Created optimizedImages directory
2020-09-09 15:20:54 info: Created optimizedImages directory
2020-09-09 15:20:54 info: Created originalImages directory
2020-09-09 15:21:08 info: Created optimizedImages directory
2020-09-09 15:21:08 info: Created optimizedImages directory
2020-09-09 15:21:08 info: Created originalImages directory
2020-09-09 15:21:28 info: Created optimizedImages directory
2020-09-09 15:21:28 info: Created optimizedImages directory
2020-09-09 15:21:28 info: Created originalImages directory
2020-09-09 15:21:58 info: Created optimizedImages directory
2020-09-09 15:21:58 info: Created optimizedImages directory
2020-09-09 15:21:58 info: Created originalImages directory
2020-09-09 15:24:01 info: Created optimizedImages directory
2020-09-09 15:24:01 info: Created optimizedImages directory
2020-09-09 15:24:01 info: Created originalImages directory
2020-09-09 15:24:32 info: Created optimizedImages directory
2020-09-09 15:24:32 info: Created optimizedImages directory
2020-09-09 15:24:32 info: Created originalImages directory
2020-09-09 15:24:42 info: Created optimizedImages directory
2020-09-09 15:24:42 info: Created optimizedImages directory
2020-09-09 15:24:42 info: Created originalImages directory
2020-09-09 15:24:49 info: Created optimizedImages directory
2020-09-09 15:24:49 info: Created optimizedImages directory
2020-09-09 15:24:49 info: Created originalImages directory
2020-09-09 15:25:02 info: Created optimizedImages directory
2020-09-09 15:25:02 info: Created optimizedImages directory
2020-09-09 15:25:02 info: Created originalImages directory
2020-09-09 15:27:18 info: Created optimizedImages directory
2020-09-09 15:27:18 info: Created optimizedImages directory
2020-09-09 15:27:18 info: Created originalImages directory
2020-09-09 16:40:14 info: Created optimizedImages directory
2020-09-09 16:40:14 info: Created originalImages directory
2020-09-09 16:40:14 info: Created optimizedImages directory
2020-09-09 17:02:00 info: Starting DB back Up
2020-09-09 17:02:03 info: Created optimizedImages directory
2020-09-09 17:02:03 info: Created optimizedImages directory
2020-09-09 17:02:03 info: Created originalImages directory
2020-09-09 17:02:30 info: Starting dumps upload to cloud 
2020-09-09 17:02:30 info: Done zipping:
