2020-10-31 06:37:30 info: SIA SERVER IS RUNNING!!!, on   port :8080
2020-10-31 06:37:30 info: Created optimizedImages directory
2020-10-31 06:37:30 info: Created originalImages directory
2020-10-31 06:37:30 info: Created optimizedImages directory
2020-10-31 06:38:26 info: SIA SERVER IS RUNNING!!!, on   port :8080
2020-10-31 06:38:26 info: Created optimizedImages directory
2020-10-31 06:38:26 info: Created originalImages directory
2020-10-31 06:38:26 info: Created optimizedImages directory
2020-10-31 06:39:18 info: SIA SERVER IS RUNNING!!!, on   port :8080
2020-10-31 06:39:18 info: Created optimizedImages directory
2020-10-31 06:39:18 info: Created optimizedImages directory
2020-10-31 06:39:18 info: Created originalImages directory
2020-10-31 06:40:37 info: SIA SERVER IS RUNNING!!!, on   port :8080
2020-10-31 06:40:37 info: Created optimizedImages directory
2020-10-31 06:40:37 info: Created optimizedImages directory
2020-10-31 06:40:37 info: Created originalImages directory
2020-10-31 06:40:51 info: SIA SERVER IS RUNNING!!!, on   port :8080
2020-10-31 06:40:51 info: Created optimizedImages directory
2020-10-31 06:40:51 info: Created optimizedImages directory
2020-10-31 06:40:51 info: Created originalImages directory
2020-10-31 06:42:14 info: SIA SERVER IS RUNNING!!!, on   port :8080
2020-10-31 06:42:14 info: Created optimizedImages directory
2020-10-31 06:42:14 info: Created optimizedImages directory
2020-10-31 06:42:14 info: Created originalImages directory
2020-10-31 06:42:32 info: SIA SERVER IS RUNNING!!!, on   port :8080
2020-10-31 06:42:32 info: Created optimizedImages directory
2020-10-31 06:42:32 info: Created optimizedImages directory
2020-10-31 06:42:32 info: Created originalImages directory
2020-10-31 06:42:45 info: SIA SERVER IS RUNNING!!!, on   port :8080
2020-10-31 06:42:45 info: Created optimizedImages directory
2020-10-31 06:42:45 info: Created optimizedImages directory
2020-10-31 06:42:45 info: Created originalImages directory
2020-10-31 06:42:57 info: SIA SERVER IS RUNNING!!!, on   port :8080
2020-10-31 06:42:57 info: Created optimizedImages directory
2020-10-31 06:42:57 info: Created optimizedImages directory
2020-10-31 06:42:57 info: Created originalImages directory
2020-10-31 06:43:16 info: SIA SERVER IS RUNNING!!!, on   port :8080
2020-10-31 06:43:16 info: Created optimizedImages directory
2020-10-31 06:43:16 info: Created optimizedImages directory
2020-10-31 06:43:16 info: Created originalImages directory
2020-10-31 06:43:57 info: SIA SERVER IS RUNNING!!!, on   port :8080
2020-10-31 06:43:57 info: Created optimizedImages directory
2020-10-31 06:43:57 info: Created optimizedImages directory
2020-10-31 06:43:57 info: Created originalImages directory
2020-10-31 06:44:43 info: SIA SERVER IS RUNNING!!!, on   port :8080
2020-10-31 06:44:43 info: Created optimizedImages directory
2020-10-31 06:44:43 info: Created originalImages directory
2020-10-31 06:44:43 info: Created optimizedImages directory
2020-10-31 06:45:05 info: SIA SERVER IS RUNNING!!!, on   port :8080
2020-10-31 06:45:05 info: Created optimizedImages directory
2020-10-31 06:45:05 info: Created optimizedImages directory
2020-10-31 06:45:05 info: Created originalImages directory
2020-10-31 06:45:33 info: SIA SERVER IS RUNNING!!!, on   port :8080
2020-10-31 06:45:33 info: Created optimizedImages directory
2020-10-31 06:45:33 info: Created originalImages directory
2020-10-31 06:45:33 info: Created optimizedImages directory
2020-10-31 06:45:42 info: SIA SERVER IS RUNNING!!!, on   port :8080
2020-10-31 06:45:42 info: Created optimizedImages directory
2020-10-31 06:45:42 info: Created originalImages directory
2020-10-31 06:45:42 info: Created optimizedImages directory
2020-10-31 06:45:55 info: SIA SERVER IS RUNNING!!!, on   port :8080
2020-10-31 06:45:55 info: Created optimizedImages directory
2020-10-31 06:45:55 info: Created originalImages directory
2020-10-31 06:45:55 info: Created optimizedImages directory
2020-10-31 06:46:08 info: SIA SERVER IS RUNNING!!!, on   port :8080
2020-10-31 06:46:08 info: Created optimizedImages directory
2020-10-31 06:46:08 info: Created optimizedImages directory
2020-10-31 06:46:08 info: Created originalImages directory
2020-10-31 06:48:51 info: SIA SERVER IS RUNNING!!!, on   port :8080
2020-10-31 06:48:51 info: Created optimizedImages directory
2020-10-31 06:48:51 info: Created originalImages directory
2020-10-31 06:48:51 info: Created optimizedImages directory
2020-10-31 06:49:36 info: SIA SERVER IS RUNNING!!!, on   port :8080
2020-10-31 06:49:36 info: Created optimizedImages directory
2020-10-31 06:49:36 info: Created optimizedImages directory
2020-10-31 06:49:36 info: Created originalImages directory
2020-10-31 06:50:23 info: SIA SERVER IS RUNNING!!!, on   port :8080
2020-10-31 06:50:23 info: Created optimizedImages directory
2020-10-31 06:50:23 info: Created optimizedImages directory
2020-10-31 06:50:23 info: Created originalImages directory
2020-10-31 06:50:56 info: SIA SERVER IS RUNNING!!!, on   port :8080
2020-10-31 06:50:56 info: Created optimizedImages directory
2020-10-31 06:50:56 info: Created originalImages directory
2020-10-31 06:50:56 info: Created optimizedImages directory
2020-10-31 06:51:14 info: SIA SERVER IS RUNNING!!!, on   port :8080
2020-10-31 06:51:14 info: Created optimizedImages directory
2020-10-31 06:51:14 info: Created originalImages directory
2020-10-31 06:51:14 info: Created optimizedImages directory
2020-10-31 06:52:24 info: SIA SERVER IS RUNNING!!!, on   port :8080
2020-10-31 06:52:24 info: Created optimizedImages directory
2020-10-31 06:52:24 info: Created optimizedImages directory
2020-10-31 06:52:24 info: Created originalImages directory
2020-10-31 06:56:05 info: SIA SERVER IS RUNNING!!!, on   port :8080
2020-10-31 06:56:05 info: Created optimizedImages directory
2020-10-31 06:56:05 info: Created optimizedImages directory
2020-10-31 06:56:05 info: Created originalImages directory
2020-10-31 06:56:58 info: SIA SERVER IS RUNNING!!!, on   port :8080
2020-10-31 06:56:58 info: Created optimizedImages directory
2020-10-31 06:56:58 info: Created originalImages directory
2020-10-31 06:56:58 info: Created optimizedImages directory
2020-10-31 06:58:04 info: SIA SERVER IS RUNNING!!!, on   port :8080
2020-10-31 06:58:04 info: Created optimizedImages directory
2020-10-31 06:58:04 info: Created optimizedImages directory
2020-10-31 06:58:04 info: Created originalImages directory
2020-10-31 06:58:19 info: SIA SERVER IS RUNNING!!!, on   port :8080
2020-10-31 06:58:19 info: Created optimizedImages directory
2020-10-31 06:58:19 info: Created originalImages directory
2020-10-31 06:58:19 info: Created optimizedImages directory
2020-10-31 07:00:00 info: Starting DB back Up
2020-10-31 07:00:03 info: SIA SERVER IS RUNNING!!!, on   port :8080
2020-10-31 07:00:03 info: Created optimizedImages directory
2020-10-31 07:00:03 info: Created originalImages directory
2020-10-31 07:00:03 info: Created optimizedImages directory
2020-10-31 07:01:00 info: Starting dumps upload to cloud 
2020-10-31 07:01:00 info: Done zipping:
2020-10-31 07:12:53 info: SIA SERVER IS RUNNING!!!, on   port :8080
2020-10-31 07:12:53 info: Created optimizedImages directory
2020-10-31 07:12:53 info: Created optimizedImages directory
2020-10-31 07:12:53 info: Created originalImages directory
2020-10-31 07:13:06 info: SIA SERVER IS RUNNING!!!, on   port :8080
2020-10-31 07:13:06 info: Created optimizedImages directory
2020-10-31 07:13:06 info: Created optimizedImages directory
2020-10-31 07:13:06 info: Created originalImages directory
2020-10-31 07:13:21 info: SIA SERVER IS RUNNING!!!, on   port :8080
2020-10-31 07:13:21 info: Created optimizedImages directory
2020-10-31 07:13:21 info: Created originalImages directory
2020-10-31 07:13:21 info: Created optimizedImages directory
2020-10-31 07:13:46 info: SIA SERVER IS RUNNING!!!, on   port :8080
2020-10-31 07:13:46 info: Created optimizedImages directory
2020-10-31 07:13:46 info: Created optimizedImages directory
2020-10-31 07:13:46 info: Created originalImages directory
2020-10-31 07:13:55 info: SIA SERVER IS RUNNING!!!, on   port :8080
2020-10-31 07:13:55 info: Created optimizedImages directory
2020-10-31 07:13:55 info: Created optimizedImages directory
2020-10-31 07:13:55 info: Created originalImages directory
2020-10-31 07:15:08 info: SIA SERVER IS RUNNING!!!, on   port :8080
2020-10-31 07:15:08 info: Created optimizedImages directory
2020-10-31 07:15:08 info: Created optimizedImages directory
2020-10-31 07:15:08 info: Created originalImages directory
2020-10-31 07:16:53 info: SIA SERVER IS RUNNING!!!, on   port :8080
2020-10-31 07:16:53 info: Created optimizedImages directory
2020-10-31 07:16:53 info: Created optimizedImages directory
2020-10-31 07:16:53 info: Created originalImages directory
2020-10-31 07:18:03 info: SIA SERVER IS RUNNING!!!, on   port :8080
2020-10-31 07:18:03 info: Created optimizedImages directory
2020-10-31 07:18:03 info: Created optimizedImages directory
2020-10-31 07:18:03 info: Created originalImages directory
2020-10-31 07:19:34 info: SIA SERVER IS RUNNING!!!, on   port :8080
2020-10-31 07:19:34 info: Created optimizedImages directory
2020-10-31 07:19:34 info: Created originalImages directory
2020-10-31 07:19:34 info: Created optimizedImages directory
2020-10-31 07:19:42 info: SIA SERVER IS RUNNING!!!, on   port :8080
2020-10-31 07:19:42 info: Created optimizedImages directory
2020-10-31 07:19:42 info: Created originalImages directory
2020-10-31 07:19:42 info: Created optimizedImages directory
2020-10-31 07:20:29 info: SIA SERVER IS RUNNING!!!, on   port :8080
2020-10-31 07:20:29 info: Created optimizedImages directory
2020-10-31 07:20:29 info: Created optimizedImages directory
2020-10-31 07:20:29 info: Created originalImages directory
2020-10-31 07:20:57 info: SIA SERVER IS RUNNING!!!, on   port :8080
2020-10-31 07:20:57 info: Created optimizedImages directory
2020-10-31 07:20:57 info: Created originalImages directory
2020-10-31 07:20:57 info: Created optimizedImages directory
2020-10-31 07:21:00 info: SIA SERVER IS RUNNING!!!, on   port :8080
2020-10-31 07:21:00 info: Created optimizedImages directory
2020-10-31 07:21:00 info: Created optimizedImages directory
2020-10-31 07:21:00 info: Created originalImages directory
2020-10-31 07:21:25 info: SIA SERVER IS RUNNING!!!, on   port :8080
2020-10-31 07:21:25 info: Created optimizedImages directory
2020-10-31 07:21:25 info: Created optimizedImages directory
2020-10-31 07:21:25 info: Created originalImages directory
2020-10-31 07:22:10 info: SIA SERVER IS RUNNING!!!, on   port :8080
2020-10-31 07:22:10 info: Created optimizedImages directory
2020-10-31 07:22:10 info: Created optimizedImages directory
2020-10-31 07:22:10 info: Created originalImages directory
2020-10-31 07:22:46 info: SIA SERVER IS RUNNING!!!, on   port :8080
2020-10-31 07:22:46 info: Created optimizedImages directory
2020-10-31 07:22:46 info: Created optimizedImages directory
2020-10-31 07:22:46 info: Created originalImages directory
2020-10-31 07:22:51 info: SIA SERVER IS RUNNING!!!, on   port :8080
2020-10-31 07:22:51 info: Created optimizedImages directory
2020-10-31 07:22:51 info: Created originalImages directory
2020-10-31 07:22:51 info: Created optimizedImages directory
2020-10-31 07:23:13 info: SIA SERVER IS RUNNING!!!, on   port :8080
2020-10-31 07:23:14 info: Created optimizedImages directory
2020-10-31 07:23:14 info: Created optimizedImages directory
2020-10-31 07:23:14 info: Created originalImages directory
2020-10-31 07:25:43 info: SIA SERVER IS RUNNING!!!, on   port :8080
2020-10-31 07:25:43 info: Created optimizedImages directory
2020-10-31 07:25:43 info: Created optimizedImages directory
2020-10-31 07:25:43 info: Created originalImages directory
2020-10-31 07:25:53 info: SIA SERVER IS RUNNING!!!, on   port :8080
2020-10-31 07:25:53 info: Created optimizedImages directory
2020-10-31 07:25:53 info: Created optimizedImages directory
2020-10-31 07:25:53 info: Created originalImages directory
2020-10-31 07:27:44 info: SIA SERVER IS RUNNING!!!, on   port :8080
2020-10-31 07:27:44 info: Created optimizedImages directory
2020-10-31 07:27:44 info: Created optimizedImages directory
2020-10-31 07:27:44 info: Created originalImages directory
2020-10-31 07:27:54 info: SIA SERVER IS RUNNING!!!, on   port :8080
2020-10-31 07:27:54 info: Created originalImages directory
2020-10-31 07:27:54 info: Created optimizedImages directory
2020-10-31 07:27:54 info: Created optimizedImages directory
2020-10-31 07:49:13 info: SIA SERVER IS RUNNING!!!, on   port :8080
2020-10-31 07:49:13 info: Created optimizedImages directory
2020-10-31 07:49:13 info: Created optimizedImages directory
2020-10-31 07:49:13 info: Created originalImages directory
2020-10-31 07:50:00 info: SIA SERVER IS RUNNING!!!, on   port :8080
2020-10-31 07:50:00 info: Created optimizedImages directory
2020-10-31 07:50:00 info: Created optimizedImages directory
2020-10-31 07:50:00 info: Created originalImages directory
2020-10-31 07:50:57 info: SIA SERVER IS RUNNING!!!, on   port :8080
2020-10-31 07:50:57 info: Created optimizedImages directory
2020-10-31 07:50:57 info: Created originalImages directory
2020-10-31 07:50:57 info: Created optimizedImages directory
2020-10-31 07:53:59 info: SIA SERVER IS RUNNING!!!, on   port :8080
2020-10-31 07:53:59 info: Created optimizedImages directory
2020-10-31 07:53:59 info: Created originalImages directory
2020-10-31 07:53:59 info: Created optimizedImages directory
2020-10-31 08:02:17 info: SIA SERVER IS RUNNING!!!, on   port :8080
2020-10-31 08:02:17 info: Created optimizedImages directory
2020-10-31 08:02:17 info: Created optimizedImages directory
2020-10-31 08:02:17 info: Created originalImages directory
2020-10-31 08:03:47 info: SIA SERVER IS RUNNING!!!, on   port :8080
2020-10-31 08:03:47 info: Created optimizedImages directory
2020-10-31 08:03:47 info: Created optimizedImages directory
2020-10-31 08:03:47 info: Created originalImages directory
2020-10-31 17:36:07 info: SIA SERVER IS RUNNING!!!, on   port :8080
2020-10-31 17:36:07 info: Created optimizedImages directory
2020-10-31 17:36:07 info: Created optimizedImages directory
2020-10-31 17:36:07 info: Created originalImages directory
2020-10-31 18:00:00 info: Starting DB back Up
2020-10-31 18:00:03 info: SIA SERVER IS RUNNING!!!, on   port :8080
2020-10-31 18:00:03 info: Created optimizedImages directory
2020-10-31 18:00:03 info: Created originalImages directory
2020-10-31 18:00:03 info: Created optimizedImages directory
2020-10-31 18:01:00 info: Starting dumps upload to cloud 
2020-10-31 18:01:00 info: Done zipping:
