2020-10-02 05:27:54 info: SIA SERVER IS RUNNING!!!, on   port :8080
2020-10-02 05:27:54 info: Created optimizedImages directory
2020-10-02 05:27:54 info: Created optimizedImages directory
2020-10-02 05:27:54 info: Created originalImages directory
2020-10-02 05:28:22 info: SIA SERVER IS RUNNING!!!, on   port :8080
2020-10-02 05:28:22 info: Created optimizedImages directory
2020-10-02 05:28:22 info: Created optimizedImages directory
2020-10-02 05:28:22 info: Created originalImages directory
2020-10-02 05:29:51 info: SIA SERVER IS RUNNING!!!, on   port :8080
2020-10-02 05:29:51 info: Created optimizedImages directory
2020-10-02 05:29:51 info: Created originalImages directory
2020-10-02 05:29:51 info: Created optimizedImages directory
2020-10-02 05:32:00 info: SIA SERVER IS RUNNING!!!, on   port :8080
2020-10-02 05:32:00 info: Created optimizedImages directory
2020-10-02 05:32:00 info: Created optimizedImages directory
2020-10-02 05:32:00 info: Created originalImages directory
2020-10-02 05:32:12 info: SIA SERVER IS RUNNING!!!, on   port :8080
2020-10-02 05:32:12 info: Created optimizedImages directory
2020-10-02 05:32:12 info: Created optimizedImages directory
2020-10-02 05:32:12 info: Created originalImages directory
2020-10-02 05:32:23 info: SIA SERVER IS RUNNING!!!, on   port :8080
2020-10-02 05:32:23 info: Created optimizedImages directory
2020-10-02 05:32:23 info: Created optimizedImages directory
2020-10-02 05:32:23 info: Created originalImages directory
2020-10-02 05:40:59 info: SIA SERVER IS RUNNING!!!, on   port :8080
2020-10-02 05:40:59 info: Created optimizedImages directory
2020-10-02 05:40:59 info: Created originalImages directory
2020-10-02 05:40:59 info: Created optimizedImages directory
2020-10-02 06:00:00 info: Starting DB back Up
2020-10-02 06:00:04 info: SIA SERVER IS RUNNING!!!, on   port :8080
2020-10-02 06:00:04 info: Created optimizedImages directory
2020-10-02 06:00:04 info: Created optimizedImages directory
2020-10-02 06:00:04 info: Created originalImages directory
2020-10-02 06:01:00 info: Starting dumps upload to cloud 
2020-10-02 06:01:00 info: Done zipping:
2020-10-02 06:10:10 info: Image jobs started!!!
2020-10-02 06:10:10 info: 
To be optimized: 0 
To be uploaded 0 
To be moved: 0
2020-10-02 06:11:10 info: Image jobs started!!!
2020-10-02 06:11:10 info: 
To be optimized: 0 
To be uploaded 0 
To be moved: 0
2020-10-02 06:12:10 info: Image jobs started!!!
2020-10-02 06:12:10 info: 
To be optimized: 0 
To be uploaded 0 
To be moved: 0
2020-10-02 06:13:10 info: Image jobs started!!!
2020-10-02 06:13:10 info: 
To be optimized: 0 
To be uploaded 0 
To be moved: 0
2020-10-02 06:14:10 info: Image jobs started!!!
2020-10-02 06:14:10 info: 
To be optimized: 0 
To be uploaded 0 
To be moved: 0
2020-10-02 06:15:10 info: Image jobs started!!!
2020-10-02 06:15:10 info: 
To be optimized: 0 
To be uploaded 0 
To be moved: 0
2020-10-02 06:16:10 info: Image jobs started!!!
2020-10-02 06:16:10 info: 
To be optimized: 0 
To be uploaded 0 
To be moved: 0
2020-10-02 06:17:10 info: Image jobs started!!!
2020-10-02 06:17:10 info: 
To be optimized: 0 
To be uploaded 0 
To be moved: 0
2020-10-02 06:18:10 info: Image jobs started!!!
2020-10-02 06:18:10 info: 
To be optimized: 0 
To be uploaded 0 
To be moved: 0
2020-10-02 06:19:10 info: Image jobs started!!!
2020-10-02 06:19:10 info: 
To be optimized: 0 
To be uploaded 0 
To be moved: 0
2020-10-02 06:20:10 info: Image jobs started!!!
2020-10-02 06:20:10 info: 
To be optimized: 0 
To be uploaded 0 
To be moved: 0
2020-10-02 06:21:10 info: Image jobs started!!!
2020-10-02 06:21:10 info: 
To be optimized: 0 
To be uploaded 0 
To be moved: 0
2020-10-02 06:22:10 info: Image jobs started!!!
2020-10-02 06:22:10 info: 
To be optimized: 0 
To be uploaded 0 
To be moved: 0
2020-10-02 06:23:10 info: Image jobs started!!!
2020-10-02 06:23:10 info: 
To be optimized: 0 
To be uploaded 0 
To be moved: 0
2020-10-02 06:24:10 info: Image jobs started!!!
2020-10-02 06:24:10 info: 
To be optimized: 0 
To be uploaded 0 
To be moved: 0
2020-10-02 06:25:10 info: Image jobs started!!!
2020-10-02 06:25:10 info: 
To be optimized: 0 
To be uploaded 0 
To be moved: 0
2020-10-02 06:26:10 info: Image jobs started!!!
2020-10-02 06:26:10 info: 
To be optimized: 0 
To be uploaded 0 
To be moved: 0
2020-10-02 06:37:33 info: SIA SERVER IS RUNNING!!!, on   port :8080
2020-10-02 06:37:33 info: Created optimizedImages directory
2020-10-02 06:37:33 info: Created optimizedImages directory
2020-10-02 06:37:33 info: Created originalImages directory
2020-10-02 07:00:00 info: Starting DB back Up
2020-10-02 07:00:04 info: SIA SERVER IS RUNNING!!!, on   port :8080
2020-10-02 07:00:04 info: Created optimizedImages directory
2020-10-02 07:00:04 info: Created optimizedImages directory
2020-10-02 07:00:04 info: Created originalImages directory
2020-10-02 07:01:00 info: Starting dumps upload to cloud 
2020-10-02 07:01:00 info: Done zipping:
2020-10-02 07:06:15 info: SIA SERVER IS RUNNING!!!, on   port :8080
2020-10-02 07:06:15 info: Created optimizedImages directory
2020-10-02 07:06:15 info: Created originalImages directory
2020-10-02 07:06:15 info: Created optimizedImages directory
2020-10-02 07:11:57 info: SIA SERVER IS RUNNING!!!, on   port :8080
2020-10-02 07:11:57 info: Created optimizedImages directory
2020-10-02 07:11:57 info: Created originalImages directory
2020-10-02 07:11:57 info: Created optimizedImages directory
2020-10-02 07:12:40 info: SIA SERVER IS RUNNING!!!, on   port :8080
2020-10-02 07:12:40 info: Created optimizedImages directory
2020-10-02 07:12:40 info: Created optimizedImages directory
2020-10-02 07:12:40 info: Created originalImages directory
2020-10-02 07:14:07 info: SIA SERVER IS RUNNING!!!, on   port :8080
2020-10-02 07:14:07 info: Created optimizedImages directory
2020-10-02 07:14:07 info: Created optimizedImages directory
2020-10-02 07:14:07 info: Created originalImages directory
2020-10-02 07:15:05 info: SIA SERVER IS RUNNING!!!, on   port :8080
2020-10-02 07:15:05 info: Created optimizedImages directory
2020-10-02 07:15:05 info: Created originalImages directory
2020-10-02 07:15:05 info: Created optimizedImages directory
2020-10-02 07:23:28 info: SIA SERVER IS RUNNING!!!, on   port :8080
2020-10-02 07:23:28 info: Created optimizedImages directory
2020-10-02 07:23:28 info: Created originalImages directory
2020-10-02 07:23:28 info: Created optimizedImages directory
2020-10-02 07:27:50 info: SIA SERVER IS RUNNING!!!, on   port :8080
2020-10-02 07:27:50 info: Created optimizedImages directory
2020-10-02 07:27:50 info: Created optimizedImages directory
2020-10-02 07:27:50 info: Created originalImages directory
2020-10-02 07:35:10 info: SIA SERVER IS RUNNING!!!, on   port :8080
2020-10-02 07:35:10 info: Created optimizedImages directory
2020-10-02 07:35:10 info: Created optimizedImages directory
2020-10-02 07:35:10 info: Created originalImages directory
2020-10-02 07:41:27 info: SIA SERVER IS RUNNING!!!, on   port :8080
2020-10-02 07:41:27 info: Created optimizedImages directory
2020-10-02 07:41:27 info: Created optimizedImages directory
2020-10-02 07:41:27 info: Created originalImages directory
2020-10-02 07:42:44 info: SIA SERVER IS RUNNING!!!, on   port :8080
2020-10-02 07:42:44 info: Created optimizedImages directory
2020-10-02 07:42:44 info: Created optimizedImages directory
2020-10-02 07:42:44 info: Created originalImages directory
2020-10-02 07:44:09 info: SIA SERVER IS RUNNING!!!, on   port :8080
2020-10-02 07:44:09 info: Created optimizedImages directory
2020-10-02 07:44:09 info: Created optimizedImages directory
2020-10-02 07:44:09 info: Created originalImages directory
2020-10-02 07:47:30 info: SIA SERVER IS RUNNING!!!, on   port :8080
2020-10-02 07:47:30 info: Created optimizedImages directory
2020-10-02 07:47:30 info: Created originalImages directory
2020-10-02 07:47:30 info: Created optimizedImages directory
2020-10-02 07:48:56 info: SIA SERVER IS RUNNING!!!, on   port :8080
2020-10-02 07:48:56 info: Created optimizedImages directory
2020-10-02 07:48:56 info: Created optimizedImages directory
2020-10-02 07:48:56 info: Created originalImages directory
2020-10-02 07:49:41 info: SIA SERVER IS RUNNING!!!, on   port :8080
2020-10-02 07:49:41 info: Created optimizedImages directory
2020-10-02 07:49:41 info: Created optimizedImages directory
2020-10-02 07:49:41 info: Created originalImages directory
2020-10-02 07:51:56 info: SIA SERVER IS RUNNING!!!, on   port :8080
2020-10-02 07:51:56 info: Created optimizedImages directory
2020-10-02 07:51:56 info: Created optimizedImages directory
2020-10-02 07:51:56 info: Created originalImages directory
2020-10-02 07:58:34 info: SIA SERVER IS RUNNING!!!, on   port :8080
2020-10-02 07:58:34 info: Created optimizedImages directory
2020-10-02 07:58:34 info: Created originalImages directory
2020-10-02 07:58:34 info: Created optimizedImages directory
2020-10-02 08:00:00 info: Starting DB back Up
2020-10-02 08:00:04 info: SIA SERVER IS RUNNING!!!, on   port :8080
2020-10-02 08:00:04 info: Created optimizedImages directory
2020-10-02 08:00:04 info: Created optimizedImages directory
2020-10-02 08:00:04 info: Created originalImages directory
2020-10-02 08:01:00 info: Starting dumps upload to cloud 
2020-10-02 08:01:00 info: Done zipping:
2020-10-02 08:36:06 info: SIA SERVER IS RUNNING!!!, on   port :8080
2020-10-02 08:36:06 info: Created optimizedImages directory
2020-10-02 08:36:06 info: Created optimizedImages directory
2020-10-02 08:36:06 info: Created originalImages directory
2020-10-02 08:42:03 info: SIA SERVER IS RUNNING!!!, on   port :8080
2020-10-02 08:42:03 info: Created optimizedImages directory
2020-10-02 08:42:03 info: Created originalImages directory
2020-10-02 08:42:03 info: Created optimizedImages directory
2020-10-02 08:43:12 info: SIA SERVER IS RUNNING!!!, on   port :8080
2020-10-02 08:43:12 info: Created optimizedImages directory
2020-10-02 08:43:12 info: Created originalImages directory
2020-10-02 08:43:12 info: Created optimizedImages directory
2020-10-02 08:48:16 info: SIA SERVER IS RUNNING!!!, on   port :8080
2020-10-02 08:48:16 info: Created optimizedImages directory
2020-10-02 08:48:16 info: Created optimizedImages directory
2020-10-02 08:48:16 info: Created originalImages directory
2020-10-02 08:49:13 info: SIA SERVER IS RUNNING!!!, on   port :8080
2020-10-02 08:49:13 info: Created originalImages directory
2020-10-02 08:49:13 info: Created optimizedImages directory
2020-10-02 08:49:13 info: Created optimizedImages directory
2020-10-02 08:54:04 info: SIA SERVER IS RUNNING!!!, on   port :8080
2020-10-02 08:54:04 info: Created optimizedImages directory
2020-10-02 08:54:04 info: Created optimizedImages directory
2020-10-02 08:54:04 info: Created originalImages directory
2020-10-02 08:55:32 info: SIA SERVER IS RUNNING!!!, on   port :8080
2020-10-02 08:55:32 info: Created optimizedImages directory
2020-10-02 08:55:32 info: Created originalImages directory
2020-10-02 08:55:32 info: Created optimizedImages directory
2020-10-02 08:58:09 info: SIA SERVER IS RUNNING!!!, on   port :8080
2020-10-02 08:58:09 info: Created optimizedImages directory
2020-10-02 08:58:09 info: Created optimizedImages directory
2020-10-02 08:58:09 info: Created originalImages directory
2020-10-02 09:00:00 info: Starting DB back Up
2020-10-02 09:00:03 info: SIA SERVER IS RUNNING!!!, on   port :8080
2020-10-02 09:00:03 info: Created optimizedImages directory
2020-10-02 09:00:03 info: Created optimizedImages directory
2020-10-02 09:00:03 info: Created originalImages directory
2020-10-02 09:01:00 info: Starting dumps upload to cloud 
2020-10-02 09:01:00 info: Done zipping:
2020-10-02 09:09:08 info: SIA SERVER IS RUNNING!!!, on   port :8080
2020-10-02 09:09:08 info: Created optimizedImages directory
2020-10-02 09:09:08 info: Created originalImages directory
2020-10-02 09:09:08 info: Created optimizedImages directory
2020-10-02 09:09:38 info: SIA SERVER IS RUNNING!!!, on   port :8080
2020-10-02 09:09:38 info: Created optimizedImages directory
2020-10-02 09:09:38 info: Created optimizedImages directory
2020-10-02 09:09:38 info: Created originalImages directory
2020-10-02 09:10:20 info: SIA SERVER IS RUNNING!!!, on   port :8080
2020-10-02 09:10:20 info: Created optimizedImages directory
2020-10-02 09:10:20 info: Created originalImages directory
2020-10-02 09:10:20 info: Created optimizedImages directory
2020-10-02 09:16:49 info: SIA SERVER IS RUNNING!!!, on   port :8080
2020-10-02 09:16:49 info: Created optimizedImages directory
2020-10-02 09:16:49 info: Created optimizedImages directory
2020-10-02 09:16:49 info: Created originalImages directory
2020-10-02 09:35:00 info: SIA SERVER IS RUNNING!!!, on   port :8080
2020-10-02 09:35:00 info: Created optimizedImages directory
2020-10-02 09:35:00 info: Created originalImages directory
2020-10-02 09:35:00 info: Created optimizedImages directory
2020-10-02 09:56:38 info: SIA SERVER IS RUNNING!!!, on   port :8080
2020-10-02 09:56:38 info: Created optimizedImages directory
2020-10-02 09:56:38 info: Created originalImages directory
2020-10-02 09:56:38 info: Created optimizedImages directory
2020-10-02 09:59:55 info: SIA SERVER IS RUNNING!!!, on   port :8080
2020-10-02 09:59:55 info: Created optimizedImages directory
2020-10-02 09:59:55 info: Created optimizedImages directory
2020-10-02 09:59:55 info: Created originalImages directory
2020-10-02 10:00:00 info: Starting DB back Up
2020-10-02 10:00:03 info: SIA SERVER IS RUNNING!!!, on   port :8080
2020-10-02 10:00:03 info: Created optimizedImages directory
2020-10-02 10:00:03 info: Created originalImages directory
2020-10-02 10:00:03 info: Created optimizedImages directory
2020-10-02 10:01:00 info: Starting dumps upload to cloud 
2020-10-02 10:01:00 info: Done zipping:
2020-10-02 10:07:01 info: SIA SERVER IS RUNNING!!!, on   port :8080
2020-10-02 10:07:01 info: Created optimizedImages directory
2020-10-02 10:07:01 info: Created originalImages directory
2020-10-02 10:07:01 info: Created optimizedImages directory
2020-10-02 10:09:31 info: SIA SERVER IS RUNNING!!!, on   port :8080
2020-10-02 10:09:31 info: Created optimizedImages directory
2020-10-02 10:09:31 info: Created optimizedImages directory
2020-10-02 10:09:31 info: Created originalImages directory
2020-10-02 10:12:55 info: SIA SERVER IS RUNNING!!!, on   port :8080
2020-10-02 10:12:55 info: Created optimizedImages directory
2020-10-02 10:12:55 info: Created optimizedImages directory
2020-10-02 10:12:55 info: Created originalImages directory
2020-10-02 10:13:02 info: SIA SERVER IS RUNNING!!!, on   port :8080
2020-10-02 10:13:02 info: Created optimizedImages directory
2020-10-02 10:13:02 info: Created originalImages directory
2020-10-02 10:13:02 info: Created optimizedImages directory
2020-10-02 10:24:41 info: SIA SERVER IS RUNNING!!!, on   port :8080
2020-10-02 10:24:41 info: Created optimizedImages directory
2020-10-02 10:24:41 info: Created optimizedImages directory
2020-10-02 10:24:41 info: Created originalImages directory
2020-10-02 10:26:10 info: Image jobs started!!!
2020-10-02 10:26:10 info: 
To be optimized: 0 
To be uploaded 0 
To be moved: 0
2020-10-02 10:27:10 info: Image jobs started!!!
2020-10-02 10:27:10 info: 
To be optimized: 0 
To be uploaded 0 
To be moved: 0
2020-10-02 10:28:10 info: Image jobs started!!!
2020-10-02 10:28:10 info: 
To be optimized: 0 
To be uploaded 0 
To be moved: 0
2020-10-02 10:29:10 info: Image jobs started!!!
2020-10-02 10:29:10 info: 
To be optimized: 0 
To be uploaded 0 
To be moved: 0
2020-10-02 10:30:10 info: Image jobs started!!!
2020-10-02 10:30:10 info: 
To be optimized: 0 
To be uploaded 0 
To be moved: 0
2020-10-02 10:31:10 info: Image jobs started!!!
2020-10-02 10:31:10 info: 
To be optimized: 0 
To be uploaded 0 
To be moved: 0
2020-10-02 10:32:10 info: Image jobs started!!!
2020-10-02 10:32:10 info: 
To be optimized: 0 
To be uploaded 0 
To be moved: 0
2020-10-02 10:33:10 info: Image jobs started!!!
2020-10-02 10:33:10 info: 
To be optimized: 0 
To be uploaded 0 
To be moved: 0
2020-10-02 10:34:10 info: Image jobs started!!!
2020-10-02 10:34:10 info: 
To be optimized: 0 
To be uploaded 0 
To be moved: 0
2020-10-02 10:35:10 info: Image jobs started!!!
2020-10-02 10:35:10 info: 
To be optimized: 0 
To be uploaded 0 
To be moved: 0
2020-10-02 10:36:10 info: Image jobs started!!!
2020-10-02 10:36:10 info: 
To be optimized: 0 
To be uploaded 0 
To be moved: 0
2020-10-02 10:37:10 info: Image jobs started!!!
2020-10-02 10:37:10 info: 
To be optimized: 0 
To be uploaded 0 
To be moved: 0
2020-10-02 10:38:10 info: Image jobs started!!!
2020-10-02 10:38:10 info: 
To be optimized: 0 
To be uploaded 0 
To be moved: 0
2020-10-02 10:39:10 info: Image jobs started!!!
2020-10-02 10:39:10 info: 
To be optimized: 0 
To be uploaded 0 
To be moved: 0
2020-10-02 10:40:10 info: Image jobs started!!!
2020-10-02 10:40:10 info: 
To be optimized: 0 
To be uploaded 0 
To be moved: 0
2020-10-02 10:41:10 info: Image jobs started!!!
2020-10-02 10:41:10 info: 
To be optimized: 0 
To be uploaded 0 
To be moved: 0
2020-10-02 10:42:10 info: Image jobs started!!!
2020-10-02 10:42:10 info: 
To be optimized: 0 
To be uploaded 0 
To be moved: 0
2020-10-02 10:43:10 info: Image jobs started!!!
2020-10-02 10:43:10 info: 
To be optimized: 0 
To be uploaded 0 
To be moved: 0
2020-10-02 10:44:10 info: Image jobs started!!!
2020-10-02 10:44:10 info: 
To be optimized: 0 
To be uploaded 0 
To be moved: 0
2020-10-02 10:45:10 info: Image jobs started!!!
2020-10-02 10:45:10 info: 
To be optimized: 0 
To be uploaded 0 
To be moved: 0
2020-10-02 10:46:10 info: Image jobs started!!!
2020-10-02 10:46:10 info: 
To be optimized: 0 
To be uploaded 0 
To be moved: 0
2020-10-02 10:47:10 info: Image jobs started!!!
2020-10-02 10:47:10 info: 
To be optimized: 0 
To be uploaded 0 
To be moved: 0
2020-10-02 10:48:10 info: Image jobs started!!!
2020-10-02 10:48:10 info: 
To be optimized: 0 
To be uploaded 0 
To be moved: 0
2020-10-02 10:49:10 info: Image jobs started!!!
2020-10-02 10:49:10 info: 
To be optimized: 0 
To be uploaded 0 
To be moved: 0
2020-10-02 10:50:10 info: Image jobs started!!!
2020-10-02 10:50:10 info: 
To be optimized: 0 
To be uploaded 0 
To be moved: 0
2020-10-02 10:51:10 info: Image jobs started!!!
2020-10-02 10:51:10 info: 
To be optimized: 0 
To be uploaded 0 
To be moved: 0
2020-10-02 10:52:10 info: Image jobs started!!!
2020-10-02 10:52:10 info: 
To be optimized: 0 
To be uploaded 0 
To be moved: 0
2020-10-02 10:53:10 info: Image jobs started!!!
2020-10-02 10:53:10 info: 
To be optimized: 0 
To be uploaded 0 
To be moved: 0
