2020-11-07 08:30:00 info: SIA SERVER IS RUNNING!!!, on   port :8080
2020-11-07 08:30:00 info: Created optimizedImages directory
2020-11-07 08:30:00 info: Created originalImages directory
2020-11-07 08:30:00 info: Created optimizedImages directory
2020-11-07 08:30:10 info: [Process: undefined :instance]
2020-11-07 08:30:10 info: Image jobs started on instance 1 !
2020-11-07 08:31:10 info: [Process: undefined :instance]
2020-11-07 08:31:10 info: Image jobs started on instance 1 !
2020-11-07 08:32:10 info: [Process: undefined :instance]
2020-11-07 08:32:10 info: Image jobs started on instance 1 !
2020-11-07 08:33:10 info: [Process: undefined :instance]
2020-11-07 08:33:10 info: Image jobs started on instance 1 !
2020-11-07 08:34:10 info: [Process: undefined :instance]
2020-11-07 08:34:10 info: Image jobs started on instance 1 !
2020-11-07 08:35:03 info: SIA SERVER IS RUNNING!!!, on   port :8080
2020-11-07 08:35:03 info: Created optimizedImages directory
2020-11-07 08:35:03 info: Created optimizedImages directory
2020-11-07 08:35:03 info: Created originalImages directory
2020-11-07 08:35:10 info: [Process: undefined :instance]
2020-11-07 08:35:10 info: Image jobs started on instance 1 !
2020-11-07 08:35:57 info: SIA SERVER IS RUNNING!!!, on   port :8080
2020-11-07 08:35:57 info: Created optimizedImages directory
2020-11-07 08:35:57 info: Created optimizedImages directory
2020-11-07 08:35:57 info: Created originalImages directory
2020-11-07 08:36:10 info: [Process: undefined :instance]
2020-11-07 08:36:10 info: Image jobs started on instance 1 !
2020-11-07 08:37:10 info: [Process: undefined :instance]
2020-11-07 08:37:10 info: Image jobs started on instance 1 !
2020-11-07 08:38:10 info: [Process: undefined :instance]
2020-11-07 08:38:10 info: Image jobs started on instance 1 !
2020-11-07 08:39:10 info: [Process: undefined :instance]
2020-11-07 08:39:10 info: Image jobs started on instance 1 !
2020-11-07 08:40:10 info: [Process: undefined :instance]
2020-11-07 08:40:10 info: Image jobs started on instance 1 !
2020-11-07 08:41:10 info: [Process: undefined :instance]
2020-11-07 08:41:10 info: Image jobs started on instance 1 !
2020-11-07 08:42:10 info: [Process: undefined :instance]
2020-11-07 08:42:10 info: Image jobs started on instance 1 !
2020-11-07 08:43:10 info: [Process: undefined :instance]
2020-11-07 08:43:10 info: Image jobs started on instance 1 !
2020-11-07 08:44:10 info: [Process: undefined :instance]
2020-11-07 08:44:10 info: Image jobs started on instance 1 !
2020-11-07 08:45:10 info: [Process: undefined :instance]
2020-11-07 08:45:10 info: Image jobs started on instance 1 !
2020-11-07 08:46:10 info: [Process: undefined :instance]
2020-11-07 08:46:10 info: Image jobs started on instance 1 !
2020-11-07 08:47:10 info: [Process: undefined :instance]
2020-11-07 08:47:10 info: Image jobs started on instance 1 !
2020-11-07 08:48:14 info: SIA SERVER IS RUNNING!!!, on   port :8080
2020-11-07 08:48:14 info: Created optimizedImages directory
2020-11-07 08:48:14 info: Created originalImages directory
2020-11-07 08:48:14 info: Created optimizedImages directory
2020-11-07 08:48:32 info: SIA SERVER IS RUNNING!!!, on   port :8080
2020-11-07 08:48:33 info: Created optimizedImages directory
2020-11-07 08:48:33 info: Created optimizedImages directory
2020-11-07 08:48:33 info: Created originalImages directory
2020-11-07 08:49:10 info: [Process: undefined :instance]
2020-11-07 08:49:10 info: Image jobs started on instance 1 !
2020-11-07 08:49:33 info: SIA SERVER IS RUNNING!!!, on   port :8080
2020-11-07 08:49:33 info: Created optimizedImages directory
2020-11-07 08:49:33 info: Created optimizedImages directory
2020-11-07 08:49:33 info: Created originalImages directory
2020-11-07 08:50:10 info: [Process: undefined :instance]
2020-11-07 08:50:10 info: Image jobs started on instance 1 !
2020-11-07 08:50:13 info: SIA SERVER IS RUNNING!!!, on   port :8080
2020-11-07 08:50:13 info: Created optimizedImages directory
2020-11-07 08:50:13 info: Created originalImages directory
2020-11-07 08:50:13 info: Created optimizedImages directory
2020-11-07 08:50:26 info: SIA SERVER IS RUNNING!!!, on   port :8080
2020-11-07 08:50:26 info: Created originalImages directory
2020-11-07 08:50:26 info: Created optimizedImages directory
2020-11-07 08:50:26 info: Created optimizedImages directory
2020-11-07 08:51:10 info: [Process: undefined :instance]
2020-11-07 08:51:10 info: Image jobs started on instance 1 !
2020-11-07 08:52:10 info: [Process: undefined :instance]
2020-11-07 08:52:10 info: Image jobs started on instance 1 !
2020-11-07 08:53:10 info: [Process: undefined :instance]
2020-11-07 08:53:10 info: Image jobs started on instance 1 !
2020-11-07 08:54:10 info: [Process: undefined :instance]
2020-11-07 08:54:10 info: Image jobs started on instance 1 !
2020-11-07 08:55:10 info: [Process: undefined :instance]
2020-11-07 08:55:10 info: Image jobs started on instance 1 !
2020-11-07 08:56:10 info: [Process: undefined :instance]
2020-11-07 08:56:10 info: Image jobs started on instance 1 !
2020-11-07 08:57:10 info: [Process: undefined :instance]
2020-11-07 08:57:10 info: Image jobs started on instance 1 !
2020-11-07 08:58:10 info: [Process: undefined :instance]
2020-11-07 08:58:10 info: Image jobs started on instance 1 !
2020-11-07 08:59:10 info: [Process: undefined :instance]
2020-11-07 08:59:10 info: Image jobs started on instance 1 !
2020-11-07 09:00:10 info: [Process: undefined :instance]
2020-11-07 09:00:10 info: Image jobs started on instance 1 !
2020-11-07 09:01:10 info: [Process: undefined :instance]
2020-11-07 09:01:10 info: Image jobs started on instance 1 !
2020-11-07 09:02:10 info: [Process: undefined :instance]
2020-11-07 09:02:10 info: Image jobs started on instance 1 !
2020-11-07 09:03:10 info: [Process: undefined :instance]
2020-11-07 09:03:10 info: Image jobs started on instance 1 !
2020-11-07 09:04:10 info: [Process: undefined :instance]
2020-11-07 09:04:10 info: Image jobs started on instance 1 !
2020-11-07 09:05:10 info: [Process: undefined :instance]
2020-11-07 09:05:10 info: Image jobs started on instance 1 !
2020-11-07 09:06:10 info: [Process: undefined :instance]
2020-11-07 09:06:10 info: Image jobs started on instance 1 !
2020-11-07 09:07:10 info: [Process: undefined :instance]
2020-11-07 09:07:10 info: Image jobs started on instance 1 !
2020-11-07 09:08:10 info: [Process: undefined :instance]
2020-11-07 09:08:10 info: Image jobs started on instance 1 !
2020-11-07 09:09:10 info: [Process: undefined :instance]
2020-11-07 09:09:10 info: Image jobs started on instance 1 !
2020-11-07 09:10:10 info: [Process: undefined :instance]
2020-11-07 09:10:10 info: Image jobs started on instance 1 !
2020-11-07 09:11:10 info: [Process: undefined :instance]
2020-11-07 09:11:10 info: Image jobs started on instance 1 !
2020-11-07 09:12:10 info: [Process: undefined :instance]
2020-11-07 09:12:10 info: Image jobs started on instance 1 !
2020-11-07 09:13:10 info: [Process: undefined :instance]
2020-11-07 09:13:10 info: Image jobs started on instance 1 !
2020-11-07 09:14:10 info: [Process: undefined :instance]
2020-11-07 09:14:10 info: Image jobs started on instance 1 !
2020-11-07 09:15:10 info: [Process: undefined :instance]
2020-11-07 09:15:10 info: Image jobs started on instance 1 !
2020-11-07 09:16:10 info: [Process: undefined :instance]
2020-11-07 09:16:10 info: Image jobs started on instance 1 !
2020-11-07 09:17:10 info: [Process: undefined :instance]
2020-11-07 09:17:10 info: Image jobs started on instance 1 !
2020-11-07 09:18:10 info: [Process: undefined :instance]
2020-11-07 09:18:10 info: Image jobs started on instance 1 !
2020-11-07 09:19:10 info: [Process: undefined :instance]
2020-11-07 09:19:10 info: Image jobs started on instance 1 !
2020-11-07 09:20:10 info: [Process: undefined :instance]
2020-11-07 09:20:10 info: Image jobs started on instance 1 !
2020-11-07 09:21:10 info: [Process: undefined :instance]
2020-11-07 09:21:10 info: Image jobs started on instance 1 !
2020-11-07 09:22:10 info: [Process: undefined :instance]
2020-11-07 09:22:10 info: Image jobs started on instance 1 !
2020-11-07 09:23:10 info: [Process: undefined :instance]
2020-11-07 09:23:10 info: Image jobs started on instance 1 !
2020-11-07 09:24:10 info: [Process: undefined :instance]
2020-11-07 09:24:10 info: Image jobs started on instance 1 !
2020-11-07 09:25:10 info: [Process: undefined :instance]
2020-11-07 09:25:10 info: Image jobs started on instance 1 !
2020-11-07 09:26:10 info: [Process: undefined :instance]
2020-11-07 09:26:10 info: Image jobs started on instance 1 !
2020-11-07 09:27:10 info: [Process: undefined :instance]
2020-11-07 09:27:10 info: Image jobs started on instance 1 !
2020-11-07 09:28:10 info: [Process: undefined :instance]
2020-11-07 09:28:10 info: Image jobs started on instance 1 !
2020-11-07 09:29:10 info: [Process: undefined :instance]
2020-11-07 09:29:10 info: Image jobs started on instance 1 !
2020-11-07 09:30:10 info: [Process: undefined :instance]
2020-11-07 09:30:10 info: Image jobs started on instance 1 !
2020-11-07 09:31:10 info: [Process: undefined :instance]
2020-11-07 09:31:10 info: Image jobs started on instance 1 !
2020-11-07 09:32:10 info: [Process: undefined :instance]
2020-11-07 09:32:10 info: Image jobs started on instance 1 !
2020-11-07 09:33:10 info: [Process: undefined :instance]
2020-11-07 09:33:10 info: Image jobs started on instance 1 !
2020-11-07 09:34:10 info: [Process: undefined :instance]
2020-11-07 09:34:10 info: Image jobs started on instance 1 !
2020-11-07 09:35:10 info: [Process: undefined :instance]
2020-11-07 09:35:10 info: Image jobs started on instance 1 !
2020-11-07 09:36:10 info: [Process: undefined :instance]
2020-11-07 09:36:10 info: Image jobs started on instance 1 !
2020-11-07 09:37:10 info: [Process: undefined :instance]
2020-11-07 09:37:10 info: Image jobs started on instance 1 !
2020-11-07 09:38:10 info: [Process: undefined :instance]
2020-11-07 09:38:10 info: Image jobs started on instance 1 !
2020-11-07 09:39:10 info: [Process: undefined :instance]
2020-11-07 09:39:10 info: Image jobs started on instance 1 !
2020-11-07 09:40:10 info: [Process: undefined :instance]
2020-11-07 09:40:10 info: Image jobs started on instance 1 !
2020-11-07 14:34:11 info: SIA SERVER IS RUNNING!!!, on   port :8080
2020-11-07 14:34:11 info: Created optimizedImages directory
2020-11-07 14:34:11 info: Created originalImages directory
2020-11-07 14:34:11 info: Created optimizedImages directory
2020-11-07 14:35:10 info: [Process: undefined :instance]
2020-11-07 14:35:10 info: Image jobs started on instance 1 !
2020-11-07 14:36:10 info: [Process: undefined :instance]
2020-11-07 14:36:10 info: Image jobs started on instance 1 !
2020-11-07 14:37:10 info: [Process: undefined :instance]
2020-11-07 14:37:10 info: Image jobs started on instance 1 !
2020-11-07 14:38:10 info: [Process: undefined :instance]
2020-11-07 14:38:10 info: Image jobs started on instance 1 !
